05-jul-2011 2:46:55 org.apache.catalina.core.AprLifecycleListener init
INFO: La biblioteca nativa de Apache Tomcat basada en ARP que permite un rendimiento óptimo en entornos de desarrollo no ha sido hallada en java.library.path: C:\Program Files\Java\jdk1.6.0_25\bin;.;C:\Windows\Sun\Java\bin;C:\Windows\system32;C:\Windows;C:\Program Files\MiKTeX 2.9\miktex\bin;C:\Program Files\Common Files\Microsoft Shared\Windows Live;C:\Windows\system32;C:\Windows;C:\Windows\System32\Wbem;C:\Windows\System32\WindowsPowerShell\v1.0\;C:\Program Files\Windows Live\Shared
05-jul-2011 2:46:56 org.apache.coyote.http11.Http11Protocol init
INFO: Inicializando Coyote HTTP/1.1 en puerto http-8080
05-jul-2011 2:46:56 org.apache.catalina.startup.Catalina load
INFO: Initialization processed in 1356 ms
05-jul-2011 2:46:56 org.apache.catalina.core.StandardService start
INFO: Arrancando servicio Catalina
05-jul-2011 2:46:56 org.apache.catalina.core.StandardEngine start
INFO: Starting Servlet Engine: Apache Tomcat/6.0.29
05-jul-2011 2:46:56 org.apache.catalina.startup.HostConfig deployDescriptor
INFO: Desplieque del descriptor de configuración pentaho.xml
05-jul-2011 2:47:00 org.apache.catalina.startup.ContextConfig validateSecurityRoles
INFO: ATENCIÓN: El nombre de papel de seguridad PENTAHO_ADMIN es usado en un <auth-constraint> sin haber sido definido en <security-role>
05-jul-2011 2:47:21 org.apache.catalina.startup.HostConfig deployDirectory
INFO: Despliegue del directorio mondrian de la aplicación web
05-jul-2011 2:47:22 org.apache.catalina.startup.HostConfig deployDirectory
INFO: Despliegue del directorio pentaho-style de la aplicación web
05-jul-2011 2:47:22 org.apache.catalina.startup.HostConfig deployDirectory
INFO: Despliegue del directorio ROOT de la aplicación web
05-jul-2011 2:47:22 org.apache.catalina.startup.HostConfig deployDirectory
INFO: Despliegue del directorio sw-style de la aplicación web
05-jul-2011 2:47:22 org.apache.coyote.http11.Http11Protocol start
INFO: Arrancando Coyote HTTP/1.1 en puerto http-8080
05-jul-2011 2:47:22 org.apache.jk.common.ChannelSocket init
INFO: JK: ajp13 listening on /0.0.0.0:8009
05-jul-2011 2:47:22 org.apache.jk.server.JkMain start
INFO: Jk running ID=0 time=0/25  config=null
05-jul-2011 2:47:22 org.apache.catalina.startup.Catalina start
INFO: Server startup in 26536 ms
05-jul-2011 4:33:19 org.apache.coyote.http11.Http11Protocol pause
INFO: Pausando Coyote HTTP/1.1 en puerto http-8080
05-jul-2011 4:33:20 org.apache.catalina.core.StandardService stop
INFO: Parando servicio Catalina
05-jul-2011 4:33:21 org.apache.catalina.loader.WebappClassLoader clearReferencesJdbc
GRAVE: The web application [/pentaho] registered the JBDC driver [mondrian.olap4j.MondrianOlap4jDriver] but failed to unregister it when the web application was stopped. To prevent a memory leak, the JDBC Driver has been forcibly unregistered.
05-jul-2011 4:33:21 org.apache.catalina.loader.WebappClassLoader clearReferencesThreads
GRAVE: The web application [/pentaho] appears to have started a thread named [HSQLDB Timer @15b8520] but has failed to stop it. This is very likely to create a memory leak.
05-jul-2011 4:33:21 org.apache.catalina.loader.WebappClassLoader clearReferencesThreads
GRAVE: The web application [/pentaho] appears to have started a thread named [net.sf.ehcache.CacheManager@16b69d7] but has failed to stop it. This is very likely to create a memory leak.
05-jul-2011 4:33:21 org.apache.catalina.loader.WebappClassLoader clearReferencesThreads
GRAVE: The web application [/pentaho] appears to have started a thread named [Store libloader-data Spool Thread] but has failed to stop it. This is very likely to create a memory leak.
05-jul-2011 4:33:21 org.apache.catalina.loader.WebappClassLoader clearReferencesThreads
GRAVE: The web application [/pentaho] appears to have started a thread named [Store pentahoCache Spool Thread] but has failed to stop it. This is very likely to create a memory leak.
05-jul-2011 4:33:21 org.apache.catalina.loader.WebappClassLoader clearReferencesThreads
GRAVE: The web application [/pentaho] appears to have started a thread named [Store mondrian-catalog-cache Spool Thread] but has failed to stop it. This is very likely to create a memory leak.
05-jul-2011 4:33:21 org.apache.catalina.loader.WebappClassLoader clearReferencesThreads
GRAVE: The web application [/pentaho] appears to have started a thread named [Timer-0] but has failed to stop it. This is very likely to create a memory leak.
05-jul-2011 4:33:21 org.apache.catalina.loader.WebappClassLoader clearReferencesThreads
GRAVE: The web application [/pentaho] appears to have started a thread named [net.sf.ehcache.CacheManager@1245e75] but has failed to stop it. This is very likely to create a memory leak.
05-jul-2011 4:33:21 org.apache.catalina.loader.WebappClassLoader clearReferencesThreads
GRAVE: The web application [/pentaho] appears to have started a thread named [Store pentahoCache Spool Thread] but has failed to stop it. This is very likely to create a memory leak.
05-jul-2011 4:33:21 org.apache.catalina.loader.WebappClassLoader clearReferencesThreads
GRAVE: The web application [/pentaho] appears to have started a thread named [Store mondrian-catalog-cache Spool Thread] but has failed to stop it. This is very likely to create a memory leak.
05-jul-2011 4:33:21 org.apache.catalina.loader.WebappClassLoader clearReferencesThreads
GRAVE: The web application [/pentaho] appears to have started a thread named [Store libloader-data Spool Thread] but has failed to stop it. This is very likely to create a memory leak.
05-jul-2011 4:33:21 org.apache.catalina.loader.WebappClassLoader clearReferencesThreads
GRAVE: The web application [/pentaho] appears to have started a thread named [MySQL Statement Cancellation Timer] but has failed to stop it. This is very likely to create a memory leak.
05-jul-2011 4:33:21 org.apache.catalina.loader.WebappClassLoader clearReferencesThreads
GRAVE: The web application [/pentaho] appears to have started a thread named [net.sf.ehcache.CacheManager@1413e5a] but has failed to stop it. This is very likely to create a memory leak.
05-jul-2011 4:33:21 org.apache.catalina.loader.WebappClassLoader clearReferencesThreads
GRAVE: The web application [/pentaho] appears to have started a thread named [Store pentahoCache Spool Thread] but has failed to stop it. This is very likely to create a memory leak.
05-jul-2011 4:33:21 org.apache.catalina.loader.WebappClassLoader clearReferencesThreads
GRAVE: The web application [/pentaho] appears to have started a thread named [Store libloader-data Spool Thread] but has failed to stop it. This is very likely to create a memory leak.
05-jul-2011 4:33:21 org.apache.catalina.loader.WebappClassLoader clearReferencesThreads
GRAVE: The web application [/pentaho] appears to have started a thread named [Store mondrian-catalog-cache Spool Thread] but has failed to stop it. This is very likely to create a memory leak.
05-jul-2011 4:33:21 org.apache.catalina.loader.WebappClassLoader clearReferencesThreads
GRAVE: The web application [/pentaho] appears to have started a thread named [AWT-Windows] but has failed to stop it. This is very likely to create a memory leak.
05-jul-2011 4:33:21 org.apache.catalina.loader.WebappClassLoader clearReferencesThreads
GRAVE: The web application [/pentaho] appears to have started a thread named [org.apache.commons.vfs.cache.SoftRefFilesCache$SoftRefReleaseThread] but has failed to stop it. This is very likely to create a memory leak.
05-jul-2011 4:33:21 org.apache.catalina.loader.WebappClassLoader clearThreadLocalMap
GRAVE: The web application [/pentaho] created a ThreadLocal with key of type [java.lang.InheritableThreadLocal] (value [java.lang.InheritableThreadLocal@1f8a95]) and a value of type [org.pentaho.platform.web.http.session.PentahoHttpSession] (value [org.pentaho.platform.web.http.session.PentahoHttpSession@1d34dbc]) but failed to remove it when the web application was stopped. This is very likely to create a memory leak.
05-jul-2011 4:33:21 org.apache.catalina.loader.WebappClassLoader clearThreadLocalMap
GRAVE: The web application [/pentaho] created a ThreadLocal with key of type [java.lang.InheritableThreadLocal] (value [java.lang.InheritableThreadLocal@c35b09]) and a value of type [org.pentaho.platform.engine.core.system.BasePentahoRequestContext] (value [org.pentaho.platform.engine.core.system.BasePentahoRequestContext@18dca02]) but failed to remove it when the web application was stopped. This is very likely to create a memory leak.
05-jul-2011 4:33:21 org.apache.catalina.loader.WebappClassLoader clearThreadLocalMap
GRAVE: The web application [/pentaho] created a ThreadLocal with key of type [org.apache.log4j.helpers.ThreadLocalMap] (value [org.apache.log4j.helpers.ThreadLocalMap@1c98285]) and a value of type [java.util.Hashtable] (value [{SessionID=224F1B2AA4C1BEC89227607BC2F7B3F9}]) but failed to remove it when the web application was stopped. This is very likely to create a memory leak.
05-jul-2011 4:33:21 org.apache.catalina.loader.WebappClassLoader clearThreadLocalMap
GRAVE: The web application [/pentaho] created a ThreadLocal with key of type [java.lang.ThreadLocal] (value [java.lang.ThreadLocal@980d8e]) and a value of type [org.pentaho.platform.repository.solution.dbbased.DbBasedSolutionRepository] (value [org.pentaho.platform.repository.solution.dbbased.DbBasedSolutionRepository@12b3cc4]) but failed to remove it when the web application was stopped. This is very likely to create a memory leak.
05-jul-2011 4:33:21 org.apache.catalina.loader.WebappClassLoader clearThreadLocalMap
GRAVE: The web application [/pentaho] created a ThreadLocal with key of type [java.lang.ThreadLocal] (value [java.lang.ThreadLocal@a1fe8e]) and a value of type [org.hibernate.impl.SessionImpl] (value [SessionImpl(PersistenceContext[entityKeys=[EntityKey[org.pentaho.platform.repository.solution.dbbased.RepositoryFile#e2d654db-9224-11e0-971d-c91deac9f05c], EntityKey[org.pentaho.platform.repository.solution.dbbased.RepositoryFile#e2d08869-9224-11e0-971d-c91deac9f05c], EntityKey[org.pentaho.platform.repository.solution.dbbased.RepositoryFile#e2d431f4-9224-11e0-971d-c91deac9f05c], EntityKey[org.pentaho.platform.repository.solution.dbbased.RepositoryFile#e2d6a2fd-9224-11e0-971d-c91deac9f05c], EntityKey[org.pentaho.platform.repository.solution.dbbased.RepositoryFile#e2d3478f-9224-11e0-971d-c91deac9f05c], EntityKey[org.pentaho.platform.repository.solution.dbbased.RepositoryFile#e2d36ea0-9224-11e0-971d-c91deac9f05c], EntityKey[org.pentaho.platform.repository.solution.dbbased.RepositoryFile#e2d5dfa9-9224-11e0-971d-c91deac9f05c], EntityKey[org.pentaho.platform.repository.solution.dbbased.RepositoryFile#e2d5b898-9224-11e0-971d-c91deac9f05c], EntityKey[org.pentaho.platform.repository.solution.dbbased.RepositoryFile#e2d98932-9224-11e0-971d-c91deac9f05c], EntityKey[org.pentaho.platform.repository.solution.dbbased.RepositoryFile#e2d3bcc2-9224-11e0-971d-c91deac9f05c], EntityKey[org.pentaho.platform.repository.solution.dbbased.RepositoryFile#e2db5df3-9224-11e0-971d-c91deac9f05c], EntityKey[org.pentaho.platform.repository.solution.dbbased.RepositoryFile#e2d8ecef-9224-11e0-971d-c91deac9f05c], EntityKey[org.pentaho.platform.repository.solution.dbbased.RepositoryFile#e2d2843b-9224-11e0-971d-c91deac9f05c], EntityKey[org.pentaho.platform.repository.solution.dbbased.RepositoryFile#e2d395b1-9224-11e0-971d-c91deac9f05c], EntityKey[org.pentaho.platform.repository.solution.dbbased.RepositoryFile#e2d3207e-9224-11e0-971d-c91deac9f05c], EntityKey[org.pentaho.platform.repository.solution.dbbased.RepositoryFile#e11914a3-9224-11e0-971d-c91deac9f05c], EntityKey[org.pentaho.platform.repository.solution.dbbased.RepositoryFile#e11a7483-9224-11e0-971d-c91deac9f05c], EntityKey[org.pentaho.platform.repository.solution.dbbased.RepositoryFile#e2d93b10-9224-11e0-971d-c91deac9f05c], EntityKey[org.pentaho.platform.repository.solution.dbbased.RepositoryFile#e2d45905-9224-11e0-971d-c91deac9f05c], EntityKey[org.pentaho.platform.repository.solution.dbbased.RepositoryFile#e2d06158-9224-11e0-971d-c91deac9f05c], EntityKey[org.pentaho.platform.repository.solution.dbbased.RepositoryFile#e2d25d2a-9224-11e0-971d-c91deac9f05c], EntityKey[org.pentaho.platform.repository.solution.dbbased.RepositoryFile#e2d96221-9224-11e0-971d-c91deac9f05c], EntityKey[org.pentaho.platform.repository.solution.dbbased.RepositoryFile#e2d2f96d-9224-11e0-971d-c91deac9f05c], EntityKey[org.pentaho.platform.repository.solution.dbbased.RepositoryFile#e0e5335e-9224-11e0-971d-c91deac9f05c], EntityKey[org.pentaho.platform.repository.solution.dbbased.RepositoryFile#e2d40ae3-9224-11e0-971d-c91deac9f05c], EntityKey[org.pentaho.platform.repository.solution.dbbased.RepositoryFile#e2d67bec-9224-11e0-971d-c91deac9f05c], EntityKey[org.pentaho.platform.repository.solution.dbbased.RepositoryFile#e2d48016-9224-11e0-971d-c91deac9f05c], EntityKey[org.pentaho.platform.repository.solution.dbbased.RepositoryFile#e2d6ca0e-9224-11e0-971d-c91deac9f05c], EntityKey[org.pentaho.platform.repository.solution.dbbased.RepositoryFile#e2d2ab4c-9224-11e0-971d-c91deac9f05c], EntityKey[org.pentaho.platform.repository.solution.dbbased.RepositoryFile#e2d4a727-9224-11e0-971d-c91deac9f05c], EntityKey[org.pentaho.platform.repository.solution.dbbased.RepositoryFile#e2dbd325-9224-11e0-971d-c91deac9f05c], EntityKey[org.pentaho.platform.repository.solution.dbbased.RepositoryFile#e2db8504-9224-11e0-971d-c91deac9f05c], EntityKey[org.pentaho.platform.repository.solution.dbbased.RepositoryFile#e2d62dca-9224-11e0-971d-c91deac9f05c]],collectionKeys=[CollectionKey[org.pentaho.platform.repository.solution.dbbased.RepositoryFile.accessControls#e2d67bec-9224-11e0-971d-c91deac9f05c], CollectionKey[org.pentaho.platform.repository.solution.dbbased.RepositoryFile.accessControls#e2d3207e-9224-11e0-971d-c91deac9f05c], CollectionKey[org.pentaho.platform.repository.solution.dbbased.RepositoryFile.childrenFiles#e11a7483-9224-11e0-971d-c91deac9f05c], CollectionKey[org.pentaho.platform.repository.solution.dbbased.RepositoryFile.accessControls#e2d2ab4c-9224-11e0-971d-c91deac9f05c], CollectionKey[org.pentaho.platform.repository.solution.dbbased.RepositoryFile.accessControls#e2d3478f-9224-11e0-971d-c91deac9f05c], CollectionKey[org.pentaho.platform.repository.solution.dbbased.RepositoryFile.accessControls#e2d6ca0e-9224-11e0-971d-c91deac9f05c], CollectionKey[org.pentaho.platform.repository.solution.dbbased.RepositoryFile.accessControls#e2d5b898-9224-11e0-971d-c91deac9f05c], CollectionKey[org.pentaho.platform.repository.solution.dbbased.RepositoryFile.childrenFiles#e2d98932-9224-11e0-971d-c91deac9f05c], CollectionKey[org.pentaho.platform.repository.solution.dbbased.RepositoryFile.childrenFiles#e2d25d2a-9224-11e0-971d-c91deac9f05c], CollectionKey[org.pentaho.platform.repository.solution.dbbased.RepositoryFile.accessControls#e2d5dfa9-9224-11e0-971d-c91deac9f05c], CollectionKey[org.pentaho.platform.repository.solution.dbbased.RepositoryFile.childrenFiles#e2d62dca-9224-11e0-971d-c91deac9f05c], CollectionKey[org.pentaho.platform.repository.solution.dbbased.RepositoryFile.childrenFiles#e2d2843b-9224-11e0-971d-c91deac9f05c], CollectionKey[org.pentaho.platform.repository.solution.dbbased.RepositoryFile.childrenFiles#e2d4a727-9224-11e0-971d-c91deac9f05c], CollectionKey[org.pentaho.platform.repository.solution.dbbased.RepositoryFile.childrenFiles#e2d93b10-9224-11e0-971d-c91deac9f05c], CollectionKey[org.pentaho.platform.repository.solution.dbbased.RepositoryFile.childrenFiles#e2d2f96d-9224-11e0-971d-c91deac9f05c], CollectionKey[org.pentaho.platform.repository.solution.dbbased.RepositoryFile.childrenFiles#e2d5dfa9-9224-11e0-971d-c91deac9f05c], CollectionKey[org.pentaho.platform.repository.solution.dbbased.RepositoryFile.accessControls#e2d395b1-9224-11e0-971d-c91deac9f05c], CollectionKey[org.pentaho.platform.repository.solution.dbbased.RepositoryFile.childrenFiles#e2d06158-9224-11e0-971d-c91deac9f05c], CollectionKey[org.pentaho.platform.repository.solution.dbbased.RepositoryFile.childrenFiles#e2d654db-9224-11e0-971d-c91deac9f05c], CollectionKey[org.pentaho.platform.repository.solution.dbbased.RepositoryFile.accessControls#e2d06158-9224-11e0-971d-c91deac9f05c], CollectionKey[org.pentaho.platform.repository.solution.dbbased.RepositoryFile.childrenFiles#e2db8504-9224-11e0-971d-c91deac9f05c], CollectionKey[org.pentaho.platform.repository.solution.dbbased.RepositoryFile.childrenFiles#e2d08869-9224-11e0-971d-c91deac9f05c], CollectionKey[org.pentaho.platform.repository.solution.dbbased.RepositoryFile.childrenFiles#e2d40ae3-9224-11e0-971d-c91deac9f05c], CollectionKey[org.pentaho.platform.repository.solution.dbbased.RepositoryFile.accessControls#e2d6a2fd-9224-11e0-971d-c91deac9f05c], CollectionKey[org.pentaho.platform.repository.solution.dbbased.RepositoryFile.childrenFiles#e2d45905-9224-11e0-971d-c91deac9f05c], CollectionKey[org.pentaho.platform.repository.solution.dbbased.RepositoryFile.accessControls#e2db5df3-9224-11e0-971d-c91deac9f05c], CollectionKey[org.pentaho.platform.repository.solution.dbbased.RepositoryFile.accessControls#e2d98932-9224-11e0-971d-c91deac9f05c], CollectionKey[org.pentaho.platform.repository.solution.dbbased.RepositoryFile.accessControls#e2d2f96d-9224-11e0-971d-c91deac9f05c], CollectionKey[org.pentaho.platform.repository.solution.dbbased.RepositoryFile.childrenFiles#e2d431f4-9224-11e0-971d-c91deac9f05c], CollectionKey[org.pentaho.platform.repository.solution.dbbased.RepositoryFile.childrenFiles#e2d2ab4c-9224-11e0-971d-c91deac9f05c], CollectionKey[org.pentaho.platform.repository.solution.dbbased.RepositoryFile.accessControls#e11914a3-9224-11e0-971d-c91deac9f05c], CollectionKey[org.pentaho.platform.repository.solution.dbbased.RepositoryFile.childrenFiles#e2db5df3-9224-11e0-971d-c91deac9f05c], CollectionKey[org.pentaho.platform.repository.solution.dbbased.RepositoryFile.childrenFiles#e2d3bcc2-9224-11e0-971d-c91deac9f05c], CollectionKey[org.pentaho.platform.repository.solution.dbbased.RepositoryFile.childrenFiles#e2d8ecef-9224-11e0-971d-c91deac9f05c], CollectionKey[org.pentaho.platform.repository.solution.dbbased.RepositoryFile.accessControls#e2d48016-9224-11e0-971d-c91deac9f05c], CollectionKey[org.pentaho.platform.repository.solution.dbbased.RepositoryFile.accessControls#e2d4a727-9224-11e0-971d-c91deac9f05c], CollectionKey[org.pentaho.platform.repository.solution.dbbased.RepositoryFile.accessControls#e2dbd325-9224-11e0-971d-c91deac9f05c], CollectionKey[org.pentaho.platform.repository.solution.dbbased.RepositoryFile.childrenFiles#e0e5335e-9224-11e0-971d-c91deac9f05c], CollectionKey[org.pentaho.platform.repository.solution.dbbased.RepositoryFile.accessControls#e2d96221-9224-11e0-971d-c91deac9f05c], CollectionKey[org.pentaho.platform.repository.solution.dbbased.RepositoryFile.accessControls#e2d25d2a-9224-11e0-971d-c91deac9f05c], CollectionKey[org.pentaho.platform.repository.solution.dbbased.RepositoryFile.accessControls#e2d62dca-9224-11e0-971d-c91deac9f05c], CollectionKey[org.pentaho.platform.repository.solution.dbbased.RepositoryFile.accessControls#e2d431f4-9224-11e0-971d-c91deac9f05c], CollectionKey[org.pentaho.platform.repository.solution.dbbased.RepositoryFile.childrenFiles#e2d3207e-9224-11e0-971d-c91deac9f05c], CollectionKey[org.pentaho.platform.repository.solution.dbbased.RepositoryFile.childrenFiles#e2d6a2fd-9224-11e0-971d-c91deac9f05c], CollectionKey[org.pentaho.platform.repository.solution.dbbased.RepositoryFile.accessControls#e2d2843b-9224-11e0-971d-c91deac9f05c], CollectionKey[org.pentaho.platform.repository.solution.dbbased.RepositoryFile.childrenFiles#e2d5b898-9224-11e0-971d-c91deac9f05c], CollectionKey[org.pentaho.platform.repository.solution.dbbased.RepositoryFile.childrenFiles#e2dbd325-9224-11e0-971d-c91deac9f05c], CollectionKey[org.pentaho.platform.repository.solution.dbbased.RepositoryFile.childrenFiles#e2d3478f-9224-11e0-971d-c91deac9f05c], CollectionKey[org.pentaho.platform.repository.solution.dbbased.RepositoryFile.childrenFiles#e11914a3-9224-11e0-971d-c91deac9f05c], CollectionKey[org.pentaho.platform.repository.solution.dbbased.RepositoryFile.accessControls#e11a7483-9224-11e0-971d-c91deac9f05c], CollectionKey[org.pentaho.platform.repository.solution.dbbased.RepositoryFile.accessControls#e2d93b10-9224-11e0-971d-c91deac9f05c], CollectionKey[org.pentaho.platform.repository.solution.dbbased.RepositoryFile.accessControls#e2d36ea0-9224-11e0-971d-c91deac9f05c], CollectionKey[org.pentaho.platform.repository.solution.dbbased.RepositoryFile.accessControls#e2d45905-9224-11e0-971d-c91deac9f05c], CollectionKey[org.pentaho.platform.repository.solution.dbbased.RepositoryFile.childrenFiles#e2d48016-9224-11e0-971d-c91deac9f05c], CollectionKey[org.pentaho.platform.repository.solution.dbbased.RepositoryFile.childrenFiles#e2d36ea0-9224-11e0-971d-c91deac9f05c], CollectionKey[org.pentaho.platform.repository.solution.dbbased.RepositoryFile.accessControls#e2d08869-9224-11e0-971d-c91deac9f05c], CollectionKey[org.pentaho.platform.repository.solution.dbbased.RepositoryFile.accessControls#e0e5335e-9224-11e0-971d-c91deac9f05c], CollectionKey[org.pentaho.platform.repository.solution.dbbased.RepositoryFile.accessControls#e2d8ecef-9224-11e0-971d-c91deac9f05c], CollectionKey[org.pentaho.platform.repository.solution.dbbased.RepositoryFile.accessControls#e2db8504-9224-11e0-971d-c91deac9f05c], CollectionKey[org.pentaho.platform.repository.solution.dbbased.RepositoryFile.childrenFiles#e2d395b1-9224-11e0-971d-c91deac9f05c], CollectionKey[org.pentaho.platform.repository.solution.dbbased.RepositoryFile.accessControls#e2d3bcc2-9224-11e0-971d-c91deac9f05c], CollectionKey[org.pentaho.platform.repository.solution.dbbased.RepositoryFile.accessControls#e2d654db-9224-11e0-971d-c91deac9f05c], CollectionKey[org.pentaho.platform.repository.solution.dbbased.RepositoryFile.childrenFiles#e2d6ca0e-9224-11e0-971d-c91deac9f05c], CollectionKey[org.pentaho.platform.repository.solution.dbbased.RepositoryFile.accessControls#e2d40ae3-9224-11e0-971d-c91deac9f05c], CollectionKey[org.pentaho.platform.repository.solution.dbbased.RepositoryFile.childrenFiles#e2d96221-9224-11e0-971d-c91deac9f05c], CollectionKey[org.pentaho.platform.repository.solution.dbbased.RepositoryFile.childrenFiles#e2d67bec-9224-11e0-971d-c91deac9f05c]]];ActionQueue[insertions=[] updates=[] deletions=[] collectionCreations=[] collectionRemovals=[] collectionUpdates=[]])]) but failed to remove it when the web application was stopped. This is very likely to create a memory leak.
05-jul-2011 4:33:21 org.apache.catalina.loader.WebappClassLoader clearThreadLocalMap
GRAVE: The web application [/pentaho] created a ThreadLocal with key of type [java.lang.ThreadLocal] (value [java.lang.ThreadLocal@14f44f6]) and a value of type [org.pentaho.platform.engine.core.system.StandaloneSession] (value [org.pentaho.platform.engine.core.system.StandaloneSession@843e34]) but failed to remove it when the web application was stopped. This is very likely to create a memory leak.
05-jul-2011 4:33:21 org.apache.catalina.loader.WebappClassLoader clearThreadLocalMap
GRAVE: The web application [/pentaho] created a ThreadLocal with key of type [java.lang.ThreadLocal] (value [java.lang.ThreadLocal@138aa8a]) and a value of type [org.pentaho.platform.engine.security.session.TrustedSystemStartupSession] (value [org.pentaho.platform.engine.security.session.TrustedSystemStartupSession@59f5]) but failed to remove it when the web application was stopped. This is very likely to create a memory leak.
05-jul-2011 4:33:21 org.apache.catalina.loader.WebappClassLoader clearThreadLocalMap
GRAVE: The web application [/pentaho] created a ThreadLocal with key of type [null] (value [org.pentaho.platform.plugin.services.pluginmgr.PluginMessageLogger$1@1448311]) and a value of type [java.util.ArrayList] (value [[Discovered plugin Pentaho Data Access in data-access, This plugin provides: 0 menu customizations, 0 content types, 0 content generators, 0 overlays, and 0 lifecycle listeners, Discovered plugin BI Server default plugin in default-plugin, This plugin provides: 0 menu customizations, 0 content types, 3 content generators, 0 overlays, and 0 lifecycle listeners, Discovered plugin Pentaho Community Dashboard Framework in pentaho-cdf, Content type registered: xcdf - Dashboard, This plugin provides: 0 menu customizations, 1 content types, 1 content generators, 0 overlays, and 1 lifecycle listeners, Discovered plugin Pentaho Reporting Plugin in reporting, Content type registered: prpt - Pentaho Report, This plugin provides: 0 menu customizations, 1 content types, 1 content generators, 0 overlays, and 1 lifecycle listeners, Plugin Pentaho Data Access has registered successfully, Content generator registered: ws-services for plugin BI Server default plugin, Content generator registered: ws-run for plugin BI Server default plugin, Content generator registered: ws-wsdl for plugin BI Server default plugin, Plugin BI Server default plugin has registered successfully, Content generator registered: pentaho-cdf for plugin Pentaho Community Dashboard Framework, Plugin Pentaho Community Dashboard Framework has registered successfully, Content generator registered: reporting for plugin Pentaho Reporting Plugin, Plugin Pentaho Reporting Plugin has registered successfully]]) but failed to remove it when the web application was stopped. This is very likely to create a memory leak.
05-jul-2011 4:33:21 org.apache.catalina.loader.WebappClassLoader clearThreadLocalMap
GRAVE: The web application [/pentaho] created a ThreadLocal with key of type [java.lang.InheritableThreadLocal] (value [java.lang.InheritableThreadLocal@1f8a95]) and a value of type [org.pentaho.platform.engine.security.session.TrustedSystemStartupSession] (value [org.pentaho.platform.engine.security.session.TrustedSystemStartupSession@1703484]) but failed to remove it when the web application was stopped. This is very likely to create a memory leak.
05-jul-2011 4:33:21 org.apache.catalina.loader.WebappClassLoader clearThreadLocalMap
GRAVE: The web application [/pentaho] created a ThreadLocal with key of type [java.lang.InheritableThreadLocal] (value [java.lang.InheritableThreadLocal@1f8a95]) and a value of type [org.pentaho.platform.engine.security.session.TrustedSystemStartupSession] (value [org.pentaho.platform.engine.security.session.TrustedSystemStartupSession@1703484]) but failed to remove it when the web application was stopped. This is very likely to create a memory leak.
05-jul-2011 4:33:21 org.apache.catalina.loader.WebappClassLoader clearThreadLocalMap
GRAVE: The web application [/pentaho] created a ThreadLocal with key of type [java.lang.InheritableThreadLocal] (value [java.lang.InheritableThreadLocal@1f8a95]) and a value of type [org.pentaho.platform.engine.security.session.TrustedSystemStartupSession] (value [org.pentaho.platform.engine.security.session.TrustedSystemStartupSession@1703484]) but failed to remove it when the web application was stopped. This is very likely to create a memory leak.
05-jul-2011 4:33:21 org.apache.catalina.loader.WebappClassLoader clearThreadLocalMap
GRAVE: The web application [/pentaho] created a ThreadLocal with key of type [java.lang.InheritableThreadLocal] (value [java.lang.InheritableThreadLocal@1f8a95]) and a value of type [org.pentaho.platform.engine.security.session.TrustedSystemStartupSession] (value [org.pentaho.platform.engine.security.session.TrustedSystemStartupSession@1703484]) but failed to remove it when the web application was stopped. This is very likely to create a memory leak.
05-jul-2011 4:33:21 org.apache.catalina.loader.WebappClassLoader clearThreadLocalMap
GRAVE: The web application [/pentaho] created a ThreadLocal with key of type [java.lang.InheritableThreadLocal] (value [java.lang.InheritableThreadLocal@1f8a95]) and a value of type [org.pentaho.platform.engine.security.session.TrustedSystemStartupSession] (value [org.pentaho.platform.engine.security.session.TrustedSystemStartupSession@1703484]) but failed to remove it when the web application was stopped. This is very likely to create a memory leak.
05-jul-2011 4:33:21 org.apache.catalina.loader.WebappClassLoader clearThreadLocalMap
GRAVE: The web application [/pentaho] created a ThreadLocal with key of type [java.lang.InheritableThreadLocal] (value [java.lang.InheritableThreadLocal@1f8a95]) and a value of type [org.pentaho.platform.engine.security.session.TrustedSystemStartupSession] (value [org.pentaho.platform.engine.security.session.TrustedSystemStartupSession@1703484]) but failed to remove it when the web application was stopped. This is very likely to create a memory leak.
05-jul-2011 4:33:21 org.apache.catalina.loader.WebappClassLoader clearThreadLocalMap
GRAVE: The web application [/pentaho] created a ThreadLocal with key of type [java.lang.InheritableThreadLocal] (value [java.lang.InheritableThreadLocal@1f8a95]) and a value of type [org.pentaho.platform.engine.security.session.TrustedSystemStartupSession] (value [org.pentaho.platform.engine.security.session.TrustedSystemStartupSession@1703484]) but failed to remove it when the web application was stopped. This is very likely to create a memory leak.
05-jul-2011 4:33:21 org.apache.catalina.loader.WebappClassLoader clearThreadLocalMap
GRAVE: The web application [/pentaho] created a ThreadLocal with key of type [java.lang.InheritableThreadLocal] (value [java.lang.InheritableThreadLocal@1f8a95]) and a value of type [org.pentaho.platform.engine.security.session.TrustedSystemStartupSession] (value [org.pentaho.platform.engine.security.session.TrustedSystemStartupSession@1703484]) but failed to remove it when the web application was stopped. This is very likely to create a memory leak.
05-jul-2011 4:33:21 org.apache.catalina.loader.WebappClassLoader clearThreadLocalMap
GRAVE: The web application [/pentaho] created a ThreadLocal with key of type [java.lang.InheritableThreadLocal] (value [java.lang.InheritableThreadLocal@1f8a95]) and a value of type [org.pentaho.platform.engine.security.session.TrustedSystemStartupSession] (value [org.pentaho.platform.engine.security.session.TrustedSystemStartupSession@1703484]) but failed to remove it when the web application was stopped. This is very likely to create a memory leak.
05-jul-2011 4:33:21 org.apache.catalina.loader.WebappClassLoader clearThreadLocalMap
GRAVE: The web application [/pentaho] created a ThreadLocal with key of type [java.lang.InheritableThreadLocal] (value [java.lang.InheritableThreadLocal@1f8a95]) and a value of type [org.pentaho.platform.engine.security.session.TrustedSystemStartupSession] (value [org.pentaho.platform.engine.security.session.TrustedSystemStartupSession@1703484]) but failed to remove it when the web application was stopped. This is very likely to create a memory leak.
05-jul-2011 4:33:21 org.apache.catalina.loader.WebappClassLoader clearThreadLocalMap
GRAVE: The web application [/pentaho] created a ThreadLocal with key of type [java.lang.InheritableThreadLocal] (value [java.lang.InheritableThreadLocal@1f8a95]) and a value of type [org.pentaho.platform.engine.security.session.TrustedSystemStartupSession] (value [org.pentaho.platform.engine.security.session.TrustedSystemStartupSession@1703484]) but failed to remove it when the web application was stopped. This is very likely to create a memory leak.
05-jul-2011 4:33:21 org.apache.catalina.loader.WebappClassLoader clearThreadLocalMap
GRAVE: The web application [/pentaho] created a ThreadLocal with key of type [java.lang.InheritableThreadLocal] (value [java.lang.InheritableThreadLocal@1f8a95]) and a value of type [org.pentaho.platform.engine.security.session.TrustedSystemStartupSession] (value [org.pentaho.platform.engine.security.session.TrustedSystemStartupSession@1703484]) but failed to remove it when the web application was stopped. This is very likely to create a memory leak.
05-jul-2011 4:33:21 org.apache.catalina.loader.WebappClassLoader clearThreadLocalMap
GRAVE: The web application [/pentaho] created a ThreadLocal with key of type [java.lang.InheritableThreadLocal] (value [java.lang.InheritableThreadLocal@1f8a95]) and a value of type [org.pentaho.platform.engine.security.session.TrustedSystemStartupSession] (value [org.pentaho.platform.engine.security.session.TrustedSystemStartupSession@1703484]) but failed to remove it when the web application was stopped. This is very likely to create a memory leak.
05-jul-2011 4:33:21 org.apache.catalina.loader.WebappClassLoader clearThreadLocalMap
GRAVE: The web application [/pentaho] created a ThreadLocal with key of type [java.lang.InheritableThreadLocal] (value [java.lang.InheritableThreadLocal@1f8a95]) and a value of type [org.pentaho.platform.engine.security.session.TrustedSystemStartupSession] (value [org.pentaho.platform.engine.security.session.TrustedSystemStartupSession@1703484]) but failed to remove it when the web application was stopped. This is very likely to create a memory leak.
05-jul-2011 4:33:21 org.apache.catalina.loader.WebappClassLoader clearThreadLocalMap
GRAVE: The web application [/pentaho] created a ThreadLocal with key of type [java.lang.ThreadLocal] (value [java.lang.ThreadLocal@980d8e]) and a value of type [org.pentaho.platform.repository.solution.dbbased.DbBasedSolutionRepository] (value [org.pentaho.platform.repository.solution.dbbased.DbBasedSolutionRepository@1b9e0f3]) but failed to remove it when the web application was stopped. This is very likely to create a memory leak.
05-jul-2011 4:33:21 org.apache.catalina.loader.WebappClassLoader clearThreadLocalMap
GRAVE: The web application [/pentaho] created a ThreadLocal with key of type [java.lang.ThreadLocal] (value [java.lang.ThreadLocal@4d6016]) and a value of type [org.pentaho.platform.web.http.session.PentahoHttpSession] (value [org.pentaho.platform.web.http.session.PentahoHttpSession@1d34dbc]) but failed to remove it when the web application was stopped. This is very likely to create a memory leak.
05-jul-2011 4:33:21 org.apache.catalina.loader.WebappClassLoader clearThreadLocalMap
GRAVE: The web application [/pentaho] created a ThreadLocal with key of type [java.lang.ThreadLocal] (value [java.lang.ThreadLocal@980d8e]) and a value of type [org.pentaho.platform.repository.solution.dbbased.DbBasedSolutionRepository] (value [org.pentaho.platform.repository.solution.dbbased.DbBasedSolutionRepository@1b9e0f3]) but failed to remove it when the web application was stopped. This is very likely to create a memory leak.
05-jul-2011 4:33:21 org.apache.catalina.loader.WebappClassLoader clearThreadLocalMap
GRAVE: The web application [/pentaho] created a ThreadLocal with key of type [java.lang.ThreadLocal] (value [java.lang.ThreadLocal@4d6016]) and a value of type [org.pentaho.platform.engine.security.session.TrustedSystemStartupSession] (value [org.pentaho.platform.engine.security.session.TrustedSystemStartupSession@c12f17]) but failed to remove it when the web application was stopped. This is very likely to create a memory leak.
05-jul-2011 4:33:21 org.apache.catalina.loader.WebappClassLoader clearThreadLocalMap
GRAVE: The web application [/pentaho] created a ThreadLocal with key of type [java.lang.ThreadLocal] (value [java.lang.ThreadLocal@1df709d]) and a value of type [org.pentaho.platform.web.http.session.PentahoHttpSession] (value [org.pentaho.platform.web.http.session.PentahoHttpSession@216f80]) but failed to remove it when the web application was stopped. This is very likely to create a memory leak.
05-jul-2011 4:33:21 org.apache.catalina.loader.WebappClassLoader clearThreadLocalMap
GRAVE: The web application [/pentaho] created a ThreadLocal with key of type [null] (value [mondrian.rolap.RolapStar$3@5a8dd3]) and a value of type [java.util.ArrayList] (value [[]]) but failed to remove it when the web application was stopped. This is very likely to create a memory leak.
05-jul-2011 4:33:21 org.apache.catalina.loader.WebappClassLoader clearThreadLocalMap
GRAVE: The web application [/pentaho] created a ThreadLocal with key of type [java.lang.ThreadLocal] (value [java.lang.ThreadLocal@11519e0]) and a value of type [org.pentaho.platform.web.http.session.PentahoHttpSession] (value [org.pentaho.platform.web.http.session.PentahoHttpSession@12aa3eb]) but failed to remove it when the web application was stopped. This is very likely to create a memory leak.
05-jul-2011 4:33:21 org.apache.catalina.loader.WebappClassLoader clearThreadLocalMap
GRAVE: The web application [/pentaho] created a ThreadLocal with key of type [null] (value [mondrian.rolap.RolapStar$2@55ecc3]) and a value of type [java.util.HashMap] (value [{}]) but failed to remove it when the web application was stopped. This is very likely to create a memory leak.
05-jul-2011 4:33:21 org.apache.catalina.loader.WebappClassLoader clearThreadLocalMap
GRAVE: The web application [/pentaho] created a ThreadLocal with key of type [org.apache.log4j.helpers.ThreadLocalMap] (value [org.apache.log4j.helpers.ThreadLocalMap@1c98285]) and a value of type [java.util.Hashtable] (value [{SessionID=224F1B2AA4C1BEC89227607BC2F7B3F9}]) but failed to remove it when the web application was stopped. This is very likely to create a memory leak.
05-jul-2011 4:33:21 org.apache.catalina.loader.WebappClassLoader clearThreadLocalMap
GRAVE: The web application [/pentaho] created a ThreadLocal with key of type [java.lang.ThreadLocal] (value [java.lang.ThreadLocal@980d8e]) and a value of type [org.pentaho.platform.repository.solution.dbbased.DbBasedSolutionRepository] (value [org.pentaho.platform.repository.solution.dbbased.DbBasedSolutionRepository@53c992]) but failed to remove it when the web application was stopped. This is very likely to create a memory leak.
05-jul-2011 4:33:21 org.apache.catalina.loader.WebappClassLoader clearThreadLocalMap
GRAVE: The web application [/pentaho] created a ThreadLocal with key of type [null] (value [mondrian.rolap.RolapStar$3@1af5958]) and a value of type [java.util.ArrayList] (value [[]]) but failed to remove it when the web application was stopped. This is very likely to create a memory leak.
05-jul-2011 4:33:21 org.apache.catalina.loader.WebappClassLoader clearThreadLocalMap
GRAVE: The web application [/pentaho] created a ThreadLocal with key of type [java.lang.ThreadLocal] (value [java.lang.ThreadLocal@4d6016]) and a value of type [org.pentaho.platform.engine.security.session.TrustedSystemStartupSession] (value [org.pentaho.platform.engine.security.session.TrustedSystemStartupSession@d2f6a6]) but failed to remove it when the web application was stopped. This is very likely to create a memory leak.
05-jul-2011 4:33:21 org.apache.catalina.loader.WebappClassLoader clearThreadLocalMap
GRAVE: The web application [/pentaho] created a ThreadLocal with key of type [java.lang.ThreadLocal] (value [java.lang.ThreadLocal@112a666]) and a value of type [org.pentaho.platform.web.http.session.PentahoHttpSession] (value [org.pentaho.platform.web.http.session.PentahoHttpSession@1f7c01d]) but failed to remove it when the web application was stopped. This is very likely to create a memory leak.
05-jul-2011 4:33:21 org.apache.catalina.loader.WebappClassLoader clearThreadLocalMap
GRAVE: The web application [/pentaho] created a ThreadLocal with key of type [null] (value [mondrian.rolap.RolapStar$3@5a8dd3]) and a value of type [java.util.ArrayList] (value [[]]) but failed to remove it when the web application was stopped. This is very likely to create a memory leak.
05-jul-2011 4:33:21 org.apache.catalina.loader.WebappClassLoader clearThreadLocalMap
GRAVE: The web application [/pentaho] created a ThreadLocal with key of type [null] (value [mondrian.rolap.RolapStar$2@16a858d]) and a value of type [java.util.HashMap] (value [{}]) but failed to remove it when the web application was stopped. This is very likely to create a memory leak.
05-jul-2011 4:33:21 org.apache.catalina.loader.WebappClassLoader clearThreadLocalMap
GRAVE: The web application [/pentaho] created a ThreadLocal with key of type [null] (value [mondrian.rolap.RolapStar$3@662313]) and a value of type [java.util.ArrayList] (value [[]]) but failed to remove it when the web application was stopped. This is very likely to create a memory leak.
05-jul-2011 4:33:21 org.apache.catalina.loader.WebappClassLoader clearThreadLocalMap
GRAVE: The web application [/pentaho] created a ThreadLocal with key of type [null] (value [mondrian.rolap.RolapStar$2@188c3fc]) and a value of type [java.util.HashMap] (value [{}]) but failed to remove it when the web application was stopped. This is very likely to create a memory leak.
05-jul-2011 4:33:21 org.apache.catalina.loader.WebappClassLoader clearThreadLocalMap
GRAVE: The web application [/pentaho] created a ThreadLocal with key of type [java.lang.ThreadLocal] (value [java.lang.ThreadLocal@1faf807]) and a value of type [org.pentaho.platform.engine.security.session.TrustedSystemStartupSession] (value [org.pentaho.platform.engine.security.session.TrustedSystemStartupSession@e04c3f]) but failed to remove it when the web application was stopped. This is very likely to create a memory leak.
05-jul-2011 4:33:21 org.apache.catalina.loader.WebappClassLoader clearThreadLocalMap
GRAVE: The web application [/pentaho] created a ThreadLocal with key of type [null] (value [mondrian.rolap.RolapStar$2@55ecc3]) and a value of type [java.util.HashMap] (value [{}]) but failed to remove it when the web application was stopped. This is very likely to create a memory leak.
05-jul-2011 4:33:21 org.apache.catalina.loader.WebappClassLoader clearThreadLocalMap
GRAVE: The web application [/pentaho] created a ThreadLocal with key of type [org.apache.log4j.helpers.ThreadLocalMap] (value [org.apache.log4j.helpers.ThreadLocalMap@1c98285]) and a value of type [java.util.Hashtable] (value [{SessionID=224F1B2AA4C1BEC89227607BC2F7B3F9}]) but failed to remove it when the web application was stopped. This is very likely to create a memory leak.
05-jul-2011 4:33:21 org.apache.catalina.loader.WebappClassLoader clearThreadLocalMap
GRAVE: The web application [/pentaho] created a ThreadLocal with key of type [java.lang.ThreadLocal] (value [java.lang.ThreadLocal@980d8e]) and a value of type [org.pentaho.platform.repository.solution.dbbased.DbBasedSolutionRepository] (value [org.pentaho.platform.repository.solution.dbbased.DbBasedSolutionRepository@1f7ebbf]) but failed to remove it when the web application was stopped. This is very likely to create a memory leak.
05-jul-2011 4:33:21 org.apache.catalina.loader.WebappClassLoader clearThreadLocalMap
GRAVE: The web application [/pentaho] created a ThreadLocal with key of type [java.lang.ThreadLocal] (value [java.lang.ThreadLocal@4d6016]) and a value of type [org.pentaho.platform.web.http.session.PentahoHttpSession] (value [org.pentaho.platform.web.http.session.PentahoHttpSession@1d34dbc]) but failed to remove it when the web application was stopped. This is very likely to create a memory leak.
05-jul-2011 4:33:21 org.apache.catalina.loader.WebappClassLoader clearThreadLocalMap
GRAVE: The web application [/pentaho] created a ThreadLocal with key of type [java.lang.ThreadLocal] (value [java.lang.ThreadLocal@c6ec53]) and a value of type [org.pentaho.platform.engine.security.session.TrustedSystemStartupSession] (value [org.pentaho.platform.engine.security.session.TrustedSystemStartupSession@14202e7]) but failed to remove it when the web application was stopped. This is very likely to create a memory leak.
05-jul-2011 4:33:21 org.apache.catalina.loader.WebappClassLoader clearThreadLocalMap
GRAVE: The web application [/pentaho] created a ThreadLocal with key of type [java.lang.ThreadLocal] (value [java.lang.ThreadLocal@1c575f6]) and a value of type [org.pentaho.platform.engine.security.session.TrustedSystemStartupSession] (value [org.pentaho.platform.engine.security.session.TrustedSystemStartupSession@4e61fa]) but failed to remove it when the web application was stopped. This is very likely to create a memory leak.
05-jul-2011 4:33:21 org.apache.catalina.loader.WebappClassLoader clearThreadLocalMap
GRAVE: The web application [/pentaho] created a ThreadLocal with key of type [null] (value [mondrian.rolap.RolapStar$2@c38d43]) and a value of type [java.util.HashMap] (value [{}]) but failed to remove it when the web application was stopped. This is very likely to create a memory leak.
05-jul-2011 4:33:21 org.apache.catalina.loader.WebappClassLoader clearThreadLocalMap
GRAVE: The web application [/pentaho] created a ThreadLocal with key of type [java.lang.ThreadLocal] (value [java.lang.ThreadLocal@6f3d96]) and a value of type [org.pentaho.platform.web.http.session.PentahoHttpSession] (value [org.pentaho.platform.web.http.session.PentahoHttpSession@2feabf]) but failed to remove it when the web application was stopped. This is very likely to create a memory leak.
05-jul-2011 4:33:21 org.apache.catalina.loader.WebappClassLoader clearThreadLocalMap
GRAVE: The web application [/pentaho] created a ThreadLocal with key of type [null] (value [mondrian.rolap.RolapStar$2@16a858d]) and a value of type [java.util.HashMap] (value [{}]) but failed to remove it when the web application was stopped. This is very likely to create a memory leak.
05-jul-2011 4:33:21 org.apache.catalina.loader.WebappClassLoader clearThreadLocalMap
GRAVE: The web application [/pentaho] created a ThreadLocal with key of type [null] (value [mondrian.rolap.RolapStar$2@1347c85]) and a value of type [java.util.HashMap] (value [{}]) but failed to remove it when the web application was stopped. This is very likely to create a memory leak.
05-jul-2011 4:33:21 org.apache.catalina.loader.WebappClassLoader clearThreadLocalMap
GRAVE: The web application [/pentaho] created a ThreadLocal with key of type [java.lang.ThreadLocal] (value [java.lang.ThreadLocal@db0ba9]) and a value of type [org.pentaho.platform.web.http.session.PentahoHttpSession] (value [org.pentaho.platform.web.http.session.PentahoHttpSession@1ddfecc]) but failed to remove it when the web application was stopped. This is very likely to create a memory leak.
05-jul-2011 4:33:21 org.apache.catalina.loader.WebappClassLoader clearThreadLocalMap
GRAVE: The web application [/pentaho] created a ThreadLocal with key of type [null] (value [mondrian.rolap.RolapStar$2@dac135]) and a value of type [java.util.HashMap] (value [{}]) but failed to remove it when the web application was stopped. This is very likely to create a memory leak.
05-jul-2011 4:33:21 org.apache.catalina.loader.WebappClassLoader clearThreadLocalMap
GRAVE: The web application [/pentaho] created a ThreadLocal with key of type [null] (value [mondrian.rolap.RolapStar$3@1c29280]) and a value of type [java.util.ArrayList] (value [[]]) but failed to remove it when the web application was stopped. This is very likely to create a memory leak.
05-jul-2011 4:33:21 org.apache.catalina.loader.WebappClassLoader clearThreadLocalMap
GRAVE: The web application [/pentaho] created a ThreadLocal with key of type [java.lang.ThreadLocal] (value [java.lang.ThreadLocal@12044aa]) and a value of type [org.pentaho.platform.engine.security.session.TrustedSystemStartupSession] (value [org.pentaho.platform.engine.security.session.TrustedSystemStartupSession@1642fc2]) but failed to remove it when the web application was stopped. This is very likely to create a memory leak.
05-jul-2011 4:33:21 org.apache.catalina.loader.WebappClassLoader clearThreadLocalMap
GRAVE: The web application [/pentaho] created a ThreadLocal with key of type [null] (value [mondrian.rolap.RolapStar$3@662313]) and a value of type [java.util.ArrayList] (value [[]]) but failed to remove it when the web application was stopped. This is very likely to create a memory leak.
05-jul-2011 4:33:21 org.apache.catalina.loader.WebappClassLoader clearThreadLocalMap
GRAVE: The web application [/pentaho] created a ThreadLocal with key of type [null] (value [mondrian.rolap.RolapStar$3@17c340d]) and a value of type [java.util.ArrayList] (value [[]]) but failed to remove it when the web application was stopped. This is very likely to create a memory leak.
05-jul-2011 4:33:21 org.apache.catalina.loader.WebappClassLoader clearThreadLocalMap
GRAVE: The web application [/pentaho] created a ThreadLocal with key of type [null] (value [mondrian.rolap.RolapStar$3@13d4344]) and a value of type [java.util.ArrayList] (value [[]]) but failed to remove it when the web application was stopped. This is very likely to create a memory leak.
05-jul-2011 4:33:21 org.apache.catalina.loader.WebappClassLoader clearThreadLocalMap
GRAVE: The web application [/pentaho] created a ThreadLocal with key of type [org.apache.log4j.helpers.ThreadLocalMap] (value [org.apache.log4j.helpers.ThreadLocalMap@1c98285]) and a value of type [java.util.Hashtable] (value [{SessionID=224F1B2AA4C1BEC89227607BC2F7B3F9}]) but failed to remove it when the web application was stopped. This is very likely to create a memory leak.
05-jul-2011 4:33:21 org.apache.catalina.loader.WebappClassLoader clearThreadLocalMap
GRAVE: The web application [/pentaho] created a ThreadLocal with key of type [java.lang.ThreadLocal] (value [java.lang.ThreadLocal@12e0255]) and a value of type [org.pentaho.platform.engine.security.session.TrustedSystemStartupSession] (value [org.pentaho.platform.engine.security.session.TrustedSystemStartupSession@28c7f]) but failed to remove it when the web application was stopped. This is very likely to create a memory leak.
05-jul-2011 4:33:21 org.apache.catalina.loader.WebappClassLoader clearThreadLocalMap
GRAVE: The web application [/pentaho] created a ThreadLocal with key of type [java.lang.ThreadLocal] (value [java.lang.ThreadLocal@980d8e]) and a value of type [org.pentaho.platform.repository.solution.dbbased.DbBasedSolutionRepository] (value [org.pentaho.platform.repository.solution.dbbased.DbBasedSolutionRepository@1b9e0f3]) but failed to remove it when the web application was stopped. This is very likely to create a memory leak.
05-jul-2011 4:33:21 org.apache.catalina.loader.WebappClassLoader clearThreadLocalMap
GRAVE: The web application [/pentaho] created a ThreadLocal with key of type [java.lang.ThreadLocal] (value [java.lang.ThreadLocal@19b5bae]) and a value of type [org.pentaho.platform.engine.security.session.TrustedSystemStartupSession] (value [org.pentaho.platform.engine.security.session.TrustedSystemStartupSession@10fd88e]) but failed to remove it when the web application was stopped. This is very likely to create a memory leak.
05-jul-2011 4:33:21 org.apache.catalina.loader.WebappClassLoader clearThreadLocalMap
GRAVE: The web application [/pentaho] created a ThreadLocal with key of type [java.lang.ThreadLocal] (value [java.lang.ThreadLocal@4d6016]) and a value of type [org.pentaho.platform.web.http.session.PentahoHttpSession] (value [org.pentaho.platform.web.http.session.PentahoHttpSession@1d34dbc]) but failed to remove it when the web application was stopped. This is very likely to create a memory leak.
05-jul-2011 4:33:21 org.apache.catalina.loader.WebappClassLoader clearThreadLocalMap
GRAVE: The web application [/pentaho] created a ThreadLocal with key of type [null] (value [mondrian.rolap.RolapStar$3@a00fcb]) and a value of type [java.util.ArrayList] (value [[]]) but failed to remove it when the web application was stopped. This is very likely to create a memory leak.
05-jul-2011 4:33:21 org.apache.catalina.loader.WebappClassLoader clearThreadLocalMap
GRAVE: The web application [/pentaho] created a ThreadLocal with key of type [null] (value [mondrian.rolap.RolapStar$2@c38d43]) and a value of type [java.util.HashMap] (value [{}]) but failed to remove it when the web application was stopped. This is very likely to create a memory leak.
05-jul-2011 4:33:21 org.apache.catalina.loader.WebappClassLoader clearThreadLocalMap
GRAVE: The web application [/pentaho] created a ThreadLocal with key of type [java.lang.ThreadLocal] (value [java.lang.ThreadLocal@6d1752]) and a value of type [org.pentaho.platform.engine.security.session.TrustedSystemStartupSession] (value [org.pentaho.platform.engine.security.session.TrustedSystemStartupSession@286fcb]) but failed to remove it when the web application was stopped. This is very likely to create a memory leak.
05-jul-2011 4:33:21 org.apache.catalina.loader.WebappClassLoader clearThreadLocalMap
GRAVE: The web application [/pentaho] created a ThreadLocal with key of type [null] (value [mondrian.rolap.RolapStar$3@13d4344]) and a value of type [java.util.ArrayList] (value [[]]) but failed to remove it when the web application was stopped. This is very likely to create a memory leak.
05-jul-2011 4:33:21 org.apache.catalina.loader.WebappClassLoader clearThreadLocalMap
GRAVE: The web application [/pentaho] created a ThreadLocal with key of type [null] (value [mondrian.rolap.RolapStar$3@17c340d]) and a value of type [java.util.ArrayList] (value [[]]) but failed to remove it when the web application was stopped. This is very likely to create a memory leak.
05-jul-2011 4:33:21 org.apache.catalina.loader.WebappClassLoader clearThreadLocalMap
GRAVE: The web application [/pentaho] created a ThreadLocal with key of type [null] (value [mondrian.rolap.RolapStar$3@5a8dd3]) and a value of type [java.util.ArrayList] (value [[]]) but failed to remove it when the web application was stopped. This is very likely to create a memory leak.
05-jul-2011 4:33:21 org.apache.catalina.loader.WebappClassLoader clearThreadLocalMap
GRAVE: The web application [/pentaho] created a ThreadLocal with key of type [java.lang.ThreadLocal] (value [java.lang.ThreadLocal@161a26]) and a value of type [org.pentaho.platform.web.http.session.PentahoHttpSession] (value [org.pentaho.platform.web.http.session.PentahoHttpSession@348e4f]) but failed to remove it when the web application was stopped. This is very likely to create a memory leak.
05-jul-2011 4:33:21 org.apache.catalina.loader.WebappClassLoader clearThreadLocalMap
GRAVE: The web application [/pentaho] created a ThreadLocal with key of type [java.lang.ThreadLocal] (value [java.lang.ThreadLocal@10ec959]) and a value of type [org.pentaho.platform.web.http.session.PentahoHttpSession] (value [org.pentaho.platform.web.http.session.PentahoHttpSession@18eea72]) but failed to remove it when the web application was stopped. This is very likely to create a memory leak.
05-jul-2011 4:33:21 org.apache.catalina.loader.WebappClassLoader clearThreadLocalMap
GRAVE: The web application [/pentaho] created a ThreadLocal with key of type [null] (value [mondrian.rolap.RolapStar$2@1c51473]) and a value of type [java.util.HashMap] (value [{}]) but failed to remove it when the web application was stopped. This is very likely to create a memory leak.
05-jul-2011 4:33:21 org.apache.catalina.loader.WebappClassLoader clearThreadLocalMap
GRAVE: The web application [/pentaho] created a ThreadLocal with key of type [null] (value [mondrian.rolap.RolapStar$2@1347c85]) and a value of type [java.util.HashMap] (value [{}]) but failed to remove it when the web application was stopped. This is very likely to create a memory leak.
05-jul-2011 4:33:21 org.apache.catalina.loader.WebappClassLoader clearThreadLocalMap
GRAVE: The web application [/pentaho] created a ThreadLocal with key of type [null] (value [mondrian.rolap.RolapStar$2@dac135]) and a value of type [java.util.HashMap] (value [{}]) but failed to remove it when the web application was stopped. This is very likely to create a memory leak.
05-jul-2011 4:33:21 org.apache.catalina.loader.WebappClassLoader clearThreadLocalMap
GRAVE: The web application [/pentaho] created a ThreadLocal with key of type [null] (value [mondrian.rolap.RolapStar$3@1c29280]) and a value of type [java.util.ArrayList] (value [[]]) but failed to remove it when the web application was stopped. This is very likely to create a memory leak.
05-jul-2011 4:33:21 org.apache.catalina.loader.WebappClassLoader clearThreadLocalMap
GRAVE: The web application [/pentaho] created a ThreadLocal with key of type [null] (value [mondrian.rolap.RolapStar$2@55ecc3]) and a value of type [java.util.HashMap] (value [{}]) but failed to remove it when the web application was stopped. This is very likely to create a memory leak.
05-jul-2011 4:33:21 org.apache.catalina.loader.WebappClassLoader clearThreadLocalMap
GRAVE: The web application [/pentaho] created a ThreadLocal with key of type [org.apache.log4j.helpers.ThreadLocalMap] (value [org.apache.log4j.helpers.ThreadLocalMap@1c98285]) and a value of type [java.util.Hashtable] (value [{SessionID=224F1B2AA4C1BEC89227607BC2F7B3F9}]) but failed to remove it when the web application was stopped. This is very likely to create a memory leak.
05-jul-2011 4:33:21 org.apache.catalina.loader.WebappClassLoader clearThreadLocalMap
GRAVE: The web application [/pentaho] created a ThreadLocal with key of type [java.lang.InheritableThreadLocal] (value [java.lang.InheritableThreadLocal@1f8a95]) and a value of type [org.pentaho.platform.web.http.session.PentahoHttpSession] (value [org.pentaho.platform.web.http.session.PentahoHttpSession@1d34dbc]) but failed to remove it when the web application was stopped. This is very likely to create a memory leak.
05-jul-2011 4:33:21 org.apache.catalina.loader.WebappClassLoader clearThreadLocalMap
GRAVE: The web application [/pentaho] created a ThreadLocal with key of type [java.lang.InheritableThreadLocal] (value [java.lang.InheritableThreadLocal@c35b09]) and a value of type [org.pentaho.platform.engine.core.system.BasePentahoRequestContext] (value [org.pentaho.platform.engine.core.system.BasePentahoRequestContext@18dca02]) but failed to remove it when the web application was stopped. This is very likely to create a memory leak.
05-jul-2011 4:33:21 org.apache.catalina.loader.WebappClassLoader clearThreadLocalMap
GRAVE: The web application [/pentaho] created a ThreadLocal with key of type [org.apache.log4j.helpers.ThreadLocalMap] (value [org.apache.log4j.helpers.ThreadLocalMap@1c98285]) and a value of type [java.util.Hashtable] (value [{SessionID=224F1B2AA4C1BEC89227607BC2F7B3F9}]) but failed to remove it when the web application was stopped. This is very likely to create a memory leak.
05-jul-2011 4:33:21 org.apache.catalina.loader.WebappClassLoader clearThreadLocalMap
GRAVE: The web application [/pentaho] created a ThreadLocal with key of type [java.lang.InheritableThreadLocal] (value [java.lang.InheritableThreadLocal@1f8a95]) and a value of type [org.pentaho.platform.web.http.session.PentahoHttpSession] (value [org.pentaho.platform.web.http.session.PentahoHttpSession@1d34dbc]) but failed to remove it when the web application was stopped. This is very likely to create a memory leak.
05-jul-2011 4:33:21 org.apache.catalina.loader.WebappClassLoader clearThreadLocalMap
GRAVE: The web application [/pentaho] created a ThreadLocal with key of type [java.lang.InheritableThreadLocal] (value [java.lang.InheritableThreadLocal@c35b09]) and a value of type [org.pentaho.platform.engine.core.system.BasePentahoRequestContext] (value [org.pentaho.platform.engine.core.system.BasePentahoRequestContext@18dca02]) but failed to remove it when the web application was stopped. This is very likely to create a memory leak.
05-jul-2011 4:33:21 org.apache.catalina.loader.WebappClassLoader clearThreadLocalMap
GRAVE: The web application [/pentaho] created a ThreadLocal with key of type [org.apache.log4j.helpers.ThreadLocalMap] (value [org.apache.log4j.helpers.ThreadLocalMap@1c98285]) and a value of type [java.util.Hashtable] (value [{SessionID=224F1B2AA4C1BEC89227607BC2F7B3F9}]) but failed to remove it when the web application was stopped. This is very likely to create a memory leak.
05-jul-2011 4:33:23 org.apache.coyote.http11.Http11Protocol destroy
INFO: Parando Coyote HTTP/1.1 en puerto http-8080
