01-sep-2011 2:23:06 org.apache.catalina.core.AprLifecycleListener init
INFO: La biblioteca nativa de Apache Tomcat basada en ARP que permite un rendimiento óptimo en entornos de desarrollo no ha sido hallada en java.library.path: C:\Program Files\Java\jdk1.6.0_25\bin;.;C:\Windows\Sun\Java\bin;C:\Windows\system32;C:\Windows;C:\Program Files\Common Files\Microsoft Shared\Windows Live;C:\Program Files\MiKTeX 2.9\miktex\bin;C:\Windows\system32;C:\Windows;C:\Windows\System32\Wbem;C:\Windows\System32\WindowsPowerShell\v1.0\;C:\Program Files\Windows Live\Shared;C:\Program Files\QT Lite\QTSystem;C:\Program Files\Intuwave\Shared\mRouterRuntime;c:\Program Files\Microsoft SQL Server\100\Tools\Binn\;c:\Program Files\Microsoft SQL Server\100\DTS\Binn\
01-sep-2011 2:23:07 org.apache.coyote.http11.Http11Protocol init
INFO: Inicializando Coyote HTTP/1.1 en puerto http-8080
01-sep-2011 2:23:07 org.apache.catalina.startup.Catalina load
INFO: Initialization processed in 1016 ms
01-sep-2011 2:23:07 org.apache.catalina.core.StandardService start
INFO: Arrancando servicio Catalina
01-sep-2011 2:23:07 org.apache.catalina.core.StandardEngine start
INFO: Starting Servlet Engine: Apache Tomcat/6.0.29
01-sep-2011 2:23:07 org.apache.catalina.startup.HostConfig deployDescriptor
INFO: Desplieque del descriptor de configuración pentaho.xml
01-sep-2011 2:23:12 org.apache.catalina.startup.ContextConfig validateSecurityRoles
INFO: ATENCIÓN: El nombre de papel de seguridad PENTAHO_ADMIN es usado en un <auth-constraint> sin haber sido definido en <security-role>
01-sep-2011 2:23:38 org.apache.catalina.startup.HostConfig deployDirectory
INFO: Despliegue del directorio mondrian de la aplicación web
01-sep-2011 2:23:39 org.apache.catalina.startup.HostConfig deployDirectory
INFO: Despliegue del directorio pentaho-style de la aplicación web
01-sep-2011 2:23:39 org.apache.catalina.startup.HostConfig deployDirectory
INFO: Despliegue del directorio ROOT de la aplicación web
01-sep-2011 2:23:39 org.apache.catalina.startup.HostConfig deployDirectory
INFO: Despliegue del directorio sw-style de la aplicación web
01-sep-2011 2:23:39 org.apache.coyote.http11.Http11Protocol start
INFO: Arrancando Coyote HTTP/1.1 en puerto http-8080
01-sep-2011 2:23:39 org.apache.jk.common.ChannelSocket init
INFO: JK: ajp13 listening on /0.0.0.0:8009
01-sep-2011 2:23:39 org.apache.jk.server.JkMain start
INFO: Jk running ID=0 time=0/26  config=null
01-sep-2011 2:23:39 org.apache.catalina.startup.Catalina start
INFO: Server startup in 32594 ms
01-sep-2011 4:42:42 org.apache.coyote.http11.Http11Protocol pause
INFO: Pausando Coyote HTTP/1.1 en puerto http-8080
