06-jul-2011 3:41:17 org.apache.catalina.core.AprLifecycleListener init
INFO: La biblioteca nativa de Apache Tomcat basada en ARP que permite un rendimiento óptimo en entornos de desarrollo no ha sido hallada en java.library.path: C:\Program Files\Java\jdk1.6.0_25\bin;.;C:\Windows\Sun\Java\bin;C:\Windows\system32;C:\Windows;C:\Program Files\MiKTeX 2.9\miktex\bin;C:\Program Files\Common Files\Microsoft Shared\Windows Live;C:\Windows\system32;C:\Windows;C:\Windows\System32\Wbem;C:\Windows\System32\WindowsPowerShell\v1.0\;C:\Program Files\Windows Live\Shared
06-jul-2011 3:41:18 org.apache.coyote.http11.Http11Protocol init
INFO: Inicializando Coyote HTTP/1.1 en puerto http-8080
06-jul-2011 3:41:18 org.apache.catalina.startup.Catalina load
INFO: Initialization processed in 875 ms
06-jul-2011 3:41:18 org.apache.catalina.core.StandardService start
INFO: Arrancando servicio Catalina
06-jul-2011 3:41:18 org.apache.catalina.core.StandardEngine start
INFO: Starting Servlet Engine: Apache Tomcat/6.0.29
06-jul-2011 3:41:18 org.apache.catalina.startup.HostConfig deployDescriptor
INFO: Desplieque del descriptor de configuración pentaho.xml
06-jul-2011 3:41:19 org.apache.catalina.startup.ContextConfig validateSecurityRoles
INFO: ATENCIÓN: El nombre de papel de seguridad PENTAHO_ADMIN es usado en un <auth-constraint> sin haber sido definido en <security-role>
06-jul-2011 3:41:41 org.apache.catalina.startup.HostConfig deployDirectory
INFO: Despliegue del directorio mondrian de la aplicación web
06-jul-2011 3:41:41 org.apache.catalina.startup.HostConfig deployDirectory
INFO: Despliegue del directorio pentaho-style de la aplicación web
06-jul-2011 3:41:41 org.apache.catalina.startup.HostConfig deployDirectory
INFO: Despliegue del directorio ROOT de la aplicación web
06-jul-2011 3:41:42 org.apache.catalina.startup.HostConfig deployDirectory
INFO: Despliegue del directorio sw-style de la aplicación web
06-jul-2011 3:41:42 org.apache.coyote.http11.Http11Protocol start
INFO: Arrancando Coyote HTTP/1.1 en puerto http-8080
06-jul-2011 3:41:42 org.apache.jk.common.ChannelSocket init
INFO: JK: ajp13 listening on /0.0.0.0:8009
06-jul-2011 3:41:42 org.apache.jk.server.JkMain start
INFO: Jk running ID=0 time=0/30  config=null
06-jul-2011 3:41:42 org.apache.catalina.startup.Catalina start
INFO: Server startup in 23890 ms
06-jul-2011 4:45:12 org.apache.coyote.http11.Http11Protocol pause
INFO: Pausando Coyote HTTP/1.1 en puerto http-8080
06-jul-2011 4:45:13 org.apache.catalina.core.StandardService stop
INFO: Parando servicio Catalina
06-jul-2011 4:45:13 org.apache.catalina.loader.WebappClassLoader clearReferencesJdbc
GRAVE: The web application [/pentaho] registered the JBDC driver [mondrian.olap4j.MondrianOlap4jDriver] but failed to unregister it when the web application was stopped. To prevent a memory leak, the JDBC Driver has been forcibly unregistered.
06-jul-2011 4:45:13 org.apache.catalina.loader.WebappClassLoader clearReferencesThreads
GRAVE: The web application [/pentaho] appears to have started a thread named [HSQLDB Timer @15c998a] but has failed to stop it. This is very likely to create a memory leak.
06-jul-2011 4:45:13 org.apache.catalina.loader.WebappClassLoader clearReferencesThreads
GRAVE: The web application [/pentaho] appears to have started a thread named [net.sf.ehcache.CacheManager@1aa8241] but has failed to stop it. This is very likely to create a memory leak.
06-jul-2011 4:45:13 org.apache.catalina.loader.WebappClassLoader clearReferencesThreads
GRAVE: The web application [/pentaho] appears to have started a thread named [Store pentahoCache Spool Thread] but has failed to stop it. This is very likely to create a memory leak.
06-jul-2011 4:45:13 org.apache.catalina.loader.WebappClassLoader clearReferencesThreads
GRAVE: The web application [/pentaho] appears to have started a thread named [Store libloader-data Spool Thread] but has failed to stop it. This is very likely to create a memory leak.
06-jul-2011 4:45:13 org.apache.catalina.loader.WebappClassLoader clearReferencesThreads
GRAVE: The web application [/pentaho] appears to have started a thread named [Store mondrian-catalog-cache Spool Thread] but has failed to stop it. This is very likely to create a memory leak.
06-jul-2011 4:45:13 org.apache.catalina.loader.WebappClassLoader clearReferencesThreads
GRAVE: The web application [/pentaho] appears to have started a thread named [Timer-0] but has failed to stop it. This is very likely to create a memory leak.
06-jul-2011 4:45:13 org.apache.catalina.loader.WebappClassLoader clearReferencesThreads
GRAVE: The web application [/pentaho] appears to have started a thread named [net.sf.ehcache.CacheManager@18806f7] but has failed to stop it. This is very likely to create a memory leak.
06-jul-2011 4:45:13 org.apache.catalina.loader.WebappClassLoader clearReferencesThreads
GRAVE: The web application [/pentaho] appears to have started a thread named [Store mondrian-catalog-cache Spool Thread] but has failed to stop it. This is very likely to create a memory leak.
06-jul-2011 4:45:13 org.apache.catalina.loader.WebappClassLoader clearReferencesThreads
GRAVE: The web application [/pentaho] appears to have started a thread named [Store pentahoCache Spool Thread] but has failed to stop it. This is very likely to create a memory leak.
06-jul-2011 4:45:13 org.apache.catalina.loader.WebappClassLoader clearReferencesThreads
GRAVE: The web application [/pentaho] appears to have started a thread named [Store libloader-data Spool Thread] but has failed to stop it. This is very likely to create a memory leak.
06-jul-2011 4:45:13 org.apache.catalina.loader.WebappClassLoader clearReferencesThreads
GRAVE: The web application [/pentaho] appears to have started a thread named [MySQL Statement Cancellation Timer] but has failed to stop it. This is very likely to create a memory leak.
06-jul-2011 4:45:13 org.apache.catalina.loader.WebappClassLoader clearReferencesThreads
GRAVE: The web application [/pentaho] appears to have started a thread named [net.sf.ehcache.CacheManager@943b29] but has failed to stop it. This is very likely to create a memory leak.
06-jul-2011 4:45:13 org.apache.catalina.loader.WebappClassLoader clearReferencesThreads
GRAVE: The web application [/pentaho] appears to have started a thread named [Store libloader-data Spool Thread] but has failed to stop it. This is very likely to create a memory leak.
06-jul-2011 4:45:13 org.apache.catalina.loader.WebappClassLoader clearReferencesThreads
GRAVE: The web application [/pentaho] appears to have started a thread named [Store pentahoCache Spool Thread] but has failed to stop it. This is very likely to create a memory leak.
06-jul-2011 4:45:13 org.apache.catalina.loader.WebappClassLoader clearReferencesThreads
GRAVE: The web application [/pentaho] appears to have started a thread named [Store mondrian-catalog-cache Spool Thread] but has failed to stop it. This is very likely to create a memory leak.
06-jul-2011 4:45:13 org.apache.catalina.loader.WebappClassLoader clearReferencesThreads
GRAVE: The web application [/pentaho] appears to have started a thread named [org.apache.commons.vfs.cache.SoftRefFilesCache$SoftRefReleaseThread] but has failed to stop it. This is very likely to create a memory leak.
06-jul-2011 4:45:13 org.apache.catalina.loader.WebappClassLoader clearReferencesThreads
GRAVE: The web application [/pentaho] appears to have started a thread named [AWT-Windows] but has failed to stop it. This is very likely to create a memory leak.
06-jul-2011 4:45:13 org.apache.catalina.loader.WebappClassLoader clearThreadLocalMap
GRAVE: The web application [/pentaho] created a ThreadLocal with key of type [java.lang.InheritableThreadLocal] (value [java.lang.InheritableThreadLocal@b443e8]) and a value of type [org.pentaho.platform.web.http.session.PentahoHttpSession] (value [org.pentaho.platform.web.http.session.PentahoHttpSession@114ba11]) but failed to remove it when the web application was stopped. This is very likely to create a memory leak.
06-jul-2011 4:45:13 org.apache.catalina.loader.WebappClassLoader clearThreadLocalMap
GRAVE: The web application [/pentaho] created a ThreadLocal with key of type [java.lang.InheritableThreadLocal] (value [java.lang.InheritableThreadLocal@d63ef6]) and a value of type [org.pentaho.platform.engine.core.system.BasePentahoRequestContext] (value [org.pentaho.platform.engine.core.system.BasePentahoRequestContext@1bfaccf]) but failed to remove it when the web application was stopped. This is very likely to create a memory leak.
06-jul-2011 4:45:13 org.apache.catalina.loader.WebappClassLoader clearThreadLocalMap
GRAVE: The web application [/pentaho] created a ThreadLocal with key of type [org.apache.log4j.helpers.ThreadLocalMap] (value [org.apache.log4j.helpers.ThreadLocalMap@ea5844]) and a value of type [java.util.Hashtable] (value [{SessionID=235FE7FD2C17E81049E71D66B70ED4AD}]) but failed to remove it when the web application was stopped. This is very likely to create a memory leak.
06-jul-2011 4:45:13 org.apache.catalina.loader.WebappClassLoader clearThreadLocalMap
GRAVE: The web application [/pentaho] created a ThreadLocal with key of type [java.lang.ThreadLocal] (value [java.lang.ThreadLocal@148fbb4]) and a value of type [org.pentaho.platform.repository.solution.dbbased.DbBasedSolutionRepository] (value [org.pentaho.platform.repository.solution.dbbased.DbBasedSolutionRepository@1fa17f0]) but failed to remove it when the web application was stopped. This is very likely to create a memory leak.
06-jul-2011 4:45:13 org.apache.catalina.loader.WebappClassLoader clearThreadLocalMap
GRAVE: The web application [/pentaho] created a ThreadLocal with key of type [java.lang.ThreadLocal] (value [java.lang.ThreadLocal@852294]) and a value of type [org.hibernate.impl.SessionImpl] (value [SessionImpl(PersistenceContext[entityKeys=[EntityKey[org.pentaho.platform.repository.solution.dbbased.RepositoryFile#e2d654db-9224-11e0-971d-c91deac9f05c], EntityKey[org.pentaho.platform.repository.solution.dbbased.RepositoryFile#e2d08869-9224-11e0-971d-c91deac9f05c], EntityKey[org.pentaho.platform.repository.solution.dbbased.RepositoryFile#e2d431f4-9224-11e0-971d-c91deac9f05c], EntityKey[org.pentaho.platform.repository.solution.dbbased.RepositoryFile#e2d6a2fd-9224-11e0-971d-c91deac9f05c], EntityKey[org.pentaho.platform.repository.solution.dbbased.RepositoryFile#e2d3478f-9224-11e0-971d-c91deac9f05c], EntityKey[org.pentaho.platform.repository.solution.dbbased.RepositoryFile#e2d36ea0-9224-11e0-971d-c91deac9f05c], EntityKey[org.pentaho.platform.repository.solution.dbbased.RepositoryFile#e2d5dfa9-9224-11e0-971d-c91deac9f05c], EntityKey[org.pentaho.platform.repository.solution.dbbased.RepositoryFile#e2d5b898-9224-11e0-971d-c91deac9f05c], EntityKey[org.pentaho.platform.repository.solution.dbbased.RepositoryFile#e2d98932-9224-11e0-971d-c91deac9f05c], EntityKey[org.pentaho.platform.repository.solution.dbbased.RepositoryFile#e2d3bcc2-9224-11e0-971d-c91deac9f05c], EntityKey[org.pentaho.platform.repository.solution.dbbased.RepositoryFile#e2db5df3-9224-11e0-971d-c91deac9f05c], EntityKey[org.pentaho.platform.repository.solution.dbbased.RepositoryFile#e2d8ecef-9224-11e0-971d-c91deac9f05c], EntityKey[org.pentaho.platform.repository.solution.dbbased.RepositoryFile#e2d2843b-9224-11e0-971d-c91deac9f05c], EntityKey[org.pentaho.platform.repository.solution.dbbased.RepositoryFile#e2d395b1-9224-11e0-971d-c91deac9f05c], EntityKey[org.pentaho.platform.repository.solution.dbbased.RepositoryFile#e2d3207e-9224-11e0-971d-c91deac9f05c], EntityKey[org.pentaho.platform.repository.solution.dbbased.RepositoryFile#e11914a3-9224-11e0-971d-c91deac9f05c], EntityKey[org.pentaho.platform.repository.solution.dbbased.RepositoryFile#e11a7483-9224-11e0-971d-c91deac9f05c], EntityKey[org.pentaho.platform.repository.solution.dbbased.RepositoryFile#e2d93b10-9224-11e0-971d-c91deac9f05c], EntityKey[org.pentaho.platform.repository.solution.dbbased.RepositoryFile#e2d45905-9224-11e0-971d-c91deac9f05c], EntityKey[org.pentaho.platform.repository.solution.dbbased.RepositoryFile#e2d06158-9224-11e0-971d-c91deac9f05c], EntityKey[org.pentaho.platform.repository.solution.dbbased.RepositoryFile#e2d25d2a-9224-11e0-971d-c91deac9f05c], EntityKey[org.pentaho.platform.repository.solution.dbbased.RepositoryFile#e2d96221-9224-11e0-971d-c91deac9f05c], EntityKey[org.pentaho.platform.repository.solution.dbbased.RepositoryFile#e2d2f96d-9224-11e0-971d-c91deac9f05c], EntityKey[org.pentaho.platform.repository.solution.dbbased.RepositoryFile#e0e5335e-9224-11e0-971d-c91deac9f05c], EntityKey[org.pentaho.platform.repository.solution.dbbased.RepositoryFile#e2d40ae3-9224-11e0-971d-c91deac9f05c], EntityKey[org.pentaho.platform.repository.solution.dbbased.RepositoryFile#e2d67bec-9224-11e0-971d-c91deac9f05c], EntityKey[org.pentaho.platform.repository.solution.dbbased.RepositoryFile#e2d48016-9224-11e0-971d-c91deac9f05c], EntityKey[org.pentaho.platform.repository.solution.dbbased.RepositoryFile#e2d6ca0e-9224-11e0-971d-c91deac9f05c], EntityKey[org.pentaho.platform.repository.solution.dbbased.RepositoryFile#e2d2ab4c-9224-11e0-971d-c91deac9f05c], EntityKey[org.pentaho.platform.repository.solution.dbbased.RepositoryFile#e2d4a727-9224-11e0-971d-c91deac9f05c], EntityKey[org.pentaho.platform.repository.solution.dbbased.RepositoryFile#e2dbd325-9224-11e0-971d-c91deac9f05c], EntityKey[org.pentaho.platform.repository.solution.dbbased.RepositoryFile#e2db8504-9224-11e0-971d-c91deac9f05c], EntityKey[org.pentaho.platform.repository.solution.dbbased.RepositoryFile#e2d62dca-9224-11e0-971d-c91deac9f05c]],collectionKeys=[CollectionKey[org.pentaho.platform.repository.solution.dbbased.RepositoryFile.accessControls#e2d67bec-9224-11e0-971d-c91deac9f05c], CollectionKey[org.pentaho.platform.repository.solution.dbbased.RepositoryFile.accessControls#e2d3207e-9224-11e0-971d-c91deac9f05c], CollectionKey[org.pentaho.platform.repository.solution.dbbased.RepositoryFile.childrenFiles#e11a7483-9224-11e0-971d-c91deac9f05c], CollectionKey[org.pentaho.platform.repository.solution.dbbased.RepositoryFile.accessControls#e2d2ab4c-9224-11e0-971d-c91deac9f05c], CollectionKey[org.pentaho.platform.repository.solution.dbbased.RepositoryFile.accessControls#e2d3478f-9224-11e0-971d-c91deac9f05c], CollectionKey[org.pentaho.platform.repository.solution.dbbased.RepositoryFile.accessControls#e2d6ca0e-9224-11e0-971d-c91deac9f05c], CollectionKey[org.pentaho.platform.repository.solution.dbbased.RepositoryFile.accessControls#e2d5b898-9224-11e0-971d-c91deac9f05c], CollectionKey[org.pentaho.platform.repository.solution.dbbased.RepositoryFile.childrenFiles#e2d98932-9224-11e0-971d-c91deac9f05c], CollectionKey[org.pentaho.platform.repository.solution.dbbased.RepositoryFile.childrenFiles#e2d25d2a-9224-11e0-971d-c91deac9f05c], CollectionKey[org.pentaho.platform.repository.solution.dbbased.RepositoryFile.accessControls#e2d5dfa9-9224-11e0-971d-c91deac9f05c], CollectionKey[org.pentaho.platform.repository.solution.dbbased.RepositoryFile.childrenFiles#e2d62dca-9224-11e0-971d-c91deac9f05c], CollectionKey[org.pentaho.platform.repository.solution.dbbased.RepositoryFile.childrenFiles#e2d2843b-9224-11e0-971d-c91deac9f05c], CollectionKey[org.pentaho.platform.repository.solution.dbbased.RepositoryFile.childrenFiles#e2d4a727-9224-11e0-971d-c91deac9f05c], CollectionKey[org.pentaho.platform.repository.solution.dbbased.RepositoryFile.childrenFiles#e2d93b10-9224-11e0-971d-c91deac9f05c], CollectionKey[org.pentaho.platform.repository.solution.dbbased.RepositoryFile.childrenFiles#e2d2f96d-9224-11e0-971d-c91deac9f05c], CollectionKey[org.pentaho.platform.repository.solution.dbbased.RepositoryFile.childrenFiles#e2d5dfa9-9224-11e0-971d-c91deac9f05c], CollectionKey[org.pentaho.platform.repository.solution.dbbased.RepositoryFile.accessControls#e2d395b1-9224-11e0-971d-c91deac9f05c], CollectionKey[org.pentaho.platform.repository.solution.dbbased.RepositoryFile.childrenFiles#e2d06158-9224-11e0-971d-c91deac9f05c], CollectionKey[org.pentaho.platform.repository.solution.dbbased.RepositoryFile.childrenFiles#e2d654db-9224-11e0-971d-c91deac9f05c], CollectionKey[org.pentaho.platform.repository.solution.dbbased.RepositoryFile.accessControls#e2d06158-9224-11e0-971d-c91deac9f05c], CollectionKey[org.pentaho.platform.repository.solution.dbbased.RepositoryFile.childrenFiles#e2db8504-9224-11e0-971d-c91deac9f05c], CollectionKey[org.pentaho.platform.repository.solution.dbbased.RepositoryFile.childrenFiles#e2d08869-9224-11e0-971d-c91deac9f05c], CollectionKey[org.pentaho.platform.repository.solution.dbbased.RepositoryFile.childrenFiles#e2d40ae3-9224-11e0-971d-c91deac9f05c], CollectionKey[org.pentaho.platform.repository.solution.dbbased.RepositoryFile.accessControls#e2d6a2fd-9224-11e0-971d-c91deac9f05c], CollectionKey[org.pentaho.platform.repository.solution.dbbased.RepositoryFile.childrenFiles#e2d45905-9224-11e0-971d-c91deac9f05c], CollectionKey[org.pentaho.platform.repository.solution.dbbased.RepositoryFile.accessControls#e2db5df3-9224-11e0-971d-c91deac9f05c], CollectionKey[org.pentaho.platform.repository.solution.dbbased.RepositoryFile.accessControls#e2d98932-9224-11e0-971d-c91deac9f05c], CollectionKey[org.pentaho.platform.repository.solution.dbbased.RepositoryFile.accessControls#e2d2f96d-9224-11e0-971d-c91deac9f05c], CollectionKey[org.pentaho.platform.repository.solution.dbbased.RepositoryFile.childrenFiles#e2d431f4-9224-11e0-971d-c91deac9f05c], CollectionKey[org.pentaho.platform.repository.solution.dbbased.RepositoryFile.childrenFiles#e2d2ab4c-9224-11e0-971d-c91deac9f05c], CollectionKey[org.pentaho.platform.repository.solution.dbbased.RepositoryFile.accessControls#e11914a3-9224-11e0-971d-c91deac9f05c], CollectionKey[org.pentaho.platform.repository.solution.dbbased.RepositoryFile.childrenFiles#e2db5df3-9224-11e0-971d-c91deac9f05c], CollectionKey[org.pentaho.platform.repository.solution.dbbased.RepositoryFile.childrenFiles#e2d3bcc2-9224-11e0-971d-c91deac9f05c], CollectionKey[org.pentaho.platform.repository.solution.dbbased.RepositoryFile.childrenFiles#e2d8ecef-9224-11e0-971d-c91deac9f05c], CollectionKey[org.pentaho.platform.repository.solution.dbbased.RepositoryFile.accessControls#e2d48016-9224-11e0-971d-c91deac9f05c], CollectionKey[org.pentaho.platform.repository.solution.dbbased.RepositoryFile.accessControls#e2d4a727-9224-11e0-971d-c91deac9f05c], CollectionKey[org.pentaho.platform.repository.solution.dbbased.RepositoryFile.accessControls#e2dbd325-9224-11e0-971d-c91deac9f05c], CollectionKey[org.pentaho.platform.repository.solution.dbbased.RepositoryFile.childrenFiles#e0e5335e-9224-11e0-971d-c91deac9f05c], CollectionKey[org.pentaho.platform.repository.solution.dbbased.RepositoryFile.accessControls#e2d96221-9224-11e0-971d-c91deac9f05c], CollectionKey[org.pentaho.platform.repository.solution.dbbased.RepositoryFile.accessControls#e2d25d2a-9224-11e0-971d-c91deac9f05c], CollectionKey[org.pentaho.platform.repository.solution.dbbased.RepositoryFile.accessControls#e2d62dca-9224-11e0-971d-c91deac9f05c], CollectionKey[org.pentaho.platform.repository.solution.dbbased.RepositoryFile.accessControls#e2d431f4-9224-11e0-971d-c91deac9f05c], CollectionKey[org.pentaho.platform.repository.solution.dbbased.RepositoryFile.childrenFiles#e2d3207e-9224-11e0-971d-c91deac9f05c], CollectionKey[org.pentaho.platform.repository.solution.dbbased.RepositoryFile.childrenFiles#e2d6a2fd-9224-11e0-971d-c91deac9f05c], CollectionKey[org.pentaho.platform.repository.solution.dbbased.RepositoryFile.accessControls#e2d2843b-9224-11e0-971d-c91deac9f05c], CollectionKey[org.pentaho.platform.repository.solution.dbbased.RepositoryFile.childrenFiles#e2d5b898-9224-11e0-971d-c91deac9f05c], CollectionKey[org.pentaho.platform.repository.solution.dbbased.RepositoryFile.childrenFiles#e2dbd325-9224-11e0-971d-c91deac9f05c], CollectionKey[org.pentaho.platform.repository.solution.dbbased.RepositoryFile.childrenFiles#e2d3478f-9224-11e0-971d-c91deac9f05c], CollectionKey[org.pentaho.platform.repository.solution.dbbased.RepositoryFile.childrenFiles#e11914a3-9224-11e0-971d-c91deac9f05c], CollectionKey[org.pentaho.platform.repository.solution.dbbased.RepositoryFile.accessControls#e11a7483-9224-11e0-971d-c91deac9f05c], CollectionKey[org.pentaho.platform.repository.solution.dbbased.RepositoryFile.accessControls#e2d93b10-9224-11e0-971d-c91deac9f05c], CollectionKey[org.pentaho.platform.repository.solution.dbbased.RepositoryFile.accessControls#e2d36ea0-9224-11e0-971d-c91deac9f05c], CollectionKey[org.pentaho.platform.repository.solution.dbbased.RepositoryFile.accessControls#e2d45905-9224-11e0-971d-c91deac9f05c], CollectionKey[org.pentaho.platform.repository.solution.dbbased.RepositoryFile.childrenFiles#e2d48016-9224-11e0-971d-c91deac9f05c], CollectionKey[org.pentaho.platform.repository.solution.dbbased.RepositoryFile.childrenFiles#e2d36ea0-9224-11e0-971d-c91deac9f05c], CollectionKey[org.pentaho.platform.repository.solution.dbbased.RepositoryFile.accessControls#e2d08869-9224-11e0-971d-c91deac9f05c], CollectionKey[org.pentaho.platform.repository.solution.dbbased.RepositoryFile.accessControls#e0e5335e-9224-11e0-971d-c91deac9f05c], CollectionKey[org.pentaho.platform.repository.solution.dbbased.RepositoryFile.accessControls#e2d8ecef-9224-11e0-971d-c91deac9f05c], CollectionKey[org.pentaho.platform.repository.solution.dbbased.RepositoryFile.accessControls#e2db8504-9224-11e0-971d-c91deac9f05c], CollectionKey[org.pentaho.platform.repository.solution.dbbased.RepositoryFile.childrenFiles#e2d395b1-9224-11e0-971d-c91deac9f05c], CollectionKey[org.pentaho.platform.repository.solution.dbbased.RepositoryFile.accessControls#e2d3bcc2-9224-11e0-971d-c91deac9f05c], CollectionKey[org.pentaho.platform.repository.solution.dbbased.RepositoryFile.accessControls#e2d654db-9224-11e0-971d-c91deac9f05c], CollectionKey[org.pentaho.platform.repository.solution.dbbased.RepositoryFile.childrenFiles#e2d6ca0e-9224-11e0-971d-c91deac9f05c], CollectionKey[org.pentaho.platform.repository.solution.dbbased.RepositoryFile.accessControls#e2d40ae3-9224-11e0-971d-c91deac9f05c], CollectionKey[org.pentaho.platform.repository.solution.dbbased.RepositoryFile.childrenFiles#e2d96221-9224-11e0-971d-c91deac9f05c], CollectionKey[org.pentaho.platform.repository.solution.dbbased.RepositoryFile.childrenFiles#e2d67bec-9224-11e0-971d-c91deac9f05c]]];ActionQueue[insertions=[] updates=[] deletions=[] collectionCreations=[] collectionRemovals=[] collectionUpdates=[]])]) but failed to remove it when the web application was stopped. This is very likely to create a memory leak.
06-jul-2011 4:45:13 org.apache.catalina.loader.WebappClassLoader clearThreadLocalMap
GRAVE: The web application [/pentaho] created a ThreadLocal with key of type [java.lang.ThreadLocal] (value [java.lang.ThreadLocal@a127f1]) and a value of type [org.pentaho.platform.engine.core.system.StandaloneSession] (value [org.pentaho.platform.engine.core.system.StandaloneSession@99e8f8]) but failed to remove it when the web application was stopped. This is very likely to create a memory leak.
06-jul-2011 4:45:13 org.apache.catalina.loader.WebappClassLoader clearThreadLocalMap
GRAVE: The web application [/pentaho] created a ThreadLocal with key of type [java.lang.ThreadLocal] (value [java.lang.ThreadLocal@455514]) and a value of type [org.pentaho.platform.engine.security.session.TrustedSystemStartupSession] (value [org.pentaho.platform.engine.security.session.TrustedSystemStartupSession@d51b41]) but failed to remove it when the web application was stopped. This is very likely to create a memory leak.
06-jul-2011 4:45:13 org.apache.catalina.loader.WebappClassLoader clearThreadLocalMap
GRAVE: The web application [/pentaho] created a ThreadLocal with key of type [null] (value [org.pentaho.platform.plugin.services.pluginmgr.PluginMessageLogger$1@1d4b1ef]) and a value of type [java.util.ArrayList] (value [[Discovered plugin Pentaho Data Access in data-access, This plugin provides: 0 menu customizations, 0 content types, 0 content generators, 0 overlays, and 0 lifecycle listeners, Discovered plugin BI Server default plugin in default-plugin, This plugin provides: 0 menu customizations, 0 content types, 3 content generators, 0 overlays, and 0 lifecycle listeners, Discovered plugin Pentaho Community Dashboard Framework in pentaho-cdf, Content type registered: xcdf - Dashboard, This plugin provides: 0 menu customizations, 1 content types, 1 content generators, 0 overlays, and 1 lifecycle listeners, Discovered plugin Pentaho Reporting Plugin in reporting, Content type registered: prpt - Pentaho Report, This plugin provides: 0 menu customizations, 1 content types, 1 content generators, 0 overlays, and 1 lifecycle listeners, Plugin Pentaho Data Access has registered successfully, Content generator registered: ws-services for plugin BI Server default plugin, Content generator registered: ws-run for plugin BI Server default plugin, Content generator registered: ws-wsdl for plugin BI Server default plugin, Plugin BI Server default plugin has registered successfully, Content generator registered: pentaho-cdf for plugin Pentaho Community Dashboard Framework, Plugin Pentaho Community Dashboard Framework has registered successfully, Content generator registered: reporting for plugin Pentaho Reporting Plugin, Plugin Pentaho Reporting Plugin has registered successfully]]) but failed to remove it when the web application was stopped. This is very likely to create a memory leak.
06-jul-2011 4:45:13 org.apache.catalina.loader.WebappClassLoader clearThreadLocalMap
GRAVE: The web application [/pentaho] created a ThreadLocal with key of type [java.lang.InheritableThreadLocal] (value [java.lang.InheritableThreadLocal@b443e8]) and a value of type [org.pentaho.platform.engine.security.session.TrustedSystemStartupSession] (value [org.pentaho.platform.engine.security.session.TrustedSystemStartupSession@1d86a73]) but failed to remove it when the web application was stopped. This is very likely to create a memory leak.
06-jul-2011 4:45:13 org.apache.catalina.loader.WebappClassLoader clearThreadLocalMap
GRAVE: The web application [/pentaho] created a ThreadLocal with key of type [java.lang.InheritableThreadLocal] (value [java.lang.InheritableThreadLocal@b443e8]) and a value of type [org.pentaho.platform.engine.security.session.TrustedSystemStartupSession] (value [org.pentaho.platform.engine.security.session.TrustedSystemStartupSession@1d86a73]) but failed to remove it when the web application was stopped. This is very likely to create a memory leak.
06-jul-2011 4:45:13 org.apache.catalina.loader.WebappClassLoader clearThreadLocalMap
GRAVE: The web application [/pentaho] created a ThreadLocal with key of type [java.lang.InheritableThreadLocal] (value [java.lang.InheritableThreadLocal@b443e8]) and a value of type [org.pentaho.platform.engine.security.session.TrustedSystemStartupSession] (value [org.pentaho.platform.engine.security.session.TrustedSystemStartupSession@1d86a73]) but failed to remove it when the web application was stopped. This is very likely to create a memory leak.
06-jul-2011 4:45:13 org.apache.catalina.loader.WebappClassLoader clearThreadLocalMap
GRAVE: The web application [/pentaho] created a ThreadLocal with key of type [java.lang.InheritableThreadLocal] (value [java.lang.InheritableThreadLocal@b443e8]) and a value of type [org.pentaho.platform.engine.security.session.TrustedSystemStartupSession] (value [org.pentaho.platform.engine.security.session.TrustedSystemStartupSession@1d86a73]) but failed to remove it when the web application was stopped. This is very likely to create a memory leak.
06-jul-2011 4:45:13 org.apache.catalina.loader.WebappClassLoader clearThreadLocalMap
GRAVE: The web application [/pentaho] created a ThreadLocal with key of type [java.lang.InheritableThreadLocal] (value [java.lang.InheritableThreadLocal@b443e8]) and a value of type [org.pentaho.platform.engine.security.session.TrustedSystemStartupSession] (value [org.pentaho.platform.engine.security.session.TrustedSystemStartupSession@1d86a73]) but failed to remove it when the web application was stopped. This is very likely to create a memory leak.
06-jul-2011 4:45:13 org.apache.catalina.loader.WebappClassLoader clearThreadLocalMap
GRAVE: The web application [/pentaho] created a ThreadLocal with key of type [java.lang.InheritableThreadLocal] (value [java.lang.InheritableThreadLocal@b443e8]) and a value of type [org.pentaho.platform.engine.security.session.TrustedSystemStartupSession] (value [org.pentaho.platform.engine.security.session.TrustedSystemStartupSession@1d86a73]) but failed to remove it when the web application was stopped. This is very likely to create a memory leak.
06-jul-2011 4:45:13 org.apache.catalina.loader.WebappClassLoader clearThreadLocalMap
GRAVE: The web application [/pentaho] created a ThreadLocal with key of type [java.lang.InheritableThreadLocal] (value [java.lang.InheritableThreadLocal@b443e8]) and a value of type [org.pentaho.platform.engine.security.session.TrustedSystemStartupSession] (value [org.pentaho.platform.engine.security.session.TrustedSystemStartupSession@1d86a73]) but failed to remove it when the web application was stopped. This is very likely to create a memory leak.
06-jul-2011 4:45:13 org.apache.catalina.loader.WebappClassLoader clearThreadLocalMap
GRAVE: The web application [/pentaho] created a ThreadLocal with key of type [java.lang.InheritableThreadLocal] (value [java.lang.InheritableThreadLocal@b443e8]) and a value of type [org.pentaho.platform.engine.security.session.TrustedSystemStartupSession] (value [org.pentaho.platform.engine.security.session.TrustedSystemStartupSession@1d86a73]) but failed to remove it when the web application was stopped. This is very likely to create a memory leak.
06-jul-2011 4:45:13 org.apache.catalina.loader.WebappClassLoader clearThreadLocalMap
GRAVE: The web application [/pentaho] created a ThreadLocal with key of type [java.lang.InheritableThreadLocal] (value [java.lang.InheritableThreadLocal@b443e8]) and a value of type [org.pentaho.platform.engine.security.session.TrustedSystemStartupSession] (value [org.pentaho.platform.engine.security.session.TrustedSystemStartupSession@1d86a73]) but failed to remove it when the web application was stopped. This is very likely to create a memory leak.
06-jul-2011 4:45:13 org.apache.catalina.loader.WebappClassLoader clearThreadLocalMap
GRAVE: The web application [/pentaho] created a ThreadLocal with key of type [java.lang.InheritableThreadLocal] (value [java.lang.InheritableThreadLocal@b443e8]) and a value of type [org.pentaho.platform.engine.security.session.TrustedSystemStartupSession] (value [org.pentaho.platform.engine.security.session.TrustedSystemStartupSession@1d86a73]) but failed to remove it when the web application was stopped. This is very likely to create a memory leak.
06-jul-2011 4:45:13 org.apache.catalina.loader.WebappClassLoader clearThreadLocalMap
GRAVE: The web application [/pentaho] created a ThreadLocal with key of type [java.lang.InheritableThreadLocal] (value [java.lang.InheritableThreadLocal@b443e8]) and a value of type [org.pentaho.platform.engine.security.session.TrustedSystemStartupSession] (value [org.pentaho.platform.engine.security.session.TrustedSystemStartupSession@1d86a73]) but failed to remove it when the web application was stopped. This is very likely to create a memory leak.
06-jul-2011 4:45:13 org.apache.catalina.loader.WebappClassLoader clearThreadLocalMap
GRAVE: The web application [/pentaho] created a ThreadLocal with key of type [java.lang.InheritableThreadLocal] (value [java.lang.InheritableThreadLocal@b443e8]) and a value of type [org.pentaho.platform.engine.security.session.TrustedSystemStartupSession] (value [org.pentaho.platform.engine.security.session.TrustedSystemStartupSession@1d86a73]) but failed to remove it when the web application was stopped. This is very likely to create a memory leak.
06-jul-2011 4:45:13 org.apache.catalina.loader.WebappClassLoader clearThreadLocalMap
GRAVE: The web application [/pentaho] created a ThreadLocal with key of type [java.lang.InheritableThreadLocal] (value [java.lang.InheritableThreadLocal@b443e8]) and a value of type [org.pentaho.platform.engine.security.session.TrustedSystemStartupSession] (value [org.pentaho.platform.engine.security.session.TrustedSystemStartupSession@1d86a73]) but failed to remove it when the web application was stopped. This is very likely to create a memory leak.
06-jul-2011 4:45:13 org.apache.catalina.loader.WebappClassLoader clearThreadLocalMap
GRAVE: The web application [/pentaho] created a ThreadLocal with key of type [java.lang.InheritableThreadLocal] (value [java.lang.InheritableThreadLocal@b443e8]) and a value of type [org.pentaho.platform.engine.security.session.TrustedSystemStartupSession] (value [org.pentaho.platform.engine.security.session.TrustedSystemStartupSession@1d86a73]) but failed to remove it when the web application was stopped. This is very likely to create a memory leak.
06-jul-2011 4:45:13 org.apache.catalina.loader.WebappClassLoader clearThreadLocalMap
GRAVE: The web application [/pentaho] created a ThreadLocal with key of type [java.lang.ThreadLocal] (value [java.lang.ThreadLocal@1422b92]) and a value of type [org.pentaho.platform.web.http.session.PentahoHttpSession] (value [org.pentaho.platform.web.http.session.PentahoHttpSession@b9aa1a]) but failed to remove it when the web application was stopped. This is very likely to create a memory leak.
06-jul-2011 4:45:13 org.apache.catalina.loader.WebappClassLoader clearThreadLocalMap
GRAVE: The web application [/pentaho] created a ThreadLocal with key of type [java.lang.ThreadLocal] (value [java.lang.ThreadLocal@148fbb4]) and a value of type [org.pentaho.platform.repository.solution.dbbased.DbBasedSolutionRepository] (value [org.pentaho.platform.repository.solution.dbbased.DbBasedSolutionRepository@11cab1c]) but failed to remove it when the web application was stopped. This is very likely to create a memory leak.
06-jul-2011 4:45:13 org.apache.catalina.loader.WebappClassLoader clearThreadLocalMap
GRAVE: The web application [/pentaho] created a ThreadLocal with key of type [java.lang.ThreadLocal] (value [java.lang.ThreadLocal@148fbb4]) and a value of type [org.pentaho.platform.repository.solution.dbbased.DbBasedSolutionRepository] (value [org.pentaho.platform.repository.solution.dbbased.DbBasedSolutionRepository@c3b9c9]) but failed to remove it when the web application was stopped. This is very likely to create a memory leak.
06-jul-2011 4:45:13 org.apache.catalina.loader.WebappClassLoader clearThreadLocalMap
GRAVE: The web application [/pentaho] created a ThreadLocal with key of type [java.lang.ThreadLocal] (value [java.lang.ThreadLocal@13abb69]) and a value of type [org.pentaho.platform.engine.security.session.TrustedSystemStartupSession] (value [org.pentaho.platform.engine.security.session.TrustedSystemStartupSession@420970]) but failed to remove it when the web application was stopped. This is very likely to create a memory leak.
06-jul-2011 4:45:13 org.apache.catalina.loader.WebappClassLoader clearThreadLocalMap
GRAVE: The web application [/pentaho] created a ThreadLocal with key of type [java.lang.ThreadLocal] (value [java.lang.ThreadLocal@148fbb4]) and a value of type [org.pentaho.platform.repository.solution.dbbased.DbBasedSolutionRepository] (value [org.pentaho.platform.repository.solution.dbbased.DbBasedSolutionRepository@1c101ac]) but failed to remove it when the web application was stopped. This is very likely to create a memory leak.
06-jul-2011 4:45:13 org.apache.catalina.loader.WebappClassLoader clearThreadLocalMap
GRAVE: The web application [/pentaho] created a ThreadLocal with key of type [java.lang.ThreadLocal] (value [java.lang.ThreadLocal@e5f76f]) and a value of type [org.pentaho.platform.engine.security.session.TrustedSystemStartupSession] (value [org.pentaho.platform.engine.security.session.TrustedSystemStartupSession@1ccf24c]) but failed to remove it when the web application was stopped. This is very likely to create a memory leak.
06-jul-2011 4:45:13 org.apache.catalina.loader.WebappClassLoader clearThreadLocalMap
GRAVE: The web application [/pentaho] created a ThreadLocal with key of type [org.apache.log4j.helpers.ThreadLocalMap] (value [org.apache.log4j.helpers.ThreadLocalMap@ea5844]) and a value of type [java.util.Hashtable] (value [{SessionID=235FE7FD2C17E81049E71D66B70ED4AD}]) but failed to remove it when the web application was stopped. This is very likely to create a memory leak.
06-jul-2011 4:45:13 org.apache.catalina.loader.WebappClassLoader clearThreadLocalMap
GRAVE: The web application [/pentaho] created a ThreadLocal with key of type [java.lang.ThreadLocal] (value [java.lang.ThreadLocal@148fbb4]) and a value of type [org.pentaho.platform.repository.solution.dbbased.DbBasedSolutionRepository] (value [org.pentaho.platform.repository.solution.dbbased.DbBasedSolutionRepository@1c101ac]) but failed to remove it when the web application was stopped. This is very likely to create a memory leak.
06-jul-2011 4:45:13 org.apache.catalina.loader.WebappClassLoader clearThreadLocalMap
GRAVE: The web application [/pentaho] created a ThreadLocal with key of type [java.lang.ThreadLocal] (value [java.lang.ThreadLocal@1d7c915]) and a value of type [org.pentaho.platform.web.http.session.PentahoHttpSession] (value [org.pentaho.platform.web.http.session.PentahoHttpSession@4c3dc2]) but failed to remove it when the web application was stopped. This is very likely to create a memory leak.
06-jul-2011 4:45:13 org.apache.catalina.loader.WebappClassLoader clearThreadLocalMap
GRAVE: The web application [/pentaho] created a ThreadLocal with key of type [null] (value [mondrian.rolap.RolapStar$3@1d2a899]) and a value of type [java.util.ArrayList] (value [[]]) but failed to remove it when the web application was stopped. This is very likely to create a memory leak.
06-jul-2011 4:45:13 org.apache.catalina.loader.WebappClassLoader clearThreadLocalMap
GRAVE: The web application [/pentaho] created a ThreadLocal with key of type [null] (value [mondrian.rolap.RolapStar$2@13af798]) and a value of type [java.util.HashMap] (value [{}]) but failed to remove it when the web application was stopped. This is very likely to create a memory leak.
06-jul-2011 4:45:13 org.apache.catalina.loader.WebappClassLoader clearThreadLocalMap
GRAVE: The web application [/pentaho] created a ThreadLocal with key of type [null] (value [mondrian.rolap.RolapStar$3@553a89]) and a value of type [java.util.ArrayList] (value [[]]) but failed to remove it when the web application was stopped. This is very likely to create a memory leak.
06-jul-2011 4:45:13 org.apache.catalina.loader.WebappClassLoader clearThreadLocalMap
GRAVE: The web application [/pentaho] created a ThreadLocal with key of type [null] (value [mondrian.rolap.RolapStar$2@17606e7]) and a value of type [java.util.HashMap] (value [{}]) but failed to remove it when the web application was stopped. This is very likely to create a memory leak.
06-jul-2011 4:45:13 org.apache.catalina.loader.WebappClassLoader clearThreadLocalMap
GRAVE: The web application [/pentaho] created a ThreadLocal with key of type [java.lang.ThreadLocal] (value [java.lang.ThreadLocal@1bf37d3]) and a value of type [org.pentaho.platform.engine.security.session.TrustedSystemStartupSession] (value [org.pentaho.platform.engine.security.session.TrustedSystemStartupSession@1a9ca2f]) but failed to remove it when the web application was stopped. This is very likely to create a memory leak.
06-jul-2011 4:45:13 org.apache.catalina.loader.WebappClassLoader clearThreadLocalMap
GRAVE: The web application [/pentaho] created a ThreadLocal with key of type [java.lang.ThreadLocal] (value [java.lang.ThreadLocal@e5f76f]) and a value of type [org.pentaho.platform.web.http.session.PentahoHttpSession] (value [org.pentaho.platform.web.http.session.PentahoHttpSession@114ba11]) but failed to remove it when the web application was stopped. This is very likely to create a memory leak.
06-jul-2011 4:45:13 org.apache.catalina.loader.WebappClassLoader clearThreadLocalMap
GRAVE: The web application [/pentaho] created a ThreadLocal with key of type [java.lang.ThreadLocal] (value [java.lang.ThreadLocal@ea3e24]) and a value of type [org.pentaho.platform.web.http.session.PentahoHttpSession] (value [org.pentaho.platform.web.http.session.PentahoHttpSession@1e5214b]) but failed to remove it when the web application was stopped. This is very likely to create a memory leak.
06-jul-2011 4:45:13 org.apache.catalina.loader.WebappClassLoader clearThreadLocalMap
GRAVE: The web application [/pentaho] created a ThreadLocal with key of type [null] (value [mondrian.rolap.RolapStar$3@95b836]) and a value of type [java.util.ArrayList] (value [[]]) but failed to remove it when the web application was stopped. This is very likely to create a memory leak.
06-jul-2011 4:45:13 org.apache.catalina.loader.WebappClassLoader clearThreadLocalMap
GRAVE: The web application [/pentaho] created a ThreadLocal with key of type [null] (value [mondrian.rolap.RolapStar$2@170f0e9]) and a value of type [java.util.HashMap] (value [{}]) but failed to remove it when the web application was stopped. This is very likely to create a memory leak.
06-jul-2011 4:45:13 org.apache.catalina.loader.WebappClassLoader clearThreadLocalMap
GRAVE: The web application [/pentaho] created a ThreadLocal with key of type [org.apache.log4j.helpers.ThreadLocalMap] (value [org.apache.log4j.helpers.ThreadLocalMap@ea5844]) and a value of type [java.util.Hashtable] (value [{SessionID=235FE7FD2C17E81049E71D66B70ED4AD}]) but failed to remove it when the web application was stopped. This is very likely to create a memory leak.
06-jul-2011 4:45:13 org.apache.catalina.loader.WebappClassLoader clearThreadLocalMap
GRAVE: The web application [/pentaho] created a ThreadLocal with key of type [java.lang.ThreadLocal] (value [java.lang.ThreadLocal@148fbb4]) and a value of type [org.pentaho.platform.repository.solution.dbbased.DbBasedSolutionRepository] (value [org.pentaho.platform.repository.solution.dbbased.DbBasedSolutionRepository@ed7be0]) but failed to remove it when the web application was stopped. This is very likely to create a memory leak.
06-jul-2011 4:45:13 org.apache.catalina.loader.WebappClassLoader clearThreadLocalMap
GRAVE: The web application [/pentaho] created a ThreadLocal with key of type [null] (value [mondrian.rolap.RolapStar$3@639b49]) and a value of type [java.util.ArrayList] (value [[]]) but failed to remove it when the web application was stopped. This is very likely to create a memory leak.
06-jul-2011 4:45:13 org.apache.catalina.loader.WebappClassLoader clearThreadLocalMap
GRAVE: The web application [/pentaho] created a ThreadLocal with key of type [java.lang.ThreadLocal] (value [java.lang.ThreadLocal@167daf3]) and a value of type [org.pentaho.platform.engine.security.session.TrustedSystemStartupSession] (value [org.pentaho.platform.engine.security.session.TrustedSystemStartupSession@60648]) but failed to remove it when the web application was stopped. This is very likely to create a memory leak.
06-jul-2011 4:45:13 org.apache.catalina.loader.WebappClassLoader clearThreadLocalMap
GRAVE: The web application [/pentaho] created a ThreadLocal with key of type [java.lang.ThreadLocal] (value [java.lang.ThreadLocal@1579072]) and a value of type [org.pentaho.platform.engine.security.session.TrustedSystemStartupSession] (value [org.pentaho.platform.engine.security.session.TrustedSystemStartupSession@a7e5af]) but failed to remove it when the web application was stopped. This is very likely to create a memory leak.
06-jul-2011 4:45:13 org.apache.catalina.loader.WebappClassLoader clearThreadLocalMap
GRAVE: The web application [/pentaho] created a ThreadLocal with key of type [null] (value [mondrian.rolap.RolapStar$3@1cc49c7]) and a value of type [java.util.ArrayList] (value [[]]) but failed to remove it when the web application was stopped. This is very likely to create a memory leak.
06-jul-2011 4:45:13 org.apache.catalina.loader.WebappClassLoader clearThreadLocalMap
GRAVE: The web application [/pentaho] created a ThreadLocal with key of type [null] (value [mondrian.rolap.RolapStar$3@ffba2d]) and a value of type [java.util.ArrayList] (value [[]]) but failed to remove it when the web application was stopped. This is very likely to create a memory leak.
06-jul-2011 4:45:13 org.apache.catalina.loader.WebappClassLoader clearThreadLocalMap
GRAVE: The web application [/pentaho] created a ThreadLocal with key of type [java.lang.ThreadLocal] (value [java.lang.ThreadLocal@e5f76f]) and a value of type [org.pentaho.platform.web.http.session.PentahoHttpSession] (value [org.pentaho.platform.web.http.session.PentahoHttpSession@114ba11]) but failed to remove it when the web application was stopped. This is very likely to create a memory leak.
06-jul-2011 4:45:13 org.apache.catalina.loader.WebappClassLoader clearThreadLocalMap
GRAVE: The web application [/pentaho] created a ThreadLocal with key of type [null] (value [mondrian.rolap.RolapStar$3@117fd97]) and a value of type [java.util.ArrayList] (value [[]]) but failed to remove it when the web application was stopped. This is very likely to create a memory leak.
06-jul-2011 4:45:13 org.apache.catalina.loader.WebappClassLoader clearThreadLocalMap
GRAVE: The web application [/pentaho] created a ThreadLocal with key of type [null] (value [mondrian.rolap.RolapStar$2@9d36d]) and a value of type [java.util.HashMap] (value [{}]) but failed to remove it when the web application was stopped. This is very likely to create a memory leak.
06-jul-2011 4:45:13 org.apache.catalina.loader.WebappClassLoader clearThreadLocalMap
GRAVE: The web application [/pentaho] created a ThreadLocal with key of type [null] (value [mondrian.rolap.RolapStar$2@117a25b]) and a value of type [java.util.HashMap] (value [{}]) but failed to remove it when the web application was stopped. This is very likely to create a memory leak.
06-jul-2011 4:45:13 org.apache.catalina.loader.WebappClassLoader clearThreadLocalMap
GRAVE: The web application [/pentaho] created a ThreadLocal with key of type [java.lang.ThreadLocal] (value [java.lang.ThreadLocal@a426c6]) and a value of type [org.pentaho.platform.engine.security.session.TrustedSystemStartupSession] (value [org.pentaho.platform.engine.security.session.TrustedSystemStartupSession@1e8b864]) but failed to remove it when the web application was stopped. This is very likely to create a memory leak.
06-jul-2011 4:45:13 org.apache.catalina.loader.WebappClassLoader clearThreadLocalMap
GRAVE: The web application [/pentaho] created a ThreadLocal with key of type [java.lang.ThreadLocal] (value [java.lang.ThreadLocal@edb45e]) and a value of type [org.pentaho.platform.web.http.session.PentahoHttpSession] (value [org.pentaho.platform.web.http.session.PentahoHttpSession@18330b2]) but failed to remove it when the web application was stopped. This is very likely to create a memory leak.
06-jul-2011 4:45:13 org.apache.catalina.loader.WebappClassLoader clearThreadLocalMap
GRAVE: The web application [/pentaho] created a ThreadLocal with key of type [null] (value [mondrian.rolap.RolapStar$2@1dcc34b]) and a value of type [java.util.HashMap] (value [{}]) but failed to remove it when the web application was stopped. This is very likely to create a memory leak.
06-jul-2011 4:45:13 org.apache.catalina.loader.WebappClassLoader clearThreadLocalMap
GRAVE: The web application [/pentaho] created a ThreadLocal with key of type [null] (value [mondrian.rolap.RolapStar$2@99824b]) and a value of type [java.util.HashMap] (value [{}]) but failed to remove it when the web application was stopped. This is very likely to create a memory leak.
06-jul-2011 4:45:13 org.apache.catalina.loader.WebappClassLoader clearThreadLocalMap
GRAVE: The web application [/pentaho] created a ThreadLocal with key of type [org.apache.log4j.helpers.ThreadLocalMap] (value [org.apache.log4j.helpers.ThreadLocalMap@ea5844]) and a value of type [java.util.Hashtable] (value [{SessionID=235FE7FD2C17E81049E71D66B70ED4AD}]) but failed to remove it when the web application was stopped. This is very likely to create a memory leak.
06-jul-2011 4:45:13 org.apache.catalina.loader.WebappClassLoader clearThreadLocalMap
GRAVE: The web application [/pentaho] created a ThreadLocal with key of type [java.lang.ThreadLocal] (value [java.lang.ThreadLocal@148fbb4]) and a value of type [org.pentaho.platform.repository.solution.dbbased.DbBasedSolutionRepository] (value [org.pentaho.platform.repository.solution.dbbased.DbBasedSolutionRepository@1c101ac]) but failed to remove it when the web application was stopped. This is very likely to create a memory leak.
06-jul-2011 4:45:13 org.apache.catalina.loader.WebappClassLoader clearThreadLocalMap
GRAVE: The web application [/pentaho] created a ThreadLocal with key of type [java.lang.ThreadLocal] (value [java.lang.ThreadLocal@e5f76f]) and a value of type [org.pentaho.platform.web.http.session.PentahoHttpSession] (value [org.pentaho.platform.web.http.session.PentahoHttpSession@114ba11]) but failed to remove it when the web application was stopped. This is very likely to create a memory leak.
06-jul-2011 4:45:13 org.apache.catalina.loader.WebappClassLoader clearThreadLocalMap
GRAVE: The web application [/pentaho] created a ThreadLocal with key of type [java.lang.ThreadLocal] (value [java.lang.ThreadLocal@148fbb4]) and a value of type [org.pentaho.platform.repository.solution.dbbased.DbBasedSolutionRepository] (value [org.pentaho.platform.repository.solution.dbbased.DbBasedSolutionRepository@1faa85e]) but failed to remove it when the web application was stopped. This is very likely to create a memory leak.
06-jul-2011 4:45:13 org.apache.catalina.loader.WebappClassLoader clearThreadLocalMap
GRAVE: The web application [/pentaho] created a ThreadLocal with key of type [null] (value [mondrian.rolap.RolapStar$3@639b49]) and a value of type [java.util.ArrayList] (value [[]]) but failed to remove it when the web application was stopped. This is very likely to create a memory leak.
06-jul-2011 4:45:13 org.apache.catalina.loader.WebappClassLoader clearThreadLocalMap
GRAVE: The web application [/pentaho] created a ThreadLocal with key of type [java.lang.ThreadLocal] (value [java.lang.ThreadLocal@391cb2]) and a value of type [org.pentaho.platform.web.http.session.PentahoHttpSession] (value [org.pentaho.platform.web.http.session.PentahoHttpSession@edf2e2]) but failed to remove it when the web application was stopped. This is very likely to create a memory leak.
06-jul-2011 4:45:13 org.apache.catalina.loader.WebappClassLoader clearThreadLocalMap
GRAVE: The web application [/pentaho] created a ThreadLocal with key of type [null] (value [mondrian.rolap.RolapStar$3@1cc49c7]) and a value of type [java.util.ArrayList] (value [[]]) but failed to remove it when the web application was stopped. This is very likely to create a memory leak.
06-jul-2011 4:45:13 org.apache.catalina.loader.WebappClassLoader clearThreadLocalMap
GRAVE: The web application [/pentaho] created a ThreadLocal with key of type [java.lang.ThreadLocal] (value [java.lang.ThreadLocal@18b1864]) and a value of type [org.pentaho.platform.engine.security.session.TrustedSystemStartupSession] (value [org.pentaho.platform.engine.security.session.TrustedSystemStartupSession@b29eda]) but failed to remove it when the web application was stopped. This is very likely to create a memory leak.
06-jul-2011 4:45:13 org.apache.catalina.loader.WebappClassLoader clearThreadLocalMap
GRAVE: The web application [/pentaho] created a ThreadLocal with key of type [null] (value [mondrian.rolap.RolapStar$3@ffba2d]) and a value of type [java.util.ArrayList] (value [[]]) but failed to remove it when the web application was stopped. This is very likely to create a memory leak.
06-jul-2011 4:45:13 org.apache.catalina.loader.WebappClassLoader clearThreadLocalMap
GRAVE: The web application [/pentaho] created a ThreadLocal with key of type [java.lang.ThreadLocal] (value [java.lang.ThreadLocal@e5f76f]) and a value of type [org.pentaho.platform.engine.security.session.TrustedSystemStartupSession] (value [org.pentaho.platform.engine.security.session.TrustedSystemStartupSession@eb7ebf]) but failed to remove it when the web application was stopped. This is very likely to create a memory leak.
06-jul-2011 4:45:13 org.apache.catalina.loader.WebappClassLoader clearThreadLocalMap
GRAVE: The web application [/pentaho] created a ThreadLocal with key of type [null] (value [mondrian.rolap.RolapStar$3@117fd97]) and a value of type [java.util.ArrayList] (value [[]]) but failed to remove it when the web application was stopped. This is very likely to create a memory leak.
06-jul-2011 4:45:13 org.apache.catalina.loader.WebappClassLoader clearThreadLocalMap
GRAVE: The web application [/pentaho] created a ThreadLocal with key of type [null] (value [mondrian.rolap.RolapStar$2@9d36d]) and a value of type [java.util.HashMap] (value [{}]) but failed to remove it when the web application was stopped. This is very likely to create a memory leak.
06-jul-2011 4:45:13 org.apache.catalina.loader.WebappClassLoader clearThreadLocalMap
GRAVE: The web application [/pentaho] created a ThreadLocal with key of type [java.lang.ThreadLocal] (value [java.lang.ThreadLocal@ee7c30]) and a value of type [org.pentaho.platform.web.http.session.PentahoHttpSession] (value [org.pentaho.platform.web.http.session.PentahoHttpSession@cd0613]) but failed to remove it when the web application was stopped. This is very likely to create a memory leak.
06-jul-2011 4:45:13 org.apache.catalina.loader.WebappClassLoader clearThreadLocalMap
GRAVE: The web application [/pentaho] created a ThreadLocal with key of type [java.lang.ThreadLocal] (value [java.lang.ThreadLocal@11b37e4]) and a value of type [org.pentaho.platform.web.http.session.PentahoHttpSession] (value [org.pentaho.platform.web.http.session.PentahoHttpSession@101063e]) but failed to remove it when the web application was stopped. This is very likely to create a memory leak.
06-jul-2011 4:45:13 org.apache.catalina.loader.WebappClassLoader clearThreadLocalMap
GRAVE: The web application [/pentaho] created a ThreadLocal with key of type [java.lang.ThreadLocal] (value [java.lang.ThreadLocal@1f28b8a]) and a value of type [org.pentaho.platform.web.http.session.PentahoHttpSession] (value [org.pentaho.platform.web.http.session.PentahoHttpSession@64a965]) but failed to remove it when the web application was stopped. This is very likely to create a memory leak.
06-jul-2011 4:45:13 org.apache.catalina.loader.WebappClassLoader clearThreadLocalMap
GRAVE: The web application [/pentaho] created a ThreadLocal with key of type [null] (value [mondrian.rolap.RolapStar$2@117a25b]) and a value of type [java.util.HashMap] (value [{}]) but failed to remove it when the web application was stopped. This is very likely to create a memory leak.
06-jul-2011 4:45:13 org.apache.catalina.loader.WebappClassLoader clearThreadLocalMap
GRAVE: The web application [/pentaho] created a ThreadLocal with key of type [null] (value [mondrian.rolap.RolapStar$2@1dcc34b]) and a value of type [java.util.HashMap] (value [{}]) but failed to remove it when the web application was stopped. This is very likely to create a memory leak.
06-jul-2011 4:45:13 org.apache.catalina.loader.WebappClassLoader clearThreadLocalMap
GRAVE: The web application [/pentaho] created a ThreadLocal with key of type [null] (value [mondrian.rolap.RolapStar$2@99824b]) and a value of type [java.util.HashMap] (value [{}]) but failed to remove it when the web application was stopped. This is very likely to create a memory leak.
06-jul-2011 4:45:13 org.apache.catalina.loader.WebappClassLoader clearThreadLocalMap
GRAVE: The web application [/pentaho] created a ThreadLocal with key of type [org.apache.log4j.helpers.ThreadLocalMap] (value [org.apache.log4j.helpers.ThreadLocalMap@ea5844]) and a value of type [java.util.Hashtable] (value [{SessionID=235FE7FD2C17E81049E71D66B70ED4AD}]) but failed to remove it when the web application was stopped. This is very likely to create a memory leak.
06-jul-2011 4:45:13 org.apache.catalina.loader.WebappClassLoader clearThreadLocalMap
GRAVE: The web application [/pentaho] created a ThreadLocal with key of type [java.lang.ThreadLocal] (value [java.lang.ThreadLocal@148fbb4]) and a value of type [org.pentaho.platform.repository.solution.dbbased.DbBasedSolutionRepository] (value [org.pentaho.platform.repository.solution.dbbased.DbBasedSolutionRepository@1c101ac]) but failed to remove it when the web application was stopped. This is very likely to create a memory leak.
06-jul-2011 4:45:13 org.apache.catalina.loader.WebappClassLoader clearThreadLocalMap
GRAVE: The web application [/pentaho] created a ThreadLocal with key of type [java.lang.ThreadLocal] (value [java.lang.ThreadLocal@a732d9]) and a value of type [org.pentaho.platform.engine.security.session.TrustedSystemStartupSession] (value [org.pentaho.platform.engine.security.session.TrustedSystemStartupSession@bbc4bc]) but failed to remove it when the web application was stopped. This is very likely to create a memory leak.
06-jul-2011 4:45:13 org.apache.catalina.loader.WebappClassLoader clearThreadLocalMap
GRAVE: The web application [/pentaho] created a ThreadLocal with key of type [null] (value [mondrian.rolap.RolapStar$2@13af798]) and a value of type [java.util.HashMap] (value [{}]) but failed to remove it when the web application was stopped. This is very likely to create a memory leak.
06-jul-2011 4:45:13 org.apache.catalina.loader.WebappClassLoader clearThreadLocalMap
GRAVE: The web application [/pentaho] created a ThreadLocal with key of type [null] (value [mondrian.rolap.RolapStar$2@fb523a]) and a value of type [java.util.HashMap] (value [{}]) but failed to remove it when the web application was stopped. This is very likely to create a memory leak.
06-jul-2011 4:45:13 org.apache.catalina.loader.WebappClassLoader clearThreadLocalMap
GRAVE: The web application [/pentaho] created a ThreadLocal with key of type [java.lang.ThreadLocal] (value [java.lang.ThreadLocal@1d38a73]) and a value of type [org.pentaho.platform.web.http.session.PentahoHttpSession] (value [org.pentaho.platform.web.http.session.PentahoHttpSession@1f3f591]) but failed to remove it when the web application was stopped. This is very likely to create a memory leak.
06-jul-2011 4:45:13 org.apache.catalina.loader.WebappClassLoader clearThreadLocalMap
GRAVE: The web application [/pentaho] created a ThreadLocal with key of type [java.lang.ThreadLocal] (value [java.lang.ThreadLocal@1268b1c]) and a value of type [org.pentaho.platform.engine.security.session.TrustedSystemStartupSession] (value [org.pentaho.platform.engine.security.session.TrustedSystemStartupSession@16788f2]) but failed to remove it when the web application was stopped. This is very likely to create a memory leak.
06-jul-2011 4:45:13 org.apache.catalina.loader.WebappClassLoader clearThreadLocalMap
GRAVE: The web application [/pentaho] created a ThreadLocal with key of type [null] (value [mondrian.rolap.RolapStar$3@553a89]) and a value of type [java.util.ArrayList] (value [[]]) but failed to remove it when the web application was stopped. This is very likely to create a memory leak.
06-jul-2011 4:45:13 org.apache.catalina.loader.WebappClassLoader clearThreadLocalMap
GRAVE: The web application [/pentaho] created a ThreadLocal with key of type [null] (value [mondrian.rolap.RolapStar$3@176f99a]) and a value of type [java.util.ArrayList] (value [[]]) but failed to remove it when the web application was stopped. This is very likely to create a memory leak.
06-jul-2011 4:45:13 org.apache.catalina.loader.WebappClassLoader clearThreadLocalMap
GRAVE: The web application [/pentaho] created a ThreadLocal with key of type [null] (value [mondrian.rolap.RolapStar$2@17606e7]) and a value of type [java.util.HashMap] (value [{}]) but failed to remove it when the web application was stopped. This is very likely to create a memory leak.
06-jul-2011 4:45:13 org.apache.catalina.loader.WebappClassLoader clearThreadLocalMap
GRAVE: The web application [/pentaho] created a ThreadLocal with key of type [java.lang.ThreadLocal] (value [java.lang.ThreadLocal@e5f76f]) and a value of type [org.pentaho.platform.web.http.session.PentahoHttpSession] (value [org.pentaho.platform.web.http.session.PentahoHttpSession@114ba11]) but failed to remove it when the web application was stopped. This is very likely to create a memory leak.
06-jul-2011 4:45:13 org.apache.catalina.loader.WebappClassLoader clearThreadLocalMap
GRAVE: The web application [/pentaho] created a ThreadLocal with key of type [null] (value [mondrian.rolap.RolapStar$3@95b836]) and a value of type [java.util.ArrayList] (value [[]]) but failed to remove it when the web application was stopped. This is very likely to create a memory leak.
06-jul-2011 4:45:13 org.apache.catalina.loader.WebappClassLoader clearThreadLocalMap
GRAVE: The web application [/pentaho] created a ThreadLocal with key of type [org.apache.log4j.helpers.ThreadLocalMap] (value [org.apache.log4j.helpers.ThreadLocalMap@ea5844]) and a value of type [java.util.Hashtable] (value [{SessionID=235FE7FD2C17E81049E71D66B70ED4AD}]) but failed to remove it when the web application was stopped. This is very likely to create a memory leak.
06-jul-2011 4:45:13 org.apache.catalina.loader.WebappClassLoader clearThreadLocalMap
GRAVE: The web application [/pentaho] created a ThreadLocal with key of type [java.lang.InheritableThreadLocal] (value [java.lang.InheritableThreadLocal@b443e8]) and a value of type [org.pentaho.platform.web.http.session.PentahoHttpSession] (value [org.pentaho.platform.web.http.session.PentahoHttpSession@114ba11]) but failed to remove it when the web application was stopped. This is very likely to create a memory leak.
06-jul-2011 4:45:13 org.apache.catalina.loader.WebappClassLoader clearThreadLocalMap
GRAVE: The web application [/pentaho] created a ThreadLocal with key of type [java.lang.InheritableThreadLocal] (value [java.lang.InheritableThreadLocal@d63ef6]) and a value of type [org.pentaho.platform.engine.core.system.BasePentahoRequestContext] (value [org.pentaho.platform.engine.core.system.BasePentahoRequestContext@1bfaccf]) but failed to remove it when the web application was stopped. This is very likely to create a memory leak.
06-jul-2011 4:45:13 org.apache.catalina.loader.WebappClassLoader clearThreadLocalMap
GRAVE: The web application [/pentaho] created a ThreadLocal with key of type [org.apache.log4j.helpers.ThreadLocalMap] (value [org.apache.log4j.helpers.ThreadLocalMap@ea5844]) and a value of type [java.util.Hashtable] (value [{SessionID=235FE7FD2C17E81049E71D66B70ED4AD}]) but failed to remove it when the web application was stopped. This is very likely to create a memory leak.
06-jul-2011 4:45:13 org.apache.catalina.loader.WebappClassLoader clearThreadLocalMap
GRAVE: The web application [/pentaho] created a ThreadLocal with key of type [java.lang.InheritableThreadLocal] (value [java.lang.InheritableThreadLocal@b443e8]) and a value of type [org.pentaho.platform.web.http.session.PentahoHttpSession] (value [org.pentaho.platform.web.http.session.PentahoHttpSession@114ba11]) but failed to remove it when the web application was stopped. This is very likely to create a memory leak.
06-jul-2011 4:45:13 org.apache.catalina.loader.WebappClassLoader clearThreadLocalMap
GRAVE: The web application [/pentaho] created a ThreadLocal with key of type [java.lang.InheritableThreadLocal] (value [java.lang.InheritableThreadLocal@d63ef6]) and a value of type [org.pentaho.platform.engine.core.system.BasePentahoRequestContext] (value [org.pentaho.platform.engine.core.system.BasePentahoRequestContext@1bfaccf]) but failed to remove it when the web application was stopped. This is very likely to create a memory leak.
06-jul-2011 4:45:13 org.apache.catalina.loader.WebappClassLoader clearThreadLocalMap
GRAVE: The web application [/pentaho] created a ThreadLocal with key of type [org.apache.log4j.helpers.ThreadLocalMap] (value [org.apache.log4j.helpers.ThreadLocalMap@ea5844]) and a value of type [java.util.Hashtable] (value [{SessionID=235FE7FD2C17E81049E71D66B70ED4AD}]) but failed to remove it when the web application was stopped. This is very likely to create a memory leak.
06-jul-2011 4:45:16 org.apache.coyote.http11.Http11Protocol destroy
INFO: Parando Coyote HTTP/1.1 en puerto http-8080
