28-jun-2011 16:53:08 org.apache.catalina.core.AprLifecycleListener init
INFO: La biblioteca nativa de Apache Tomcat basada en ARP que permite un rendimiento óptimo en entornos de desarrollo no ha sido hallada en java.library.path: C:\Program Files\Java\jdk1.6.0_25\bin;.;C:\Windows\Sun\Java\bin;C:\Windows\system32;C:\Windows;C:\Program Files\MiKTeX 2.9\miktex\bin;C:\Program Files\Common Files\Microsoft Shared\Windows Live;C:\Windows\system32;C:\Windows;C:\Windows\System32\Wbem;C:\Windows\System32\WindowsPowerShell\v1.0\;C:\Program Files\Windows Live\Shared
28-jun-2011 16:53:08 org.apache.coyote.http11.Http11Protocol init
INFO: Inicializando Coyote HTTP/1.1 en puerto http-8080
28-jun-2011 16:53:08 org.apache.catalina.startup.Catalina load
INFO: Initialization processed in 544 ms
28-jun-2011 16:53:08 org.apache.catalina.core.StandardService start
INFO: Arrancando servicio Catalina
28-jun-2011 16:53:08 org.apache.catalina.core.StandardEngine start
INFO: Starting Servlet Engine: Apache Tomcat/6.0.29
28-jun-2011 16:53:08 org.apache.catalina.startup.HostConfig deployDescriptor
INFO: Desplieque del descriptor de configuración pentaho.xml
28-jun-2011 16:53:10 org.apache.catalina.startup.ContextConfig validateSecurityRoles
INFO: ATENCIÓN: El nombre de papel de seguridad PENTAHO_ADMIN es usado en un <auth-constraint> sin haber sido definido en <security-role>
28-jun-2011 16:53:34 org.apache.catalina.startup.HostConfig deployDirectory
INFO: Despliegue del directorio pentaho-style de la aplicación web
28-jun-2011 16:53:35 org.apache.catalina.startup.HostConfig deployDirectory
INFO: Despliegue del directorio ROOT de la aplicación web
28-jun-2011 16:53:35 org.apache.catalina.startup.HostConfig deployDirectory
INFO: Despliegue del directorio sw-style de la aplicación web
28-jun-2011 16:53:35 org.apache.coyote.http11.Http11Protocol start
INFO: Arrancando Coyote HTTP/1.1 en puerto http-8080
28-jun-2011 16:53:35 org.apache.jk.common.ChannelSocket init
INFO: JK: ajp13 listening on /0.0.0.0:8009
28-jun-2011 16:53:35 org.apache.jk.server.JkMain start
INFO: Jk running ID=0 time=0/51  config=null
28-jun-2011 16:53:35 org.apache.catalina.startup.Catalina start
INFO: Server startup in 26494 ms
28-jun-2011 23:40:44 org.apache.coyote.http11.Http11Protocol pause
INFO: Pausando Coyote HTTP/1.1 en puerto http-8080
28-jun-2011 23:40:45 org.apache.catalina.core.StandardService stop
INFO: Parando servicio Catalina
28-jun-2011 23:40:46 org.apache.catalina.loader.WebappClassLoader clearReferencesJdbc
GRAVE: The web application [/pentaho] registered the JBDC driver [mondrian.olap4j.MondrianOlap4jDriver] but failed to unregister it when the web application was stopped. To prevent a memory leak, the JDBC Driver has been forcibly unregistered.
28-jun-2011 23:40:46 org.apache.catalina.loader.WebappClassLoader clearReferencesThreads
GRAVE: The web application [/pentaho] appears to have started a thread named [HSQLDB Timer @754fc] but has failed to stop it. This is very likely to create a memory leak.
28-jun-2011 23:40:46 org.apache.catalina.loader.WebappClassLoader clearReferencesThreads
GRAVE: The web application [/pentaho] appears to have started a thread named [net.sf.ehcache.CacheManager@f8ae79] but has failed to stop it. This is very likely to create a memory leak.
28-jun-2011 23:40:46 org.apache.catalina.loader.WebappClassLoader clearReferencesThreads
GRAVE: The web application [/pentaho] appears to have started a thread named [Store libloader-data Spool Thread] but has failed to stop it. This is very likely to create a memory leak.
28-jun-2011 23:40:46 org.apache.catalina.loader.WebappClassLoader clearReferencesThreads
GRAVE: The web application [/pentaho] appears to have started a thread named [Store pentahoCache Spool Thread] but has failed to stop it. This is very likely to create a memory leak.
28-jun-2011 23:40:46 org.apache.catalina.loader.WebappClassLoader clearReferencesThreads
GRAVE: The web application [/pentaho] appears to have started a thread named [Store mondrian-catalog-cache Spool Thread] but has failed to stop it. This is very likely to create a memory leak.
28-jun-2011 23:40:46 org.apache.catalina.loader.WebappClassLoader clearReferencesThreads
GRAVE: The web application [/pentaho] appears to have started a thread named [Timer-0] but has failed to stop it. This is very likely to create a memory leak.
28-jun-2011 23:40:46 org.apache.catalina.loader.WebappClassLoader clearReferencesThreads
GRAVE: The web application [/pentaho] appears to have started a thread named [net.sf.ehcache.CacheManager@65ab77] but has failed to stop it. This is very likely to create a memory leak.
28-jun-2011 23:40:46 org.apache.catalina.loader.WebappClassLoader clearReferencesThreads
GRAVE: The web application [/pentaho] appears to have started a thread named [Store pentahoCache Spool Thread] but has failed to stop it. This is very likely to create a memory leak.
28-jun-2011 23:40:46 org.apache.catalina.loader.WebappClassLoader clearReferencesThreads
GRAVE: The web application [/pentaho] appears to have started a thread named [Store mondrian-catalog-cache Spool Thread] but has failed to stop it. This is very likely to create a memory leak.
28-jun-2011 23:40:46 org.apache.catalina.loader.WebappClassLoader clearReferencesThreads
GRAVE: The web application [/pentaho] appears to have started a thread named [Store libloader-data Spool Thread] but has failed to stop it. This is very likely to create a memory leak.
28-jun-2011 23:40:46 org.apache.catalina.loader.WebappClassLoader clearReferencesThreads
GRAVE: The web application [/pentaho] appears to have started a thread named [MySQL Statement Cancellation Timer] but has failed to stop it. This is very likely to create a memory leak.
28-jun-2011 23:40:46 org.apache.catalina.loader.WebappClassLoader clearReferencesThreads
GRAVE: The web application [/pentaho] appears to have started a thread named [net.sf.ehcache.CacheManager@b54ef7] but has failed to stop it. This is very likely to create a memory leak.
28-jun-2011 23:40:46 org.apache.catalina.loader.WebappClassLoader clearReferencesThreads
GRAVE: The web application [/pentaho] appears to have started a thread named [Store pentahoCache Spool Thread] but has failed to stop it. This is very likely to create a memory leak.
28-jun-2011 23:40:46 org.apache.catalina.loader.WebappClassLoader clearReferencesThreads
GRAVE: The web application [/pentaho] appears to have started a thread named [Store libloader-data Spool Thread] but has failed to stop it. This is very likely to create a memory leak.
28-jun-2011 23:40:46 org.apache.catalina.loader.WebappClassLoader clearReferencesThreads
GRAVE: The web application [/pentaho] appears to have started a thread named [Store mondrian-catalog-cache Spool Thread] but has failed to stop it. This is very likely to create a memory leak.
28-jun-2011 23:40:46 org.apache.catalina.loader.WebappClassLoader clearThreadLocalMap
GRAVE: The web application [/pentaho] created a ThreadLocal with key of type [java.lang.ThreadLocal] (value [java.lang.ThreadLocal@1930fb4]) and a value of type [org.pentaho.platform.repository.solution.dbbased.DbBasedSolutionRepository] (value [org.pentaho.platform.repository.solution.dbbased.DbBasedSolutionRepository@d51b41]) but failed to remove it when the web application was stopped. This is very likely to create a memory leak.
28-jun-2011 23:40:46 org.apache.catalina.loader.WebappClassLoader clearThreadLocalMap
GRAVE: The web application [/pentaho] created a ThreadLocal with key of type [java.lang.ThreadLocal] (value [java.lang.ThreadLocal@1ec04ab]) and a value of type [org.hibernate.impl.SessionImpl] (value [SessionImpl(PersistenceContext[entityKeys=[EntityKey[org.pentaho.platform.repository.solution.dbbased.RepositoryFile#e2d654db-9224-11e0-971d-c91deac9f05c], EntityKey[org.pentaho.platform.repository.solution.dbbased.RepositoryFile#e2d08869-9224-11e0-971d-c91deac9f05c], EntityKey[org.pentaho.platform.repository.solution.dbbased.RepositoryFile#e2d431f4-9224-11e0-971d-c91deac9f05c], EntityKey[org.pentaho.platform.repository.solution.dbbased.RepositoryFile#e2d6a2fd-9224-11e0-971d-c91deac9f05c], EntityKey[org.pentaho.platform.repository.solution.dbbased.RepositoryFile#e2d3478f-9224-11e0-971d-c91deac9f05c], EntityKey[org.pentaho.platform.repository.solution.dbbased.RepositoryFile#e2d36ea0-9224-11e0-971d-c91deac9f05c], EntityKey[org.pentaho.platform.repository.solution.dbbased.RepositoryFile#e2d5dfa9-9224-11e0-971d-c91deac9f05c], EntityKey[org.pentaho.platform.repository.solution.dbbased.RepositoryFile#e2d5b898-9224-11e0-971d-c91deac9f05c], EntityKey[org.pentaho.platform.repository.solution.dbbased.RepositoryFile#e2d98932-9224-11e0-971d-c91deac9f05c], EntityKey[org.pentaho.platform.repository.solution.dbbased.RepositoryFile#e2d3bcc2-9224-11e0-971d-c91deac9f05c], EntityKey[org.pentaho.platform.repository.solution.dbbased.RepositoryFile#e2db5df3-9224-11e0-971d-c91deac9f05c], EntityKey[org.pentaho.platform.repository.solution.dbbased.RepositoryFile#e2d8ecef-9224-11e0-971d-c91deac9f05c], EntityKey[org.pentaho.platform.repository.solution.dbbased.RepositoryFile#e2d2843b-9224-11e0-971d-c91deac9f05c], EntityKey[org.pentaho.platform.repository.solution.dbbased.RepositoryFile#e2d395b1-9224-11e0-971d-c91deac9f05c], EntityKey[org.pentaho.platform.repository.solution.dbbased.RepositoryFile#e2d3207e-9224-11e0-971d-c91deac9f05c], EntityKey[org.pentaho.platform.repository.solution.dbbased.RepositoryFile#e11914a3-9224-11e0-971d-c91deac9f05c], EntityKey[org.pentaho.platform.repository.solution.dbbased.RepositoryFile#e11a7483-9224-11e0-971d-c91deac9f05c], EntityKey[org.pentaho.platform.repository.solution.dbbased.RepositoryFile#e2d93b10-9224-11e0-971d-c91deac9f05c], EntityKey[org.pentaho.platform.repository.solution.dbbased.RepositoryFile#e2d45905-9224-11e0-971d-c91deac9f05c], EntityKey[org.pentaho.platform.repository.solution.dbbased.RepositoryFile#e2d06158-9224-11e0-971d-c91deac9f05c], EntityKey[org.pentaho.platform.repository.solution.dbbased.RepositoryFile#e2d25d2a-9224-11e0-971d-c91deac9f05c], EntityKey[org.pentaho.platform.repository.solution.dbbased.RepositoryFile#e2d96221-9224-11e0-971d-c91deac9f05c], EntityKey[org.pentaho.platform.repository.solution.dbbased.RepositoryFile#e2d2f96d-9224-11e0-971d-c91deac9f05c], EntityKey[org.pentaho.platform.repository.solution.dbbased.RepositoryFile#e0e5335e-9224-11e0-971d-c91deac9f05c], EntityKey[org.pentaho.platform.repository.solution.dbbased.RepositoryFile#e2d40ae3-9224-11e0-971d-c91deac9f05c], EntityKey[org.pentaho.platform.repository.solution.dbbased.RepositoryFile#e2d67bec-9224-11e0-971d-c91deac9f05c], EntityKey[org.pentaho.platform.repository.solution.dbbased.RepositoryFile#e2d48016-9224-11e0-971d-c91deac9f05c], EntityKey[org.pentaho.platform.repository.solution.dbbased.RepositoryFile#e2d6ca0e-9224-11e0-971d-c91deac9f05c], EntityKey[org.pentaho.platform.repository.solution.dbbased.RepositoryFile#e2d2ab4c-9224-11e0-971d-c91deac9f05c], EntityKey[org.pentaho.platform.repository.solution.dbbased.RepositoryFile#e2d4a727-9224-11e0-971d-c91deac9f05c], EntityKey[org.pentaho.platform.repository.solution.dbbased.RepositoryFile#e2dbd325-9224-11e0-971d-c91deac9f05c], EntityKey[org.pentaho.platform.repository.solution.dbbased.RepositoryFile#e2db8504-9224-11e0-971d-c91deac9f05c], EntityKey[org.pentaho.platform.repository.solution.dbbased.RepositoryFile#e2d62dca-9224-11e0-971d-c91deac9f05c]],collectionKeys=[CollectionKey[org.pentaho.platform.repository.solution.dbbased.RepositoryFile.accessControls#e2d67bec-9224-11e0-971d-c91deac9f05c], CollectionKey[org.pentaho.platform.repository.solution.dbbased.RepositoryFile.accessControls#e2d3207e-9224-11e0-971d-c91deac9f05c], CollectionKey[org.pentaho.platform.repository.solution.dbbased.RepositoryFile.childrenFiles#e11a7483-9224-11e0-971d-c91deac9f05c], CollectionKey[org.pentaho.platform.repository.solution.dbbased.RepositoryFile.accessControls#e2d2ab4c-9224-11e0-971d-c91deac9f05c], CollectionKey[org.pentaho.platform.repository.solution.dbbased.RepositoryFile.accessControls#e2d3478f-9224-11e0-971d-c91deac9f05c], CollectionKey[org.pentaho.platform.repository.solution.dbbased.RepositoryFile.accessControls#e2d6ca0e-9224-11e0-971d-c91deac9f05c], CollectionKey[org.pentaho.platform.repository.solution.dbbased.RepositoryFile.accessControls#e2d5b898-9224-11e0-971d-c91deac9f05c], CollectionKey[org.pentaho.platform.repository.solution.dbbased.RepositoryFile.childrenFiles#e2d98932-9224-11e0-971d-c91deac9f05c], CollectionKey[org.pentaho.platform.repository.solution.dbbased.RepositoryFile.childrenFiles#e2d25d2a-9224-11e0-971d-c91deac9f05c], CollectionKey[org.pentaho.platform.repository.solution.dbbased.RepositoryFile.accessControls#e2d5dfa9-9224-11e0-971d-c91deac9f05c], CollectionKey[org.pentaho.platform.repository.solution.dbbased.RepositoryFile.childrenFiles#e2d62dca-9224-11e0-971d-c91deac9f05c], CollectionKey[org.pentaho.platform.repository.solution.dbbased.RepositoryFile.childrenFiles#e2d2843b-9224-11e0-971d-c91deac9f05c], CollectionKey[org.pentaho.platform.repository.solution.dbbased.RepositoryFile.childrenFiles#e2d4a727-9224-11e0-971d-c91deac9f05c], CollectionKey[org.pentaho.platform.repository.solution.dbbased.RepositoryFile.childrenFiles#e2d93b10-9224-11e0-971d-c91deac9f05c], CollectionKey[org.pentaho.platform.repository.solution.dbbased.RepositoryFile.childrenFiles#e2d2f96d-9224-11e0-971d-c91deac9f05c], CollectionKey[org.pentaho.platform.repository.solution.dbbased.RepositoryFile.childrenFiles#e2d5dfa9-9224-11e0-971d-c91deac9f05c], CollectionKey[org.pentaho.platform.repository.solution.dbbased.RepositoryFile.accessControls#e2d395b1-9224-11e0-971d-c91deac9f05c], CollectionKey[org.pentaho.platform.repository.solution.dbbased.RepositoryFile.childrenFiles#e2d06158-9224-11e0-971d-c91deac9f05c], CollectionKey[org.pentaho.platform.repository.solution.dbbased.RepositoryFile.childrenFiles#e2d654db-9224-11e0-971d-c91deac9f05c], CollectionKey[org.pentaho.platform.repository.solution.dbbased.RepositoryFile.accessControls#e2d06158-9224-11e0-971d-c91deac9f05c], CollectionKey[org.pentaho.platform.repository.solution.dbbased.RepositoryFile.childrenFiles#e2db8504-9224-11e0-971d-c91deac9f05c], CollectionKey[org.pentaho.platform.repository.solution.dbbased.RepositoryFile.childrenFiles#e2d08869-9224-11e0-971d-c91deac9f05c], CollectionKey[org.pentaho.platform.repository.solution.dbbased.RepositoryFile.childrenFiles#e2d40ae3-9224-11e0-971d-c91deac9f05c], CollectionKey[org.pentaho.platform.repository.solution.dbbased.RepositoryFile.accessControls#e2d6a2fd-9224-11e0-971d-c91deac9f05c], CollectionKey[org.pentaho.platform.repository.solution.dbbased.RepositoryFile.childrenFiles#e2d45905-9224-11e0-971d-c91deac9f05c], CollectionKey[org.pentaho.platform.repository.solution.dbbased.RepositoryFile.accessControls#e2db5df3-9224-11e0-971d-c91deac9f05c], CollectionKey[org.pentaho.platform.repository.solution.dbbased.RepositoryFile.accessControls#e2d98932-9224-11e0-971d-c91deac9f05c], CollectionKey[org.pentaho.platform.repository.solution.dbbased.RepositoryFile.accessControls#e2d2f96d-9224-11e0-971d-c91deac9f05c], CollectionKey[org.pentaho.platform.repository.solution.dbbased.RepositoryFile.childrenFiles#e2d431f4-9224-11e0-971d-c91deac9f05c], CollectionKey[org.pentaho.platform.repository.solution.dbbased.RepositoryFile.childrenFiles#e2d2ab4c-9224-11e0-971d-c91deac9f05c], CollectionKey[org.pentaho.platform.repository.solution.dbbased.RepositoryFile.accessControls#e11914a3-9224-11e0-971d-c91deac9f05c], CollectionKey[org.pentaho.platform.repository.solution.dbbased.RepositoryFile.childrenFiles#e2db5df3-9224-11e0-971d-c91deac9f05c], CollectionKey[org.pentaho.platform.repository.solution.dbbased.RepositoryFile.childrenFiles#e2d3bcc2-9224-11e0-971d-c91deac9f05c], CollectionKey[org.pentaho.platform.repository.solution.dbbased.RepositoryFile.childrenFiles#e2d8ecef-9224-11e0-971d-c91deac9f05c], CollectionKey[org.pentaho.platform.repository.solution.dbbased.RepositoryFile.accessControls#e2d48016-9224-11e0-971d-c91deac9f05c], CollectionKey[org.pentaho.platform.repository.solution.dbbased.RepositoryFile.accessControls#e2d4a727-9224-11e0-971d-c91deac9f05c], CollectionKey[org.pentaho.platform.repository.solution.dbbased.RepositoryFile.accessControls#e2dbd325-9224-11e0-971d-c91deac9f05c], CollectionKey[org.pentaho.platform.repository.solution.dbbased.RepositoryFile.childrenFiles#e0e5335e-9224-11e0-971d-c91deac9f05c], CollectionKey[org.pentaho.platform.repository.solution.dbbased.RepositoryFile.accessControls#e2d96221-9224-11e0-971d-c91deac9f05c], CollectionKey[org.pentaho.platform.repository.solution.dbbased.RepositoryFile.accessControls#e2d25d2a-9224-11e0-971d-c91deac9f05c], CollectionKey[org.pentaho.platform.repository.solution.dbbased.RepositoryFile.accessControls#e2d62dca-9224-11e0-971d-c91deac9f05c], CollectionKey[org.pentaho.platform.repository.solution.dbbased.RepositoryFile.accessControls#e2d431f4-9224-11e0-971d-c91deac9f05c], CollectionKey[org.pentaho.platform.repository.solution.dbbased.RepositoryFile.childrenFiles#e2d3207e-9224-11e0-971d-c91deac9f05c], CollectionKey[org.pentaho.platform.repository.solution.dbbased.RepositoryFile.childrenFiles#e2d6a2fd-9224-11e0-971d-c91deac9f05c], CollectionKey[org.pentaho.platform.repository.solution.dbbased.RepositoryFile.accessControls#e2d2843b-9224-11e0-971d-c91deac9f05c], CollectionKey[org.pentaho.platform.repository.solution.dbbased.RepositoryFile.childrenFiles#e2d5b898-9224-11e0-971d-c91deac9f05c], CollectionKey[org.pentaho.platform.repository.solution.dbbased.RepositoryFile.childrenFiles#e2dbd325-9224-11e0-971d-c91deac9f05c], CollectionKey[org.pentaho.platform.repository.solution.dbbased.RepositoryFile.childrenFiles#e2d3478f-9224-11e0-971d-c91deac9f05c], CollectionKey[org.pentaho.platform.repository.solution.dbbased.RepositoryFile.childrenFiles#e11914a3-9224-11e0-971d-c91deac9f05c], CollectionKey[org.pentaho.platform.repository.solution.dbbased.RepositoryFile.accessControls#e11a7483-9224-11e0-971d-c91deac9f05c], CollectionKey[org.pentaho.platform.repository.solution.dbbased.RepositoryFile.accessControls#e2d93b10-9224-11e0-971d-c91deac9f05c], CollectionKey[org.pentaho.platform.repository.solution.dbbased.RepositoryFile.accessControls#e2d36ea0-9224-11e0-971d-c91deac9f05c], CollectionKey[org.pentaho.platform.repository.solution.dbbased.RepositoryFile.accessControls#e2d45905-9224-11e0-971d-c91deac9f05c], CollectionKey[org.pentaho.platform.repository.solution.dbbased.RepositoryFile.childrenFiles#e2d48016-9224-11e0-971d-c91deac9f05c], CollectionKey[org.pentaho.platform.repository.solution.dbbased.RepositoryFile.childrenFiles#e2d36ea0-9224-11e0-971d-c91deac9f05c], CollectionKey[org.pentaho.platform.repository.solution.dbbased.RepositoryFile.accessControls#e2d08869-9224-11e0-971d-c91deac9f05c], CollectionKey[org.pentaho.platform.repository.solution.dbbased.RepositoryFile.accessControls#e0e5335e-9224-11e0-971d-c91deac9f05c], CollectionKey[org.pentaho.platform.repository.solution.dbbased.RepositoryFile.accessControls#e2d8ecef-9224-11e0-971d-c91deac9f05c], CollectionKey[org.pentaho.platform.repository.solution.dbbased.RepositoryFile.accessControls#e2db8504-9224-11e0-971d-c91deac9f05c], CollectionKey[org.pentaho.platform.repository.solution.dbbased.RepositoryFile.childrenFiles#e2d395b1-9224-11e0-971d-c91deac9f05c], CollectionKey[org.pentaho.platform.repository.solution.dbbased.RepositoryFile.accessControls#e2d3bcc2-9224-11e0-971d-c91deac9f05c], CollectionKey[org.pentaho.platform.repository.solution.dbbased.RepositoryFile.accessControls#e2d654db-9224-11e0-971d-c91deac9f05c], CollectionKey[org.pentaho.platform.repository.solution.dbbased.RepositoryFile.childrenFiles#e2d6ca0e-9224-11e0-971d-c91deac9f05c], CollectionKey[org.pentaho.platform.repository.solution.dbbased.RepositoryFile.accessControls#e2d40ae3-9224-11e0-971d-c91deac9f05c], CollectionKey[org.pentaho.platform.repository.solution.dbbased.RepositoryFile.childrenFiles#e2d96221-9224-11e0-971d-c91deac9f05c], CollectionKey[org.pentaho.platform.repository.solution.dbbased.RepositoryFile.childrenFiles#e2d67bec-9224-11e0-971d-c91deac9f05c]]];ActionQueue[insertions=[] updates=[] deletions=[] collectionCreations=[] collectionRemovals=[] collectionUpdates=[]])]) but failed to remove it when the web application was stopped. This is very likely to create a memory leak.
28-jun-2011 23:40:46 org.apache.catalina.loader.WebappClassLoader clearThreadLocalMap
GRAVE: The web application [/pentaho] created a ThreadLocal with key of type [java.lang.ThreadLocal] (value [java.lang.ThreadLocal@267caa]) and a value of type [org.pentaho.platform.engine.core.system.StandaloneSession] (value [org.pentaho.platform.engine.core.system.StandaloneSession@1208518]) but failed to remove it when the web application was stopped. This is very likely to create a memory leak.
28-jun-2011 23:40:46 org.apache.catalina.loader.WebappClassLoader clearThreadLocalMap
GRAVE: The web application [/pentaho] created a ThreadLocal with key of type [java.lang.ThreadLocal] (value [java.lang.ThreadLocal@c297a5]) and a value of type [org.pentaho.platform.engine.security.session.TrustedSystemStartupSession] (value [org.pentaho.platform.engine.security.session.TrustedSystemStartupSession@1a6036f]) but failed to remove it when the web application was stopped. This is very likely to create a memory leak.
28-jun-2011 23:40:46 org.apache.catalina.loader.WebappClassLoader clearThreadLocalMap
GRAVE: The web application [/pentaho] created a ThreadLocal with key of type [null] (value [org.pentaho.platform.plugin.services.pluginmgr.PluginMessageLogger$1@171f7fb]) and a value of type [java.util.ArrayList] (value [[Discovered plugin Pentaho Data Access in data-access, This plugin provides: 0 menu customizations, 0 content types, 0 content generators, 0 overlays, and 0 lifecycle listeners, Discovered plugin BI Server default plugin in default-plugin, This plugin provides: 0 menu customizations, 0 content types, 3 content generators, 0 overlays, and 0 lifecycle listeners, Discovered plugin Pentaho Community Dashboard Framework in pentaho-cdf, Content type registered: xcdf - Dashboard, This plugin provides: 0 menu customizations, 1 content types, 1 content generators, 0 overlays, and 1 lifecycle listeners, Discovered plugin Pentaho Reporting Plugin in reporting, Content type registered: prpt - Pentaho Report, This plugin provides: 0 menu customizations, 1 content types, 1 content generators, 0 overlays, and 1 lifecycle listeners, Plugin Pentaho Data Access has registered successfully, Content generator registered: ws-services for plugin BI Server default plugin, Content generator registered: ws-run for plugin BI Server default plugin, Content generator registered: ws-wsdl for plugin BI Server default plugin, Plugin BI Server default plugin has registered successfully, Content generator registered: pentaho-cdf for plugin Pentaho Community Dashboard Framework, Plugin Pentaho Community Dashboard Framework has registered successfully, Content generator registered: reporting for plugin Pentaho Reporting Plugin, Plugin Pentaho Reporting Plugin has registered successfully]]) but failed to remove it when the web application was stopped. This is very likely to create a memory leak.
28-jun-2011 23:40:46 org.apache.catalina.loader.WebappClassLoader clearThreadLocalMap
GRAVE: The web application [/pentaho] created a ThreadLocal with key of type [java.lang.InheritableThreadLocal] (value [java.lang.InheritableThreadLocal@459fc2]) and a value of type [org.pentaho.platform.engine.security.session.TrustedSystemStartupSession] (value [org.pentaho.platform.engine.security.session.TrustedSystemStartupSession@1c634b9]) but failed to remove it when the web application was stopped. This is very likely to create a memory leak.
28-jun-2011 23:40:46 org.apache.catalina.loader.WebappClassLoader clearThreadLocalMap
GRAVE: The web application [/pentaho] created a ThreadLocal with key of type [java.lang.InheritableThreadLocal] (value [java.lang.InheritableThreadLocal@459fc2]) and a value of type [org.pentaho.platform.engine.security.session.TrustedSystemStartupSession] (value [org.pentaho.platform.engine.security.session.TrustedSystemStartupSession@1c634b9]) but failed to remove it when the web application was stopped. This is very likely to create a memory leak.
28-jun-2011 23:40:46 org.apache.catalina.loader.WebappClassLoader clearThreadLocalMap
GRAVE: The web application [/pentaho] created a ThreadLocal with key of type [java.lang.InheritableThreadLocal] (value [java.lang.InheritableThreadLocal@459fc2]) and a value of type [org.pentaho.platform.engine.security.session.TrustedSystemStartupSession] (value [org.pentaho.platform.engine.security.session.TrustedSystemStartupSession@1c634b9]) but failed to remove it when the web application was stopped. This is very likely to create a memory leak.
28-jun-2011 23:40:46 org.apache.catalina.loader.WebappClassLoader clearThreadLocalMap
GRAVE: The web application [/pentaho] created a ThreadLocal with key of type [java.lang.InheritableThreadLocal] (value [java.lang.InheritableThreadLocal@459fc2]) and a value of type [org.pentaho.platform.engine.security.session.TrustedSystemStartupSession] (value [org.pentaho.platform.engine.security.session.TrustedSystemStartupSession@1c634b9]) but failed to remove it when the web application was stopped. This is very likely to create a memory leak.
28-jun-2011 23:40:46 org.apache.catalina.loader.WebappClassLoader clearThreadLocalMap
GRAVE: The web application [/pentaho] created a ThreadLocal with key of type [java.lang.InheritableThreadLocal] (value [java.lang.InheritableThreadLocal@459fc2]) and a value of type [org.pentaho.platform.engine.security.session.TrustedSystemStartupSession] (value [org.pentaho.platform.engine.security.session.TrustedSystemStartupSession@1c634b9]) but failed to remove it when the web application was stopped. This is very likely to create a memory leak.
28-jun-2011 23:40:46 org.apache.catalina.loader.WebappClassLoader clearThreadLocalMap
GRAVE: The web application [/pentaho] created a ThreadLocal with key of type [java.lang.InheritableThreadLocal] (value [java.lang.InheritableThreadLocal@459fc2]) and a value of type [org.pentaho.platform.engine.security.session.TrustedSystemStartupSession] (value [org.pentaho.platform.engine.security.session.TrustedSystemStartupSession@1c634b9]) but failed to remove it when the web application was stopped. This is very likely to create a memory leak.
28-jun-2011 23:40:46 org.apache.catalina.loader.WebappClassLoader clearThreadLocalMap
GRAVE: The web application [/pentaho] created a ThreadLocal with key of type [java.lang.InheritableThreadLocal] (value [java.lang.InheritableThreadLocal@459fc2]) and a value of type [org.pentaho.platform.engine.security.session.TrustedSystemStartupSession] (value [org.pentaho.platform.engine.security.session.TrustedSystemStartupSession@1c634b9]) but failed to remove it when the web application was stopped. This is very likely to create a memory leak.
28-jun-2011 23:40:46 org.apache.catalina.loader.WebappClassLoader clearThreadLocalMap
GRAVE: The web application [/pentaho] created a ThreadLocal with key of type [java.lang.InheritableThreadLocal] (value [java.lang.InheritableThreadLocal@459fc2]) and a value of type [org.pentaho.platform.engine.security.session.TrustedSystemStartupSession] (value [org.pentaho.platform.engine.security.session.TrustedSystemStartupSession@1c634b9]) but failed to remove it when the web application was stopped. This is very likely to create a memory leak.
28-jun-2011 23:40:46 org.apache.catalina.loader.WebappClassLoader clearThreadLocalMap
GRAVE: The web application [/pentaho] created a ThreadLocal with key of type [java.lang.InheritableThreadLocal] (value [java.lang.InheritableThreadLocal@459fc2]) and a value of type [org.pentaho.platform.engine.security.session.TrustedSystemStartupSession] (value [org.pentaho.platform.engine.security.session.TrustedSystemStartupSession@1c634b9]) but failed to remove it when the web application was stopped. This is very likely to create a memory leak.
28-jun-2011 23:40:46 org.apache.catalina.loader.WebappClassLoader clearThreadLocalMap
GRAVE: The web application [/pentaho] created a ThreadLocal with key of type [java.lang.InheritableThreadLocal] (value [java.lang.InheritableThreadLocal@459fc2]) and a value of type [org.pentaho.platform.engine.security.session.TrustedSystemStartupSession] (value [org.pentaho.platform.engine.security.session.TrustedSystemStartupSession@1c634b9]) but failed to remove it when the web application was stopped. This is very likely to create a memory leak.
28-jun-2011 23:40:46 org.apache.catalina.loader.WebappClassLoader clearThreadLocalMap
GRAVE: The web application [/pentaho] created a ThreadLocal with key of type [java.lang.InheritableThreadLocal] (value [java.lang.InheritableThreadLocal@459fc2]) and a value of type [org.pentaho.platform.engine.security.session.TrustedSystemStartupSession] (value [org.pentaho.platform.engine.security.session.TrustedSystemStartupSession@1c634b9]) but failed to remove it when the web application was stopped. This is very likely to create a memory leak.
28-jun-2011 23:40:46 org.apache.catalina.loader.WebappClassLoader clearThreadLocalMap
GRAVE: The web application [/pentaho] created a ThreadLocal with key of type [java.lang.InheritableThreadLocal] (value [java.lang.InheritableThreadLocal@459fc2]) and a value of type [org.pentaho.platform.engine.security.session.TrustedSystemStartupSession] (value [org.pentaho.platform.engine.security.session.TrustedSystemStartupSession@1c634b9]) but failed to remove it when the web application was stopped. This is very likely to create a memory leak.
28-jun-2011 23:40:46 org.apache.catalina.loader.WebappClassLoader clearThreadLocalMap
GRAVE: The web application [/pentaho] created a ThreadLocal with key of type [java.lang.InheritableThreadLocal] (value [java.lang.InheritableThreadLocal@459fc2]) and a value of type [org.pentaho.platform.engine.security.session.TrustedSystemStartupSession] (value [org.pentaho.platform.engine.security.session.TrustedSystemStartupSession@1c634b9]) but failed to remove it when the web application was stopped. This is very likely to create a memory leak.
28-jun-2011 23:40:46 org.apache.catalina.loader.WebappClassLoader clearThreadLocalMap
GRAVE: The web application [/pentaho] created a ThreadLocal with key of type [java.lang.InheritableThreadLocal] (value [java.lang.InheritableThreadLocal@459fc2]) and a value of type [org.pentaho.platform.engine.security.session.TrustedSystemStartupSession] (value [org.pentaho.platform.engine.security.session.TrustedSystemStartupSession@1c634b9]) but failed to remove it when the web application was stopped. This is very likely to create a memory leak.
28-jun-2011 23:40:46 org.apache.catalina.loader.WebappClassLoader clearThreadLocalMap
GRAVE: The web application [/pentaho] created a ThreadLocal with key of type [java.lang.ThreadLocal] (value [java.lang.ThreadLocal@1930fb4]) and a value of type [org.pentaho.platform.repository.solution.dbbased.DbBasedSolutionRepository] (value [org.pentaho.platform.repository.solution.dbbased.DbBasedSolutionRepository@1baba59]) but failed to remove it when the web application was stopped. This is very likely to create a memory leak.
28-jun-2011 23:40:46 org.apache.catalina.loader.WebappClassLoader clearThreadLocalMap
GRAVE: The web application [/pentaho] created a ThreadLocal with key of type [java.lang.ThreadLocal] (value [java.lang.ThreadLocal@1a15f06]) and a value of type [org.pentaho.platform.web.http.session.PentahoHttpSession] (value [org.pentaho.platform.web.http.session.PentahoHttpSession@1d0e2d2]) but failed to remove it when the web application was stopped. This is very likely to create a memory leak.
28-jun-2011 23:40:46 org.apache.catalina.loader.WebappClassLoader clearThreadLocalMap
GRAVE: The web application [/pentaho] created a ThreadLocal with key of type [java.lang.ThreadLocal] (value [java.lang.ThreadLocal@1658cfb]) and a value of type [org.pentaho.platform.web.http.session.PentahoHttpSession] (value [org.pentaho.platform.web.http.session.PentahoHttpSession@1689f7c]) but failed to remove it when the web application was stopped. This is very likely to create a memory leak.
28-jun-2011 23:40:46 org.apache.catalina.loader.WebappClassLoader clearThreadLocalMap
GRAVE: The web application [/pentaho] created a ThreadLocal with key of type [java.lang.ThreadLocal] (value [java.lang.ThreadLocal@ad75b]) and a value of type [org.pentaho.platform.web.http.session.PentahoHttpSession] (value [org.pentaho.platform.web.http.session.PentahoHttpSession@1a2d734]) but failed to remove it when the web application was stopped. This is very likely to create a memory leak.
28-jun-2011 23:40:46 org.apache.catalina.loader.WebappClassLoader clearThreadLocalMap
GRAVE: The web application [/pentaho] created a ThreadLocal with key of type [java.lang.ThreadLocal] (value [java.lang.ThreadLocal@1c0c692]) and a value of type [org.pentaho.platform.web.http.session.PentahoHttpSession] (value [org.pentaho.platform.web.http.session.PentahoHttpSession@7615fe]) but failed to remove it when the web application was stopped. This is very likely to create a memory leak.
28-jun-2011 23:40:46 org.apache.catalina.loader.WebappClassLoader clearThreadLocalMap
GRAVE: The web application [/pentaho] created a ThreadLocal with key of type [java.lang.ThreadLocal] (value [java.lang.ThreadLocal@12cc218]) and a value of type [org.pentaho.platform.web.http.session.PentahoHttpSession] (value [org.pentaho.platform.web.http.session.PentahoHttpSession@de8a94]) but failed to remove it when the web application was stopped. This is very likely to create a memory leak.
28-jun-2011 23:40:46 org.apache.catalina.loader.WebappClassLoader clearThreadLocalMap
GRAVE: The web application [/pentaho] created a ThreadLocal with key of type [java.lang.ThreadLocal] (value [java.lang.ThreadLocal@17ae572]) and a value of type [org.pentaho.platform.web.http.session.PentahoHttpSession] (value [org.pentaho.platform.web.http.session.PentahoHttpSession@f0e58b]) but failed to remove it when the web application was stopped. This is very likely to create a memory leak.
28-jun-2011 23:40:46 org.apache.catalina.loader.WebappClassLoader clearThreadLocalMap
GRAVE: The web application [/pentaho] created a ThreadLocal with key of type [java.lang.ThreadLocal] (value [java.lang.ThreadLocal@1930fb4]) and a value of type [org.pentaho.platform.repository.solution.dbbased.DbBasedSolutionRepository] (value [org.pentaho.platform.repository.solution.dbbased.DbBasedSolutionRepository@1622548]) but failed to remove it when the web application was stopped. This is very likely to create a memory leak.
28-jun-2011 23:40:46 org.apache.catalina.loader.WebappClassLoader clearThreadLocalMap
GRAVE: The web application [/pentaho] created a ThreadLocal with key of type [java.lang.ThreadLocal] (value [java.lang.ThreadLocal@16db297]) and a value of type [org.pentaho.platform.web.http.session.PentahoHttpSession] (value [org.pentaho.platform.web.http.session.PentahoHttpSession@5bd18b]) but failed to remove it when the web application was stopped. This is very likely to create a memory leak.
28-jun-2011 23:40:46 org.apache.catalina.loader.WebappClassLoader clearThreadLocalMap
GRAVE: The web application [/pentaho] created a ThreadLocal with key of type [java.lang.ThreadLocal] (value [java.lang.ThreadLocal@e7ebba]) and a value of type [org.pentaho.platform.web.http.session.PentahoHttpSession] (value [org.pentaho.platform.web.http.session.PentahoHttpSession@54d24d]) but failed to remove it when the web application was stopped. This is very likely to create a memory leak.
28-jun-2011 23:40:46 org.apache.catalina.loader.WebappClassLoader clearThreadLocalMap
GRAVE: The web application [/pentaho] created a ThreadLocal with key of type [java.lang.ThreadLocal] (value [java.lang.ThreadLocal@250a08]) and a value of type [org.pentaho.platform.web.http.session.PentahoHttpSession] (value [org.pentaho.platform.web.http.session.PentahoHttpSession@1219de8]) but failed to remove it when the web application was stopped. This is very likely to create a memory leak.
28-jun-2011 23:40:46 org.apache.catalina.loader.WebappClassLoader clearThreadLocalMap
GRAVE: The web application [/pentaho] created a ThreadLocal with key of type [java.lang.ThreadLocal] (value [java.lang.ThreadLocal@1930fb4]) and a value of type [org.pentaho.platform.repository.solution.dbbased.DbBasedSolutionRepository] (value [org.pentaho.platform.repository.solution.dbbased.DbBasedSolutionRepository@925c95]) but failed to remove it when the web application was stopped. This is very likely to create a memory leak.
28-jun-2011 23:40:46 org.apache.catalina.loader.WebappClassLoader clearThreadLocalMap
GRAVE: The web application [/pentaho] created a ThreadLocal with key of type [java.lang.ThreadLocal] (value [java.lang.ThreadLocal@1b5b004]) and a value of type [org.pentaho.platform.web.http.session.PentahoHttpSession] (value [org.pentaho.platform.web.http.session.PentahoHttpSession@b4a360]) but failed to remove it when the web application was stopped. This is very likely to create a memory leak.
28-jun-2011 23:40:46 org.apache.catalina.loader.WebappClassLoader clearThreadLocalMap
GRAVE: The web application [/pentaho] created a ThreadLocal with key of type [java.lang.ThreadLocal] (value [java.lang.ThreadLocal@136da90]) and a value of type [org.pentaho.platform.web.http.session.PentahoHttpSession] (value [org.pentaho.platform.web.http.session.PentahoHttpSession@16c6746]) but failed to remove it when the web application was stopped. This is very likely to create a memory leak.
28-jun-2011 23:40:46 org.apache.catalina.loader.WebappClassLoader clearThreadLocalMap
GRAVE: The web application [/pentaho] created a ThreadLocal with key of type [java.lang.ThreadLocal] (value [java.lang.ThreadLocal@473913]) and a value of type [org.pentaho.platform.web.http.session.PentahoHttpSession] (value [org.pentaho.platform.web.http.session.PentahoHttpSession@eaed8d]) but failed to remove it when the web application was stopped. This is very likely to create a memory leak.
28-jun-2011 23:45:28 org.apache.catalina.core.AprLifecycleListener init
INFO: La biblioteca nativa de Apache Tomcat basada en ARP que permite un rendimiento óptimo en entornos de desarrollo no ha sido hallada en java.library.path: C:\Program Files\Java\jdk1.6.0_25\bin;.;C:\Windows\Sun\Java\bin;C:\Windows\system32;C:\Windows;C:\Program Files\MiKTeX 2.9\miktex\bin;C:\Program Files\Common Files\Microsoft Shared\Windows Live;C:\Windows\system32;C:\Windows;C:\Windows\System32\Wbem;C:\Windows\System32\WindowsPowerShell\v1.0\;C:\Program Files\Windows Live\Shared
28-jun-2011 23:45:28 org.apache.coyote.http11.Http11Protocol init
INFO: Inicializando Coyote HTTP/1.1 en puerto http-8080
28-jun-2011 23:45:29 org.apache.catalina.startup.Catalina load
INFO: Initialization processed in 518 ms
28-jun-2011 23:45:29 org.apache.catalina.core.StandardService start
INFO: Arrancando servicio Catalina
28-jun-2011 23:45:29 org.apache.catalina.core.StandardEngine start
INFO: Starting Servlet Engine: Apache Tomcat/6.0.29
28-jun-2011 23:45:29 org.apache.catalina.startup.HostConfig deployDescriptor
INFO: Desplieque del descriptor de configuración pentaho.xml
28-jun-2011 23:45:30 org.apache.catalina.startup.ContextConfig validateSecurityRoles
INFO: ATENCIÓN: El nombre de papel de seguridad PENTAHO_ADMIN es usado en un <auth-constraint> sin haber sido definido en <security-role>
28-jun-2011 23:45:52 org.apache.catalina.startup.HostConfig deployDirectory
INFO: Despliegue del directorio pentaho-style de la aplicación web
28-jun-2011 23:45:52 org.apache.catalina.startup.HostConfig deployDirectory
INFO: Despliegue del directorio ROOT de la aplicación web
28-jun-2011 23:45:52 org.apache.catalina.startup.HostConfig deployDirectory
INFO: Despliegue del directorio sw-style de la aplicación web
28-jun-2011 23:45:52 org.apache.coyote.http11.Http11Protocol start
INFO: Arrancando Coyote HTTP/1.1 en puerto http-8080
28-jun-2011 23:45:52 org.apache.jk.common.ChannelSocket init
INFO: JK: ajp13 listening on /0.0.0.0:8009
28-jun-2011 23:45:52 org.apache.jk.server.JkMain start
INFO: Jk running ID=0 time=0/28  config=null
28-jun-2011 23:45:52 org.apache.catalina.startup.Catalina start
INFO: Server startup in 23327 ms
