08-jun-2011 19:13:01 org.apache.catalina.core.AprLifecycleListener init
INFO: La biblioteca nativa de Apache Tomcat basada en ARP que permite un rendimiento óptimo en entornos de desarrollo no ha sido hallada en java.library.path: C:\Program Files\Java\jdk1.6.0_25\bin;.;C:\Windows\Sun\Java\bin;C:\Windows\system32;C:\Windows;C:\Program Files\MiKTeX 2.9\miktex\bin;C:\Program Files\Common Files\Microsoft Shared\Windows Live;C:\Windows\system32;C:\Windows;C:\Windows\System32\Wbem;C:\Windows\System32\WindowsPowerShell\v1.0\;C:\Program Files\Windows Live\Shared
08-jun-2011 19:13:01 org.apache.coyote.http11.Http11Protocol init
INFO: Inicializando Coyote HTTP/1.1 en puerto http-8080
08-jun-2011 19:13:01 org.apache.catalina.startup.Catalina load
INFO: Initialization processed in 1364 ms
08-jun-2011 19:13:02 org.apache.catalina.core.StandardService start
INFO: Arrancando servicio Catalina
08-jun-2011 19:13:02 org.apache.catalina.core.StandardEngine start
INFO: Starting Servlet Engine: Apache Tomcat/6.0.29
08-jun-2011 19:13:02 org.apache.catalina.startup.HostConfig deployDirectory
INFO: Despliegue del directorio pentaho de la aplicación web
08-jun-2011 19:13:03 org.apache.catalina.startup.ContextConfig validateSecurityRoles
INFO: ATENCIÓN: El nombre de papel de seguridad PENTAHO_ADMIN es usado en un <auth-constraint> sin haber sido definido en <security-role>
08-jun-2011 19:13:48 org.apache.catalina.startup.HostConfig deployDirectory
INFO: Despliegue del directorio pentaho-style de la aplicación web
08-jun-2011 19:13:48 org.apache.catalina.startup.HostConfig deployDirectory
INFO: Despliegue del directorio ROOT de la aplicación web
08-jun-2011 19:13:48 org.apache.catalina.startup.HostConfig deployDirectory
INFO: Despliegue del directorio sw-style de la aplicación web
08-jun-2011 19:13:48 org.apache.coyote.http11.Http11Protocol start
INFO: Arrancando Coyote HTTP/1.1 en puerto http-8080
08-jun-2011 19:13:48 org.apache.jk.common.ChannelSocket init
INFO: JK: ajp13 listening on /0.0.0.0:8009
08-jun-2011 19:13:48 org.apache.jk.server.JkMain start
INFO: Jk running ID=0 time=0/155  config=null
08-jun-2011 19:13:48 org.apache.catalina.startup.Catalina start
INFO: Server startup in 47000 ms
