23-jun-2011 2:01:24 org.apache.coyote.http11.Http11Protocol pause
INFO: Pausando Coyote HTTP/1.1 en puerto http-8080
23-jun-2011 2:01:25 org.apache.catalina.core.StandardService stop
INFO: Parando servicio Catalina
23-jun-2011 2:01:30 org.apache.catalina.loader.WebappClassLoader clearReferencesJdbc
GRAVE: The web application [/pentaho] registered the JBDC driver [mondrian.olap4j.MondrianOlap4jDriver] but failed to unregister it when the web application was stopped. To prevent a memory leak, the JDBC Driver has been forcibly unregistered.
23-jun-2011 2:01:30 org.apache.catalina.loader.WebappClassLoader clearReferencesThreads
GRAVE: The web application [/pentaho] appears to have started a thread named [HSQLDB Timer @1c20eb7] but has failed to stop it. This is very likely to create a memory leak.
23-jun-2011 2:01:30 org.apache.catalina.loader.WebappClassLoader clearReferencesThreads
GRAVE: The web application [/pentaho] appears to have started a thread named [net.sf.ehcache.CacheManager@1961a84] but has failed to stop it. This is very likely to create a memory leak.
23-jun-2011 2:01:30 org.apache.catalina.loader.WebappClassLoader clearReferencesThreads
GRAVE: The web application [/pentaho] appears to have started a thread named [Store libloader-data Spool Thread] but has failed to stop it. This is very likely to create a memory leak.
23-jun-2011 2:01:30 org.apache.catalina.loader.WebappClassLoader clearReferencesThreads
GRAVE: The web application [/pentaho] appears to have started a thread named [Store mondrian-catalog-cache Spool Thread] but has failed to stop it. This is very likely to create a memory leak.
23-jun-2011 2:01:30 org.apache.catalina.loader.WebappClassLoader clearReferencesThreads
GRAVE: The web application [/pentaho] appears to have started a thread named [Store pentahoCache Spool Thread] but has failed to stop it. This is very likely to create a memory leak.
23-jun-2011 2:01:30 org.apache.catalina.loader.WebappClassLoader clearReferencesThreads
GRAVE: The web application [/pentaho] appears to have started a thread named [Timer-0] but has failed to stop it. This is very likely to create a memory leak.
23-jun-2011 2:01:30 org.apache.catalina.loader.WebappClassLoader clearReferencesThreads
GRAVE: The web application [/pentaho] appears to have started a thread named [net.sf.ehcache.CacheManager@ab4b89] but has failed to stop it. This is very likely to create a memory leak.
23-jun-2011 2:01:30 org.apache.catalina.loader.WebappClassLoader clearReferencesThreads
GRAVE: The web application [/pentaho] appears to have started a thread named [Store libloader-data Spool Thread] but has failed to stop it. This is very likely to create a memory leak.
23-jun-2011 2:01:30 org.apache.catalina.loader.WebappClassLoader clearReferencesThreads
GRAVE: The web application [/pentaho] appears to have started a thread named [Store pentahoCache Spool Thread] but has failed to stop it. This is very likely to create a memory leak.
23-jun-2011 2:01:30 org.apache.catalina.loader.WebappClassLoader clearReferencesThreads
GRAVE: The web application [/pentaho] appears to have started a thread named [Store mondrian-catalog-cache Spool Thread] but has failed to stop it. This is very likely to create a memory leak.
23-jun-2011 2:01:30 org.apache.catalina.loader.WebappClassLoader clearReferencesThreads
GRAVE: The web application [/pentaho] appears to have started a thread named [MySQL Statement Cancellation Timer] but has failed to stop it. This is very likely to create a memory leak.
23-jun-2011 2:01:30 org.apache.catalina.loader.WebappClassLoader clearReferencesThreads
GRAVE: The web application [/pentaho] appears to have started a thread named [net.sf.ehcache.CacheManager@f41af6] but has failed to stop it. This is very likely to create a memory leak.
23-jun-2011 2:01:30 org.apache.catalina.loader.WebappClassLoader clearReferencesThreads
GRAVE: The web application [/pentaho] appears to have started a thread named [Store mondrian-catalog-cache Spool Thread] but has failed to stop it. This is very likely to create a memory leak.
23-jun-2011 2:01:30 org.apache.catalina.loader.WebappClassLoader clearReferencesThreads
GRAVE: The web application [/pentaho] appears to have started a thread named [Store libloader-data Spool Thread] but has failed to stop it. This is very likely to create a memory leak.
23-jun-2011 2:01:30 org.apache.catalina.loader.WebappClassLoader clearReferencesThreads
GRAVE: The web application [/pentaho] appears to have started a thread named [Store pentahoCache Spool Thread] but has failed to stop it. This is very likely to create a memory leak.
23-jun-2011 2:01:30 org.apache.catalina.loader.WebappClassLoader clearThreadLocalMap
GRAVE: The web application [/pentaho] created a ThreadLocal with key of type [java.lang.ThreadLocal] (value [java.lang.ThreadLocal@8bdff4]) and a value of type [org.pentaho.platform.repository.solution.dbbased.DbBasedSolutionRepository] (value [org.pentaho.platform.repository.solution.dbbased.DbBasedSolutionRepository@1aa48fe]) but failed to remove it when the web application was stopped. This is very likely to create a memory leak.
23-jun-2011 2:01:30 org.apache.catalina.loader.WebappClassLoader clearThreadLocalMap
GRAVE: The web application [/pentaho] created a ThreadLocal with key of type [java.lang.ThreadLocal] (value [java.lang.ThreadLocal@11c4d14]) and a value of type [org.hibernate.impl.SessionImpl] (value [SessionImpl(PersistenceContext[entityKeys=[EntityKey[org.pentaho.platform.repository.solution.dbbased.RepositoryFile#e2d654db-9224-11e0-971d-c91deac9f05c], EntityKey[org.pentaho.platform.repository.solution.dbbased.RepositoryFile#e2d08869-9224-11e0-971d-c91deac9f05c], EntityKey[org.pentaho.platform.repository.solution.dbbased.RepositoryFile#e2d431f4-9224-11e0-971d-c91deac9f05c], EntityKey[org.pentaho.platform.repository.solution.dbbased.RepositoryFile#e2d6a2fd-9224-11e0-971d-c91deac9f05c], EntityKey[org.pentaho.platform.repository.solution.dbbased.RepositoryFile#e2d3478f-9224-11e0-971d-c91deac9f05c], EntityKey[org.pentaho.platform.repository.solution.dbbased.RepositoryFile#e2d36ea0-9224-11e0-971d-c91deac9f05c], EntityKey[org.pentaho.platform.repository.solution.dbbased.RepositoryFile#e2d5dfa9-9224-11e0-971d-c91deac9f05c], EntityKey[org.pentaho.platform.repository.solution.dbbased.RepositoryFile#e2d5b898-9224-11e0-971d-c91deac9f05c], EntityKey[org.pentaho.platform.repository.solution.dbbased.RepositoryFile#e2d98932-9224-11e0-971d-c91deac9f05c], EntityKey[org.pentaho.platform.repository.solution.dbbased.RepositoryFile#e2d3bcc2-9224-11e0-971d-c91deac9f05c], EntityKey[org.pentaho.platform.repository.solution.dbbased.RepositoryFile#e2db5df3-9224-11e0-971d-c91deac9f05c], EntityKey[org.pentaho.platform.repository.solution.dbbased.RepositoryFile#e2d8ecef-9224-11e0-971d-c91deac9f05c], EntityKey[org.pentaho.platform.repository.solution.dbbased.RepositoryFile#e2d2843b-9224-11e0-971d-c91deac9f05c], EntityKey[org.pentaho.platform.repository.solution.dbbased.RepositoryFile#e2d395b1-9224-11e0-971d-c91deac9f05c], EntityKey[org.pentaho.platform.repository.solution.dbbased.RepositoryFile#e2d3207e-9224-11e0-971d-c91deac9f05c], EntityKey[org.pentaho.platform.repository.solution.dbbased.RepositoryFile#e11914a3-9224-11e0-971d-c91deac9f05c], EntityKey[org.pentaho.platform.repository.solution.dbbased.RepositoryFile#e11a7483-9224-11e0-971d-c91deac9f05c], EntityKey[org.pentaho.platform.repository.solution.dbbased.RepositoryFile#e2d93b10-9224-11e0-971d-c91deac9f05c], EntityKey[org.pentaho.platform.repository.solution.dbbased.RepositoryFile#e2d45905-9224-11e0-971d-c91deac9f05c], EntityKey[org.pentaho.platform.repository.solution.dbbased.RepositoryFile#e2d06158-9224-11e0-971d-c91deac9f05c], EntityKey[org.pentaho.platform.repository.solution.dbbased.RepositoryFile#e2d25d2a-9224-11e0-971d-c91deac9f05c], EntityKey[org.pentaho.platform.repository.solution.dbbased.RepositoryFile#e2d96221-9224-11e0-971d-c91deac9f05c], EntityKey[org.pentaho.platform.repository.solution.dbbased.RepositoryFile#e2d2f96d-9224-11e0-971d-c91deac9f05c], EntityKey[org.pentaho.platform.repository.solution.dbbased.RepositoryFile#e0e5335e-9224-11e0-971d-c91deac9f05c], EntityKey[org.pentaho.platform.repository.solution.dbbased.RepositoryFile#e2d40ae3-9224-11e0-971d-c91deac9f05c], EntityKey[org.pentaho.platform.repository.solution.dbbased.RepositoryFile#e2d67bec-9224-11e0-971d-c91deac9f05c], EntityKey[org.pentaho.platform.repository.solution.dbbased.RepositoryFile#e2d48016-9224-11e0-971d-c91deac9f05c], EntityKey[org.pentaho.platform.repository.solution.dbbased.RepositoryFile#e2d6ca0e-9224-11e0-971d-c91deac9f05c], EntityKey[org.pentaho.platform.repository.solution.dbbased.RepositoryFile#e2d2ab4c-9224-11e0-971d-c91deac9f05c], EntityKey[org.pentaho.platform.repository.solution.dbbased.RepositoryFile#e2d4a727-9224-11e0-971d-c91deac9f05c], EntityKey[org.pentaho.platform.repository.solution.dbbased.RepositoryFile#e2dbd325-9224-11e0-971d-c91deac9f05c], EntityKey[org.pentaho.platform.repository.solution.dbbased.RepositoryFile#e2db8504-9224-11e0-971d-c91deac9f05c], EntityKey[org.pentaho.platform.repository.solution.dbbased.RepositoryFile#e2d62dca-9224-11e0-971d-c91deac9f05c]],collectionKeys=[CollectionKey[org.pentaho.platform.repository.solution.dbbased.RepositoryFile.accessControls#e2d67bec-9224-11e0-971d-c91deac9f05c], CollectionKey[org.pentaho.platform.repository.solution.dbbased.RepositoryFile.accessControls#e2d3207e-9224-11e0-971d-c91deac9f05c], CollectionKey[org.pentaho.platform.repository.solution.dbbased.RepositoryFile.childrenFiles#e11a7483-9224-11e0-971d-c91deac9f05c], CollectionKey[org.pentaho.platform.repository.solution.dbbased.RepositoryFile.accessControls#e2d2ab4c-9224-11e0-971d-c91deac9f05c], CollectionKey[org.pentaho.platform.repository.solution.dbbased.RepositoryFile.accessControls#e2d3478f-9224-11e0-971d-c91deac9f05c], CollectionKey[org.pentaho.platform.repository.solution.dbbased.RepositoryFile.accessControls#e2d6ca0e-9224-11e0-971d-c91deac9f05c], CollectionKey[org.pentaho.platform.repository.solution.dbbased.RepositoryFile.accessControls#e2d5b898-9224-11e0-971d-c91deac9f05c], CollectionKey[org.pentaho.platform.repository.solution.dbbased.RepositoryFile.childrenFiles#e2d98932-9224-11e0-971d-c91deac9f05c], CollectionKey[org.pentaho.platform.repository.solution.dbbased.RepositoryFile.childrenFiles#e2d25d2a-9224-11e0-971d-c91deac9f05c], CollectionKey[org.pentaho.platform.repository.solution.dbbased.RepositoryFile.accessControls#e2d5dfa9-9224-11e0-971d-c91deac9f05c], CollectionKey[org.pentaho.platform.repository.solution.dbbased.RepositoryFile.childrenFiles#e2d62dca-9224-11e0-971d-c91deac9f05c], CollectionKey[org.pentaho.platform.repository.solution.dbbased.RepositoryFile.childrenFiles#e2d2843b-9224-11e0-971d-c91deac9f05c], CollectionKey[org.pentaho.platform.repository.solution.dbbased.RepositoryFile.childrenFiles#e2d4a727-9224-11e0-971d-c91deac9f05c], CollectionKey[org.pentaho.platform.repository.solution.dbbased.RepositoryFile.childrenFiles#e2d93b10-9224-11e0-971d-c91deac9f05c], CollectionKey[org.pentaho.platform.repository.solution.dbbased.RepositoryFile.childrenFiles#e2d2f96d-9224-11e0-971d-c91deac9f05c], CollectionKey[org.pentaho.platform.repository.solution.dbbased.RepositoryFile.childrenFiles#e2d5dfa9-9224-11e0-971d-c91deac9f05c], CollectionKey[org.pentaho.platform.repository.solution.dbbased.RepositoryFile.accessControls#e2d395b1-9224-11e0-971d-c91deac9f05c], CollectionKey[org.pentaho.platform.repository.solution.dbbased.RepositoryFile.childrenFiles#e2d06158-9224-11e0-971d-c91deac9f05c], CollectionKey[org.pentaho.platform.repository.solution.dbbased.RepositoryFile.childrenFiles#e2d654db-9224-11e0-971d-c91deac9f05c], CollectionKey[org.pentaho.platform.repository.solution.dbbased.RepositoryFile.accessControls#e2d06158-9224-11e0-971d-c91deac9f05c], CollectionKey[org.pentaho.platform.repository.solution.dbbased.RepositoryFile.childrenFiles#e2db8504-9224-11e0-971d-c91deac9f05c], CollectionKey[org.pentaho.platform.repository.solution.dbbased.RepositoryFile.childrenFiles#e2d08869-9224-11e0-971d-c91deac9f05c], CollectionKey[org.pentaho.platform.repository.solution.dbbased.RepositoryFile.childrenFiles#e2d40ae3-9224-11e0-971d-c91deac9f05c], CollectionKey[org.pentaho.platform.repository.solution.dbbased.RepositoryFile.accessControls#e2d6a2fd-9224-11e0-971d-c91deac9f05c], CollectionKey[org.pentaho.platform.repository.solution.dbbased.RepositoryFile.childrenFiles#e2d45905-9224-11e0-971d-c91deac9f05c], CollectionKey[org.pentaho.platform.repository.solution.dbbased.RepositoryFile.accessControls#e2db5df3-9224-11e0-971d-c91deac9f05c], CollectionKey[org.pentaho.platform.repository.solution.dbbased.RepositoryFile.accessControls#e2d98932-9224-11e0-971d-c91deac9f05c], CollectionKey[org.pentaho.platform.repository.solution.dbbased.RepositoryFile.accessControls#e2d2f96d-9224-11e0-971d-c91deac9f05c], CollectionKey[org.pentaho.platform.repository.solution.dbbased.RepositoryFile.childrenFiles#e2d431f4-9224-11e0-971d-c91deac9f05c], CollectionKey[org.pentaho.platform.repository.solution.dbbased.RepositoryFile.childrenFiles#e2d2ab4c-9224-11e0-971d-c91deac9f05c], CollectionKey[org.pentaho.platform.repository.solution.dbbased.RepositoryFile.accessControls#e11914a3-9224-11e0-971d-c91deac9f05c], CollectionKey[org.pentaho.platform.repository.solution.dbbased.RepositoryFile.childrenFiles#e2db5df3-9224-11e0-971d-c91deac9f05c], CollectionKey[org.pentaho.platform.repository.solution.dbbased.RepositoryFile.childrenFiles#e2d3bcc2-9224-11e0-971d-c91deac9f05c], CollectionKey[org.pentaho.platform.repository.solution.dbbased.RepositoryFile.childrenFiles#e2d8ecef-9224-11e0-971d-c91deac9f05c], CollectionKey[org.pentaho.platform.repository.solution.dbbased.RepositoryFile.accessControls#e2d48016-9224-11e0-971d-c91deac9f05c], CollectionKey[org.pentaho.platform.repository.solution.dbbased.RepositoryFile.accessControls#e2d4a727-9224-11e0-971d-c91deac9f05c], CollectionKey[org.pentaho.platform.repository.solution.dbbased.RepositoryFile.accessControls#e2dbd325-9224-11e0-971d-c91deac9f05c], CollectionKey[org.pentaho.platform.repository.solution.dbbased.RepositoryFile.childrenFiles#e0e5335e-9224-11e0-971d-c91deac9f05c], CollectionKey[org.pentaho.platform.repository.solution.dbbased.RepositoryFile.accessControls#e2d96221-9224-11e0-971d-c91deac9f05c], CollectionKey[org.pentaho.platform.repository.solution.dbbased.RepositoryFile.accessControls#e2d25d2a-9224-11e0-971d-c91deac9f05c], CollectionKey[org.pentaho.platform.repository.solution.dbbased.RepositoryFile.accessControls#e2d62dca-9224-11e0-971d-c91deac9f05c], CollectionKey[org.pentaho.platform.repository.solution.dbbased.RepositoryFile.accessControls#e2d431f4-9224-11e0-971d-c91deac9f05c], CollectionKey[org.pentaho.platform.repository.solution.dbbased.RepositoryFile.childrenFiles#e2d3207e-9224-11e0-971d-c91deac9f05c], CollectionKey[org.pentaho.platform.repository.solution.dbbased.RepositoryFile.childrenFiles#e2d6a2fd-9224-11e0-971d-c91deac9f05c], CollectionKey[org.pentaho.platform.repository.solution.dbbased.RepositoryFile.accessControls#e2d2843b-9224-11e0-971d-c91deac9f05c], CollectionKey[org.pentaho.platform.repository.solution.dbbased.RepositoryFile.childrenFiles#e2d5b898-9224-11e0-971d-c91deac9f05c], CollectionKey[org.pentaho.platform.repository.solution.dbbased.RepositoryFile.childrenFiles#e2dbd325-9224-11e0-971d-c91deac9f05c], CollectionKey[org.pentaho.platform.repository.solution.dbbased.RepositoryFile.childrenFiles#e2d3478f-9224-11e0-971d-c91deac9f05c], CollectionKey[org.pentaho.platform.repository.solution.dbbased.RepositoryFile.childrenFiles#e11914a3-9224-11e0-971d-c91deac9f05c], CollectionKey[org.pentaho.platform.repository.solution.dbbased.RepositoryFile.accessControls#e11a7483-9224-11e0-971d-c91deac9f05c], CollectionKey[org.pentaho.platform.repository.solution.dbbased.RepositoryFile.accessControls#e2d93b10-9224-11e0-971d-c91deac9f05c], CollectionKey[org.pentaho.platform.repository.solution.dbbased.RepositoryFile.accessControls#e2d36ea0-9224-11e0-971d-c91deac9f05c], CollectionKey[org.pentaho.platform.repository.solution.dbbased.RepositoryFile.accessControls#e2d45905-9224-11e0-971d-c91deac9f05c], CollectionKey[org.pentaho.platform.repository.solution.dbbased.RepositoryFile.childrenFiles#e2d48016-9224-11e0-971d-c91deac9f05c], CollectionKey[org.pentaho.platform.repository.solution.dbbased.RepositoryFile.childrenFiles#e2d36ea0-9224-11e0-971d-c91deac9f05c], CollectionKey[org.pentaho.platform.repository.solution.dbbased.RepositoryFile.accessControls#e2d08869-9224-11e0-971d-c91deac9f05c], CollectionKey[org.pentaho.platform.repository.solution.dbbased.RepositoryFile.accessControls#e0e5335e-9224-11e0-971d-c91deac9f05c], CollectionKey[org.pentaho.platform.repository.solution.dbbased.RepositoryFile.accessControls#e2d8ecef-9224-11e0-971d-c91deac9f05c], CollectionKey[org.pentaho.platform.repository.solution.dbbased.RepositoryFile.accessControls#e2db8504-9224-11e0-971d-c91deac9f05c], CollectionKey[org.pentaho.platform.repository.solution.dbbased.RepositoryFile.childrenFiles#e2d395b1-9224-11e0-971d-c91deac9f05c], CollectionKey[org.pentaho.platform.repository.solution.dbbased.RepositoryFile.accessControls#e2d3bcc2-9224-11e0-971d-c91deac9f05c], CollectionKey[org.pentaho.platform.repository.solution.dbbased.RepositoryFile.accessControls#e2d654db-9224-11e0-971d-c91deac9f05c], CollectionKey[org.pentaho.platform.repository.solution.dbbased.RepositoryFile.childrenFiles#e2d6ca0e-9224-11e0-971d-c91deac9f05c], CollectionKey[org.pentaho.platform.repository.solution.dbbased.RepositoryFile.accessControls#e2d40ae3-9224-11e0-971d-c91deac9f05c], CollectionKey[org.pentaho.platform.repository.solution.dbbased.RepositoryFile.childrenFiles#e2d96221-9224-11e0-971d-c91deac9f05c], CollectionKey[org.pentaho.platform.repository.solution.dbbased.RepositoryFile.childrenFiles#e2d67bec-9224-11e0-971d-c91deac9f05c]]];ActionQueue[insertions=[] updates=[] deletions=[] collectionCreations=[] collectionRemovals=[] collectionUpdates=[]])]) but failed to remove it when the web application was stopped. This is very likely to create a memory leak.
23-jun-2011 2:01:30 org.apache.catalina.loader.WebappClassLoader clearThreadLocalMap
GRAVE: The web application [/pentaho] created a ThreadLocal with key of type [java.lang.ThreadLocal] (value [java.lang.ThreadLocal@1344a8]) and a value of type [org.pentaho.platform.engine.core.system.StandaloneSession] (value [org.pentaho.platform.engine.core.system.StandaloneSession@ce4f39]) but failed to remove it when the web application was stopped. This is very likely to create a memory leak.
23-jun-2011 2:01:30 org.apache.catalina.loader.WebappClassLoader clearThreadLocalMap
GRAVE: The web application [/pentaho] created a ThreadLocal with key of type [java.lang.ThreadLocal] (value [java.lang.ThreadLocal@1008d54]) and a value of type [org.pentaho.platform.engine.security.session.TrustedSystemStartupSession] (value [org.pentaho.platform.engine.security.session.TrustedSystemStartupSession@1d449fc]) but failed to remove it when the web application was stopped. This is very likely to create a memory leak.
23-jun-2011 2:01:30 org.apache.catalina.loader.WebappClassLoader clearThreadLocalMap
GRAVE: The web application [/pentaho] created a ThreadLocal with key of type [null] (value [org.pentaho.platform.plugin.services.pluginmgr.PluginMessageLogger$1@13e9bda]) and a value of type [java.util.ArrayList] (value [[Discovered plugin Pentaho Data Access in data-access, This plugin provides: 0 menu customizations, 0 content types, 0 content generators, 0 overlays, and 0 lifecycle listeners, Discovered plugin BI Server default plugin in default-plugin, This plugin provides: 0 menu customizations, 0 content types, 3 content generators, 0 overlays, and 0 lifecycle listeners, Discovered plugin Pentaho Community Dashboard Framework in pentaho-cdf, Content type registered: xcdf - Dashboard, This plugin provides: 0 menu customizations, 1 content types, 1 content generators, 0 overlays, and 1 lifecycle listeners, Discovered plugin Pentaho Reporting Plugin in reporting, Content type registered: prpt - Pentaho Report, This plugin provides: 0 menu customizations, 1 content types, 1 content generators, 0 overlays, and 1 lifecycle listeners, Plugin Pentaho Data Access has registered successfully, Content generator registered: ws-services for plugin BI Server default plugin, Content generator registered: ws-run for plugin BI Server default plugin, Content generator registered: ws-wsdl for plugin BI Server default plugin, Plugin BI Server default plugin has registered successfully, Content generator registered: pentaho-cdf for plugin Pentaho Community Dashboard Framework, Plugin Pentaho Community Dashboard Framework has registered successfully, Content generator registered: reporting for plugin Pentaho Reporting Plugin, Plugin Pentaho Reporting Plugin has registered successfully]]) but failed to remove it when the web application was stopped. This is very likely to create a memory leak.
23-jun-2011 2:01:30 org.apache.catalina.loader.WebappClassLoader clearThreadLocalMap
GRAVE: The web application [/pentaho] created a ThreadLocal with key of type [java.lang.InheritableThreadLocal] (value [java.lang.InheritableThreadLocal@1f65b0e]) and a value of type [org.pentaho.platform.engine.security.session.TrustedSystemStartupSession] (value [org.pentaho.platform.engine.security.session.TrustedSystemStartupSession@98b13b]) but failed to remove it when the web application was stopped. This is very likely to create a memory leak.
23-jun-2011 2:01:30 org.apache.catalina.loader.WebappClassLoader clearThreadLocalMap
GRAVE: The web application [/pentaho] created a ThreadLocal with key of type [java.lang.InheritableThreadLocal] (value [java.lang.InheritableThreadLocal@1f65b0e]) and a value of type [org.pentaho.platform.engine.security.session.TrustedSystemStartupSession] (value [org.pentaho.platform.engine.security.session.TrustedSystemStartupSession@98b13b]) but failed to remove it when the web application was stopped. This is very likely to create a memory leak.
23-jun-2011 2:01:30 org.apache.catalina.loader.WebappClassLoader clearThreadLocalMap
GRAVE: The web application [/pentaho] created a ThreadLocal with key of type [java.lang.InheritableThreadLocal] (value [java.lang.InheritableThreadLocal@1f65b0e]) and a value of type [org.pentaho.platform.engine.security.session.TrustedSystemStartupSession] (value [org.pentaho.platform.engine.security.session.TrustedSystemStartupSession@98b13b]) but failed to remove it when the web application was stopped. This is very likely to create a memory leak.
23-jun-2011 2:01:30 org.apache.catalina.loader.WebappClassLoader clearThreadLocalMap
GRAVE: The web application [/pentaho] created a ThreadLocal with key of type [java.lang.InheritableThreadLocal] (value [java.lang.InheritableThreadLocal@1f65b0e]) and a value of type [org.pentaho.platform.engine.security.session.TrustedSystemStartupSession] (value [org.pentaho.platform.engine.security.session.TrustedSystemStartupSession@98b13b]) but failed to remove it when the web application was stopped. This is very likely to create a memory leak.
23-jun-2011 2:01:30 org.apache.catalina.loader.WebappClassLoader clearThreadLocalMap
GRAVE: The web application [/pentaho] created a ThreadLocal with key of type [java.lang.InheritableThreadLocal] (value [java.lang.InheritableThreadLocal@1f65b0e]) and a value of type [org.pentaho.platform.engine.security.session.TrustedSystemStartupSession] (value [org.pentaho.platform.engine.security.session.TrustedSystemStartupSession@98b13b]) but failed to remove it when the web application was stopped. This is very likely to create a memory leak.
23-jun-2011 2:01:30 org.apache.catalina.loader.WebappClassLoader clearThreadLocalMap
GRAVE: The web application [/pentaho] created a ThreadLocal with key of type [java.lang.InheritableThreadLocal] (value [java.lang.InheritableThreadLocal@1f65b0e]) and a value of type [org.pentaho.platform.engine.security.session.TrustedSystemStartupSession] (value [org.pentaho.platform.engine.security.session.TrustedSystemStartupSession@98b13b]) but failed to remove it when the web application was stopped. This is very likely to create a memory leak.
23-jun-2011 2:01:30 org.apache.catalina.loader.WebappClassLoader clearThreadLocalMap
GRAVE: The web application [/pentaho] created a ThreadLocal with key of type [java.lang.InheritableThreadLocal] (value [java.lang.InheritableThreadLocal@1f65b0e]) and a value of type [org.pentaho.platform.engine.security.session.TrustedSystemStartupSession] (value [org.pentaho.platform.engine.security.session.TrustedSystemStartupSession@98b13b]) but failed to remove it when the web application was stopped. This is very likely to create a memory leak.
23-jun-2011 2:01:30 org.apache.catalina.loader.WebappClassLoader clearThreadLocalMap
GRAVE: The web application [/pentaho] created a ThreadLocal with key of type [java.lang.InheritableThreadLocal] (value [java.lang.InheritableThreadLocal@1f65b0e]) and a value of type [org.pentaho.platform.engine.security.session.TrustedSystemStartupSession] (value [org.pentaho.platform.engine.security.session.TrustedSystemStartupSession@98b13b]) but failed to remove it when the web application was stopped. This is very likely to create a memory leak.
23-jun-2011 2:01:30 org.apache.catalina.loader.WebappClassLoader clearThreadLocalMap
GRAVE: The web application [/pentaho] created a ThreadLocal with key of type [java.lang.InheritableThreadLocal] (value [java.lang.InheritableThreadLocal@1f65b0e]) and a value of type [org.pentaho.platform.engine.security.session.TrustedSystemStartupSession] (value [org.pentaho.platform.engine.security.session.TrustedSystemStartupSession@98b13b]) but failed to remove it when the web application was stopped. This is very likely to create a memory leak.
23-jun-2011 2:01:30 org.apache.catalina.loader.WebappClassLoader clearThreadLocalMap
GRAVE: The web application [/pentaho] created a ThreadLocal with key of type [java.lang.InheritableThreadLocal] (value [java.lang.InheritableThreadLocal@1f65b0e]) and a value of type [org.pentaho.platform.engine.security.session.TrustedSystemStartupSession] (value [org.pentaho.platform.engine.security.session.TrustedSystemStartupSession@98b13b]) but failed to remove it when the web application was stopped. This is very likely to create a memory leak.
23-jun-2011 2:01:30 org.apache.catalina.loader.WebappClassLoader clearThreadLocalMap
GRAVE: The web application [/pentaho] created a ThreadLocal with key of type [java.lang.InheritableThreadLocal] (value [java.lang.InheritableThreadLocal@1f65b0e]) and a value of type [org.pentaho.platform.engine.security.session.TrustedSystemStartupSession] (value [org.pentaho.platform.engine.security.session.TrustedSystemStartupSession@98b13b]) but failed to remove it when the web application was stopped. This is very likely to create a memory leak.
23-jun-2011 2:01:30 org.apache.catalina.loader.WebappClassLoader clearThreadLocalMap
GRAVE: The web application [/pentaho] created a ThreadLocal with key of type [java.lang.InheritableThreadLocal] (value [java.lang.InheritableThreadLocal@1f65b0e]) and a value of type [org.pentaho.platform.engine.security.session.TrustedSystemStartupSession] (value [org.pentaho.platform.engine.security.session.TrustedSystemStartupSession@98b13b]) but failed to remove it when the web application was stopped. This is very likely to create a memory leak.
23-jun-2011 2:01:30 org.apache.catalina.loader.WebappClassLoader clearThreadLocalMap
GRAVE: The web application [/pentaho] created a ThreadLocal with key of type [java.lang.InheritableThreadLocal] (value [java.lang.InheritableThreadLocal@1f65b0e]) and a value of type [org.pentaho.platform.engine.security.session.TrustedSystemStartupSession] (value [org.pentaho.platform.engine.security.session.TrustedSystemStartupSession@98b13b]) but failed to remove it when the web application was stopped. This is very likely to create a memory leak.
23-jun-2011 2:01:30 org.apache.catalina.loader.WebappClassLoader clearThreadLocalMap
GRAVE: The web application [/pentaho] created a ThreadLocal with key of type [java.lang.InheritableThreadLocal] (value [java.lang.InheritableThreadLocal@1f65b0e]) and a value of type [org.pentaho.platform.engine.security.session.TrustedSystemStartupSession] (value [org.pentaho.platform.engine.security.session.TrustedSystemStartupSession@98b13b]) but failed to remove it when the web application was stopped. This is very likely to create a memory leak.
23-jun-2011 2:14:33 org.apache.catalina.core.AprLifecycleListener init
INFO: La biblioteca nativa de Apache Tomcat basada en ARP que permite un rendimiento óptimo en entornos de desarrollo no ha sido hallada en java.library.path: C:\Program Files\Java\jdk1.6.0_25\bin;.;C:\Windows\Sun\Java\bin;C:\Windows\system32;C:\Windows;C:\Program Files\MiKTeX 2.9\miktex\bin;C:\Program Files\Common Files\Microsoft Shared\Windows Live;C:\Windows\system32;C:\Windows;C:\Windows\System32\Wbem;C:\Windows\System32\WindowsPowerShell\v1.0\;C:\Program Files\Windows Live\Shared
23-jun-2011 2:14:34 org.apache.coyote.http11.Http11Protocol init
INFO: Inicializando Coyote HTTP/1.1 en puerto http-8080
23-jun-2011 2:14:34 org.apache.catalina.startup.Catalina load
INFO: Initialization processed in 1302 ms
23-jun-2011 2:14:34 org.apache.catalina.core.StandardService start
INFO: Arrancando servicio Catalina
23-jun-2011 2:14:34 org.apache.catalina.core.StandardEngine start
INFO: Starting Servlet Engine: Apache Tomcat/6.0.29
23-jun-2011 2:14:34 org.apache.catalina.startup.HostConfig deployDescriptor
INFO: Desplieque del descriptor de configuración pentaho.xml
23-jun-2011 2:14:35 org.apache.catalina.startup.ContextConfig validateSecurityRoles
INFO: ATENCIÓN: El nombre de papel de seguridad PENTAHO_ADMIN es usado en un <auth-constraint> sin haber sido definido en <security-role>
23-jun-2011 2:15:05 org.apache.catalina.startup.HostConfig deployDirectory
INFO: Despliegue del directorio pentaho-style de la aplicación web
23-jun-2011 2:15:05 org.apache.catalina.startup.HostConfig deployDirectory
INFO: Despliegue del directorio ROOT de la aplicación web
23-jun-2011 2:15:05 org.apache.catalina.startup.HostConfig deployDirectory
INFO: Despliegue del directorio sw-style de la aplicación web
23-jun-2011 2:15:05 org.apache.coyote.http11.Http11Protocol start
INFO: Arrancando Coyote HTTP/1.1 en puerto http-8080
23-jun-2011 2:15:05 org.apache.jk.common.ChannelSocket init
INFO: JK: ajp13 listening on /0.0.0.0:8009
23-jun-2011 2:15:05 org.apache.jk.server.JkMain start
INFO: Jk running ID=0 time=0/27  config=null
23-jun-2011 2:15:05 org.apache.catalina.startup.Catalina start
INFO: Server startup in 31493 ms
23-jun-2011 5:58:40 org.apache.coyote.http11.Http11Protocol pause
INFO: Pausando Coyote HTTP/1.1 en puerto http-8080
23-jun-2011 5:58:41 org.apache.catalina.core.StandardService stop
INFO: Parando servicio Catalina
23-jun-2011 5:58:54 org.apache.catalina.loader.WebappClassLoader clearReferencesJdbc
GRAVE: The web application [/pentaho] registered the JBDC driver [mondrian.olap4j.MondrianOlap4jDriver] but failed to unregister it when the web application was stopped. To prevent a memory leak, the JDBC Driver has been forcibly unregistered.
23-jun-2011 5:58:54 org.apache.catalina.loader.WebappClassLoader clearReferencesThreads
GRAVE: The web application [/pentaho] appears to have started a thread named [HSQLDB Timer @16d8196] but has failed to stop it. This is very likely to create a memory leak.
23-jun-2011 5:58:54 org.apache.catalina.loader.WebappClassLoader clearReferencesThreads
GRAVE: The web application [/pentaho] appears to have started a thread named [net.sf.ehcache.CacheManager@1f0f8ff] but has failed to stop it. This is very likely to create a memory leak.
23-jun-2011 5:58:54 org.apache.catalina.loader.WebappClassLoader clearReferencesThreads
GRAVE: The web application [/pentaho] appears to have started a thread named [Store pentahoCache Spool Thread] but has failed to stop it. This is very likely to create a memory leak.
23-jun-2011 5:58:54 org.apache.catalina.loader.WebappClassLoader clearReferencesThreads
GRAVE: The web application [/pentaho] appears to have started a thread named [Store mondrian-catalog-cache Spool Thread] but has failed to stop it. This is very likely to create a memory leak.
23-jun-2011 5:58:54 org.apache.catalina.loader.WebappClassLoader clearReferencesThreads
GRAVE: The web application [/pentaho] appears to have started a thread named [Store libloader-data Spool Thread] but has failed to stop it. This is very likely to create a memory leak.
23-jun-2011 5:58:54 org.apache.catalina.loader.WebappClassLoader clearReferencesThreads
GRAVE: The web application [/pentaho] appears to have started a thread named [Timer-0] but has failed to stop it. This is very likely to create a memory leak.
23-jun-2011 5:58:54 org.apache.catalina.loader.WebappClassLoader clearReferencesThreads
GRAVE: The web application [/pentaho] appears to have started a thread named [net.sf.ehcache.CacheManager@1e8bf76] but has failed to stop it. This is very likely to create a memory leak.
23-jun-2011 5:58:54 org.apache.catalina.loader.WebappClassLoader clearReferencesThreads
GRAVE: The web application [/pentaho] appears to have started a thread named [Store mondrian-catalog-cache Spool Thread] but has failed to stop it. This is very likely to create a memory leak.
23-jun-2011 5:58:54 org.apache.catalina.loader.WebappClassLoader clearReferencesThreads
GRAVE: The web application [/pentaho] appears to have started a thread named [Store pentahoCache Spool Thread] but has failed to stop it. This is very likely to create a memory leak.
23-jun-2011 5:58:54 org.apache.catalina.loader.WebappClassLoader clearReferencesThreads
GRAVE: The web application [/pentaho] appears to have started a thread named [Store libloader-data Spool Thread] but has failed to stop it. This is very likely to create a memory leak.
23-jun-2011 5:58:54 org.apache.catalina.loader.WebappClassLoader clearReferencesThreads
GRAVE: The web application [/pentaho] appears to have started a thread named [MySQL Statement Cancellation Timer] but has failed to stop it. This is very likely to create a memory leak.
23-jun-2011 5:58:54 org.apache.catalina.loader.WebappClassLoader clearReferencesThreads
GRAVE: The web application [/pentaho] appears to have started a thread named [net.sf.ehcache.CacheManager@1c17f5a] but has failed to stop it. This is very likely to create a memory leak.
23-jun-2011 5:58:54 org.apache.catalina.loader.WebappClassLoader clearReferencesThreads
GRAVE: The web application [/pentaho] appears to have started a thread named [Store libloader-data Spool Thread] but has failed to stop it. This is very likely to create a memory leak.
23-jun-2011 5:58:54 org.apache.catalina.loader.WebappClassLoader clearReferencesThreads
GRAVE: The web application [/pentaho] appears to have started a thread named [Store pentahoCache Spool Thread] but has failed to stop it. This is very likely to create a memory leak.
23-jun-2011 5:58:54 org.apache.catalina.loader.WebappClassLoader clearReferencesThreads
GRAVE: The web application [/pentaho] appears to have started a thread named [Store mondrian-catalog-cache Spool Thread] but has failed to stop it. This is very likely to create a memory leak.
23-jun-2011 5:58:54 org.apache.catalina.loader.WebappClassLoader clearThreadLocalMap
GRAVE: The web application [/pentaho] created a ThreadLocal with key of type [java.lang.ThreadLocal] (value [java.lang.ThreadLocal@13ed0e]) and a value of type [org.pentaho.platform.repository.solution.dbbased.DbBasedSolutionRepository] (value [org.pentaho.platform.repository.solution.dbbased.DbBasedSolutionRepository@f16070]) but failed to remove it when the web application was stopped. This is very likely to create a memory leak.
23-jun-2011 5:58:54 org.apache.catalina.loader.WebappClassLoader clearThreadLocalMap
GRAVE: The web application [/pentaho] created a ThreadLocal with key of type [java.lang.ThreadLocal] (value [java.lang.ThreadLocal@303e7b]) and a value of type [org.hibernate.impl.SessionImpl] (value [SessionImpl(PersistenceContext[entityKeys=[EntityKey[org.pentaho.platform.repository.solution.dbbased.RepositoryFile#e2d654db-9224-11e0-971d-c91deac9f05c], EntityKey[org.pentaho.platform.repository.solution.dbbased.RepositoryFile#e2d08869-9224-11e0-971d-c91deac9f05c], EntityKey[org.pentaho.platform.repository.solution.dbbased.RepositoryFile#e2d431f4-9224-11e0-971d-c91deac9f05c], EntityKey[org.pentaho.platform.repository.solution.dbbased.RepositoryFile#e2d6a2fd-9224-11e0-971d-c91deac9f05c], EntityKey[org.pentaho.platform.repository.solution.dbbased.RepositoryFile#e2d3478f-9224-11e0-971d-c91deac9f05c], EntityKey[org.pentaho.platform.repository.solution.dbbased.RepositoryFile#e2d36ea0-9224-11e0-971d-c91deac9f05c], EntityKey[org.pentaho.platform.repository.solution.dbbased.RepositoryFile#e2d5dfa9-9224-11e0-971d-c91deac9f05c], EntityKey[org.pentaho.platform.repository.solution.dbbased.RepositoryFile#e2d5b898-9224-11e0-971d-c91deac9f05c], EntityKey[org.pentaho.platform.repository.solution.dbbased.RepositoryFile#e2d98932-9224-11e0-971d-c91deac9f05c], EntityKey[org.pentaho.platform.repository.solution.dbbased.RepositoryFile#e2d3bcc2-9224-11e0-971d-c91deac9f05c], EntityKey[org.pentaho.platform.repository.solution.dbbased.RepositoryFile#e2db5df3-9224-11e0-971d-c91deac9f05c], EntityKey[org.pentaho.platform.repository.solution.dbbased.RepositoryFile#e2d8ecef-9224-11e0-971d-c91deac9f05c], EntityKey[org.pentaho.platform.repository.solution.dbbased.RepositoryFile#e2d2843b-9224-11e0-971d-c91deac9f05c], EntityKey[org.pentaho.platform.repository.solution.dbbased.RepositoryFile#e2d395b1-9224-11e0-971d-c91deac9f05c], EntityKey[org.pentaho.platform.repository.solution.dbbased.RepositoryFile#e2d3207e-9224-11e0-971d-c91deac9f05c], EntityKey[org.pentaho.platform.repository.solution.dbbased.RepositoryFile#e11914a3-9224-11e0-971d-c91deac9f05c], EntityKey[org.pentaho.platform.repository.solution.dbbased.RepositoryFile#e11a7483-9224-11e0-971d-c91deac9f05c], EntityKey[org.pentaho.platform.repository.solution.dbbased.RepositoryFile#e2d93b10-9224-11e0-971d-c91deac9f05c], EntityKey[org.pentaho.platform.repository.solution.dbbased.RepositoryFile#e2d45905-9224-11e0-971d-c91deac9f05c], EntityKey[org.pentaho.platform.repository.solution.dbbased.RepositoryFile#e2d06158-9224-11e0-971d-c91deac9f05c], EntityKey[org.pentaho.platform.repository.solution.dbbased.RepositoryFile#e2d25d2a-9224-11e0-971d-c91deac9f05c], EntityKey[org.pentaho.platform.repository.solution.dbbased.RepositoryFile#e2d96221-9224-11e0-971d-c91deac9f05c], EntityKey[org.pentaho.platform.repository.solution.dbbased.RepositoryFile#e2d2f96d-9224-11e0-971d-c91deac9f05c], EntityKey[org.pentaho.platform.repository.solution.dbbased.RepositoryFile#e0e5335e-9224-11e0-971d-c91deac9f05c], EntityKey[org.pentaho.platform.repository.solution.dbbased.RepositoryFile#e2d40ae3-9224-11e0-971d-c91deac9f05c], EntityKey[org.pentaho.platform.repository.solution.dbbased.RepositoryFile#e2d67bec-9224-11e0-971d-c91deac9f05c], EntityKey[org.pentaho.platform.repository.solution.dbbased.RepositoryFile#e2d48016-9224-11e0-971d-c91deac9f05c], EntityKey[org.pentaho.platform.repository.solution.dbbased.RepositoryFile#e2d6ca0e-9224-11e0-971d-c91deac9f05c], EntityKey[org.pentaho.platform.repository.solution.dbbased.RepositoryFile#e2d2ab4c-9224-11e0-971d-c91deac9f05c], EntityKey[org.pentaho.platform.repository.solution.dbbased.RepositoryFile#e2d4a727-9224-11e0-971d-c91deac9f05c], EntityKey[org.pentaho.platform.repository.solution.dbbased.RepositoryFile#e2dbd325-9224-11e0-971d-c91deac9f05c], EntityKey[org.pentaho.platform.repository.solution.dbbased.RepositoryFile#e2db8504-9224-11e0-971d-c91deac9f05c], EntityKey[org.pentaho.platform.repository.solution.dbbased.RepositoryFile#e2d62dca-9224-11e0-971d-c91deac9f05c]],collectionKeys=[CollectionKey[org.pentaho.platform.repository.solution.dbbased.RepositoryFile.accessControls#e2d67bec-9224-11e0-971d-c91deac9f05c], CollectionKey[org.pentaho.platform.repository.solution.dbbased.RepositoryFile.accessControls#e2d3207e-9224-11e0-971d-c91deac9f05c], CollectionKey[org.pentaho.platform.repository.solution.dbbased.RepositoryFile.childrenFiles#e11a7483-9224-11e0-971d-c91deac9f05c], CollectionKey[org.pentaho.platform.repository.solution.dbbased.RepositoryFile.accessControls#e2d2ab4c-9224-11e0-971d-c91deac9f05c], CollectionKey[org.pentaho.platform.repository.solution.dbbased.RepositoryFile.accessControls#e2d3478f-9224-11e0-971d-c91deac9f05c], CollectionKey[org.pentaho.platform.repository.solution.dbbased.RepositoryFile.accessControls#e2d6ca0e-9224-11e0-971d-c91deac9f05c], CollectionKey[org.pentaho.platform.repository.solution.dbbased.RepositoryFile.accessControls#e2d5b898-9224-11e0-971d-c91deac9f05c], CollectionKey[org.pentaho.platform.repository.solution.dbbased.RepositoryFile.childrenFiles#e2d98932-9224-11e0-971d-c91deac9f05c], CollectionKey[org.pentaho.platform.repository.solution.dbbased.RepositoryFile.childrenFiles#e2d25d2a-9224-11e0-971d-c91deac9f05c], CollectionKey[org.pentaho.platform.repository.solution.dbbased.RepositoryFile.accessControls#e2d5dfa9-9224-11e0-971d-c91deac9f05c], CollectionKey[org.pentaho.platform.repository.solution.dbbased.RepositoryFile.childrenFiles#e2d62dca-9224-11e0-971d-c91deac9f05c], CollectionKey[org.pentaho.platform.repository.solution.dbbased.RepositoryFile.childrenFiles#e2d2843b-9224-11e0-971d-c91deac9f05c], CollectionKey[org.pentaho.platform.repository.solution.dbbased.RepositoryFile.childrenFiles#e2d4a727-9224-11e0-971d-c91deac9f05c], CollectionKey[org.pentaho.platform.repository.solution.dbbased.RepositoryFile.childrenFiles#e2d93b10-9224-11e0-971d-c91deac9f05c], CollectionKey[org.pentaho.platform.repository.solution.dbbased.RepositoryFile.childrenFiles#e2d2f96d-9224-11e0-971d-c91deac9f05c], CollectionKey[org.pentaho.platform.repository.solution.dbbased.RepositoryFile.childrenFiles#e2d5dfa9-9224-11e0-971d-c91deac9f05c], CollectionKey[org.pentaho.platform.repository.solution.dbbased.RepositoryFile.accessControls#e2d395b1-9224-11e0-971d-c91deac9f05c], CollectionKey[org.pentaho.platform.repository.solution.dbbased.RepositoryFile.childrenFiles#e2d06158-9224-11e0-971d-c91deac9f05c], CollectionKey[org.pentaho.platform.repository.solution.dbbased.RepositoryFile.childrenFiles#e2d654db-9224-11e0-971d-c91deac9f05c], CollectionKey[org.pentaho.platform.repository.solution.dbbased.RepositoryFile.accessControls#e2d06158-9224-11e0-971d-c91deac9f05c], CollectionKey[org.pentaho.platform.repository.solution.dbbased.RepositoryFile.childrenFiles#e2db8504-9224-11e0-971d-c91deac9f05c], CollectionKey[org.pentaho.platform.repository.solution.dbbased.RepositoryFile.childrenFiles#e2d08869-9224-11e0-971d-c91deac9f05c], CollectionKey[org.pentaho.platform.repository.solution.dbbased.RepositoryFile.childrenFiles#e2d40ae3-9224-11e0-971d-c91deac9f05c], CollectionKey[org.pentaho.platform.repository.solution.dbbased.RepositoryFile.accessControls#e2d6a2fd-9224-11e0-971d-c91deac9f05c], CollectionKey[org.pentaho.platform.repository.solution.dbbased.RepositoryFile.childrenFiles#e2d45905-9224-11e0-971d-c91deac9f05c], CollectionKey[org.pentaho.platform.repository.solution.dbbased.RepositoryFile.accessControls#e2db5df3-9224-11e0-971d-c91deac9f05c], CollectionKey[org.pentaho.platform.repository.solution.dbbased.RepositoryFile.accessControls#e2d98932-9224-11e0-971d-c91deac9f05c], CollectionKey[org.pentaho.platform.repository.solution.dbbased.RepositoryFile.accessControls#e2d2f96d-9224-11e0-971d-c91deac9f05c], CollectionKey[org.pentaho.platform.repository.solution.dbbased.RepositoryFile.childrenFiles#e2d431f4-9224-11e0-971d-c91deac9f05c], CollectionKey[org.pentaho.platform.repository.solution.dbbased.RepositoryFile.childrenFiles#e2d2ab4c-9224-11e0-971d-c91deac9f05c], CollectionKey[org.pentaho.platform.repository.solution.dbbased.RepositoryFile.accessControls#e11914a3-9224-11e0-971d-c91deac9f05c], CollectionKey[org.pentaho.platform.repository.solution.dbbased.RepositoryFile.childrenFiles#e2db5df3-9224-11e0-971d-c91deac9f05c], CollectionKey[org.pentaho.platform.repository.solution.dbbased.RepositoryFile.childrenFiles#e2d3bcc2-9224-11e0-971d-c91deac9f05c], CollectionKey[org.pentaho.platform.repository.solution.dbbased.RepositoryFile.childrenFiles#e2d8ecef-9224-11e0-971d-c91deac9f05c], CollectionKey[org.pentaho.platform.repository.solution.dbbased.RepositoryFile.accessControls#e2d48016-9224-11e0-971d-c91deac9f05c], CollectionKey[org.pentaho.platform.repository.solution.dbbased.RepositoryFile.accessControls#e2d4a727-9224-11e0-971d-c91deac9f05c], CollectionKey[org.pentaho.platform.repository.solution.dbbased.RepositoryFile.accessControls#e2dbd325-9224-11e0-971d-c91deac9f05c], CollectionKey[org.pentaho.platform.repository.solution.dbbased.RepositoryFile.childrenFiles#e0e5335e-9224-11e0-971d-c91deac9f05c], CollectionKey[org.pentaho.platform.repository.solution.dbbased.RepositoryFile.accessControls#e2d96221-9224-11e0-971d-c91deac9f05c], CollectionKey[org.pentaho.platform.repository.solution.dbbased.RepositoryFile.accessControls#e2d25d2a-9224-11e0-971d-c91deac9f05c], CollectionKey[org.pentaho.platform.repository.solution.dbbased.RepositoryFile.accessControls#e2d62dca-9224-11e0-971d-c91deac9f05c], CollectionKey[org.pentaho.platform.repository.solution.dbbased.RepositoryFile.accessControls#e2d431f4-9224-11e0-971d-c91deac9f05c], CollectionKey[org.pentaho.platform.repository.solution.dbbased.RepositoryFile.childrenFiles#e2d3207e-9224-11e0-971d-c91deac9f05c], CollectionKey[org.pentaho.platform.repository.solution.dbbased.RepositoryFile.childrenFiles#e2d6a2fd-9224-11e0-971d-c91deac9f05c], CollectionKey[org.pentaho.platform.repository.solution.dbbased.RepositoryFile.accessControls#e2d2843b-9224-11e0-971d-c91deac9f05c], CollectionKey[org.pentaho.platform.repository.solution.dbbased.RepositoryFile.childrenFiles#e2d5b898-9224-11e0-971d-c91deac9f05c], CollectionKey[org.pentaho.platform.repository.solution.dbbased.RepositoryFile.childrenFiles#e2dbd325-9224-11e0-971d-c91deac9f05c], CollectionKey[org.pentaho.platform.repository.solution.dbbased.RepositoryFile.childrenFiles#e2d3478f-9224-11e0-971d-c91deac9f05c], CollectionKey[org.pentaho.platform.repository.solution.dbbased.RepositoryFile.childrenFiles#e11914a3-9224-11e0-971d-c91deac9f05c], CollectionKey[org.pentaho.platform.repository.solution.dbbased.RepositoryFile.accessControls#e11a7483-9224-11e0-971d-c91deac9f05c], CollectionKey[org.pentaho.platform.repository.solution.dbbased.RepositoryFile.accessControls#e2d93b10-9224-11e0-971d-c91deac9f05c], CollectionKey[org.pentaho.platform.repository.solution.dbbased.RepositoryFile.accessControls#e2d36ea0-9224-11e0-971d-c91deac9f05c], CollectionKey[org.pentaho.platform.repository.solution.dbbased.RepositoryFile.accessControls#e2d45905-9224-11e0-971d-c91deac9f05c], CollectionKey[org.pentaho.platform.repository.solution.dbbased.RepositoryFile.childrenFiles#e2d48016-9224-11e0-971d-c91deac9f05c], CollectionKey[org.pentaho.platform.repository.solution.dbbased.RepositoryFile.childrenFiles#e2d36ea0-9224-11e0-971d-c91deac9f05c], CollectionKey[org.pentaho.platform.repository.solution.dbbased.RepositoryFile.accessControls#e2d08869-9224-11e0-971d-c91deac9f05c], CollectionKey[org.pentaho.platform.repository.solution.dbbased.RepositoryFile.accessControls#e0e5335e-9224-11e0-971d-c91deac9f05c], CollectionKey[org.pentaho.platform.repository.solution.dbbased.RepositoryFile.accessControls#e2d8ecef-9224-11e0-971d-c91deac9f05c], CollectionKey[org.pentaho.platform.repository.solution.dbbased.RepositoryFile.accessControls#e2db8504-9224-11e0-971d-c91deac9f05c], CollectionKey[org.pentaho.platform.repository.solution.dbbased.RepositoryFile.childrenFiles#e2d395b1-9224-11e0-971d-c91deac9f05c], CollectionKey[org.pentaho.platform.repository.solution.dbbased.RepositoryFile.accessControls#e2d3bcc2-9224-11e0-971d-c91deac9f05c], CollectionKey[org.pentaho.platform.repository.solution.dbbased.RepositoryFile.accessControls#e2d654db-9224-11e0-971d-c91deac9f05c], CollectionKey[org.pentaho.platform.repository.solution.dbbased.RepositoryFile.childrenFiles#e2d6ca0e-9224-11e0-971d-c91deac9f05c], CollectionKey[org.pentaho.platform.repository.solution.dbbased.RepositoryFile.accessControls#e2d40ae3-9224-11e0-971d-c91deac9f05c], CollectionKey[org.pentaho.platform.repository.solution.dbbased.RepositoryFile.childrenFiles#e2d96221-9224-11e0-971d-c91deac9f05c], CollectionKey[org.pentaho.platform.repository.solution.dbbased.RepositoryFile.childrenFiles#e2d67bec-9224-11e0-971d-c91deac9f05c]]];ActionQueue[insertions=[] updates=[] deletions=[] collectionCreations=[] collectionRemovals=[] collectionUpdates=[]])]) but failed to remove it when the web application was stopped. This is very likely to create a memory leak.
23-jun-2011 5:58:54 org.apache.catalina.loader.WebappClassLoader clearThreadLocalMap
GRAVE: The web application [/pentaho] created a ThreadLocal with key of type [java.lang.ThreadLocal] (value [java.lang.ThreadLocal@15cd7a9]) and a value of type [org.pentaho.platform.engine.core.system.StandaloneSession] (value [org.pentaho.platform.engine.core.system.StandaloneSession@2b8ddb]) but failed to remove it when the web application was stopped. This is very likely to create a memory leak.
23-jun-2011 5:58:54 org.apache.catalina.loader.WebappClassLoader clearThreadLocalMap
GRAVE: The web application [/pentaho] created a ThreadLocal with key of type [java.lang.ThreadLocal] (value [java.lang.ThreadLocal@52a22d]) and a value of type [org.pentaho.platform.engine.security.session.TrustedSystemStartupSession] (value [org.pentaho.platform.engine.security.session.TrustedSystemStartupSession@aea944]) but failed to remove it when the web application was stopped. This is very likely to create a memory leak.
23-jun-2011 5:58:54 org.apache.catalina.loader.WebappClassLoader clearThreadLocalMap
GRAVE: The web application [/pentaho] created a ThreadLocal with key of type [null] (value [org.pentaho.platform.plugin.services.pluginmgr.PluginMessageLogger$1@1155331]) and a value of type [java.util.ArrayList] (value [[Discovered plugin Pentaho Data Access in data-access, This plugin provides: 0 menu customizations, 0 content types, 0 content generators, 0 overlays, and 0 lifecycle listeners, Discovered plugin BI Server default plugin in default-plugin, This plugin provides: 0 menu customizations, 0 content types, 3 content generators, 0 overlays, and 0 lifecycle listeners, Discovered plugin Pentaho Community Dashboard Framework in pentaho-cdf, Content type registered: xcdf - Dashboard, This plugin provides: 0 menu customizations, 1 content types, 1 content generators, 0 overlays, and 1 lifecycle listeners, Discovered plugin Pentaho Reporting Plugin in reporting, Content type registered: prpt - Pentaho Report, This plugin provides: 0 menu customizations, 1 content types, 1 content generators, 0 overlays, and 1 lifecycle listeners, Plugin Pentaho Data Access has registered successfully, Content generator registered: ws-services for plugin BI Server default plugin, Content generator registered: ws-run for plugin BI Server default plugin, Content generator registered: ws-wsdl for plugin BI Server default plugin, Plugin BI Server default plugin has registered successfully, Content generator registered: pentaho-cdf for plugin Pentaho Community Dashboard Framework, Plugin Pentaho Community Dashboard Framework has registered successfully, Content generator registered: reporting for plugin Pentaho Reporting Plugin, Plugin Pentaho Reporting Plugin has registered successfully]]) but failed to remove it when the web application was stopped. This is very likely to create a memory leak.
23-jun-2011 5:58:54 org.apache.catalina.loader.WebappClassLoader clearThreadLocalMap
GRAVE: The web application [/pentaho] created a ThreadLocal with key of type [java.lang.InheritableThreadLocal] (value [java.lang.InheritableThreadLocal@b5c292]) and a value of type [org.pentaho.platform.engine.security.session.TrustedSystemStartupSession] (value [org.pentaho.platform.engine.security.session.TrustedSystemStartupSession@187e184]) but failed to remove it when the web application was stopped. This is very likely to create a memory leak.
23-jun-2011 5:58:54 org.apache.catalina.loader.WebappClassLoader clearThreadLocalMap
GRAVE: The web application [/pentaho] created a ThreadLocal with key of type [java.lang.InheritableThreadLocal] (value [java.lang.InheritableThreadLocal@b5c292]) and a value of type [org.pentaho.platform.engine.security.session.TrustedSystemStartupSession] (value [org.pentaho.platform.engine.security.session.TrustedSystemStartupSession@187e184]) but failed to remove it when the web application was stopped. This is very likely to create a memory leak.
23-jun-2011 5:58:54 org.apache.catalina.loader.WebappClassLoader clearThreadLocalMap
GRAVE: The web application [/pentaho] created a ThreadLocal with key of type [java.lang.InheritableThreadLocal] (value [java.lang.InheritableThreadLocal@b5c292]) and a value of type [org.pentaho.platform.engine.security.session.TrustedSystemStartupSession] (value [org.pentaho.platform.engine.security.session.TrustedSystemStartupSession@187e184]) but failed to remove it when the web application was stopped. This is very likely to create a memory leak.
23-jun-2011 5:58:54 org.apache.catalina.loader.WebappClassLoader clearThreadLocalMap
GRAVE: The web application [/pentaho] created a ThreadLocal with key of type [java.lang.InheritableThreadLocal] (value [java.lang.InheritableThreadLocal@b5c292]) and a value of type [org.pentaho.platform.engine.security.session.TrustedSystemStartupSession] (value [org.pentaho.platform.engine.security.session.TrustedSystemStartupSession@187e184]) but failed to remove it when the web application was stopped. This is very likely to create a memory leak.
23-jun-2011 5:58:54 org.apache.catalina.loader.WebappClassLoader clearThreadLocalMap
GRAVE: The web application [/pentaho] created a ThreadLocal with key of type [java.lang.InheritableThreadLocal] (value [java.lang.InheritableThreadLocal@b5c292]) and a value of type [org.pentaho.platform.engine.security.session.TrustedSystemStartupSession] (value [org.pentaho.platform.engine.security.session.TrustedSystemStartupSession@187e184]) but failed to remove it when the web application was stopped. This is very likely to create a memory leak.
23-jun-2011 5:58:54 org.apache.catalina.loader.WebappClassLoader clearThreadLocalMap
GRAVE: The web application [/pentaho] created a ThreadLocal with key of type [java.lang.InheritableThreadLocal] (value [java.lang.InheritableThreadLocal@b5c292]) and a value of type [org.pentaho.platform.engine.security.session.TrustedSystemStartupSession] (value [org.pentaho.platform.engine.security.session.TrustedSystemStartupSession@187e184]) but failed to remove it when the web application was stopped. This is very likely to create a memory leak.
23-jun-2011 5:58:54 org.apache.catalina.loader.WebappClassLoader clearThreadLocalMap
GRAVE: The web application [/pentaho] created a ThreadLocal with key of type [java.lang.InheritableThreadLocal] (value [java.lang.InheritableThreadLocal@b5c292]) and a value of type [org.pentaho.platform.engine.security.session.TrustedSystemStartupSession] (value [org.pentaho.platform.engine.security.session.TrustedSystemStartupSession@187e184]) but failed to remove it when the web application was stopped. This is very likely to create a memory leak.
23-jun-2011 5:58:54 org.apache.catalina.loader.WebappClassLoader clearThreadLocalMap
GRAVE: The web application [/pentaho] created a ThreadLocal with key of type [java.lang.InheritableThreadLocal] (value [java.lang.InheritableThreadLocal@b5c292]) and a value of type [org.pentaho.platform.engine.security.session.TrustedSystemStartupSession] (value [org.pentaho.platform.engine.security.session.TrustedSystemStartupSession@187e184]) but failed to remove it when the web application was stopped. This is very likely to create a memory leak.
23-jun-2011 5:58:54 org.apache.catalina.loader.WebappClassLoader clearThreadLocalMap
GRAVE: The web application [/pentaho] created a ThreadLocal with key of type [java.lang.InheritableThreadLocal] (value [java.lang.InheritableThreadLocal@b5c292]) and a value of type [org.pentaho.platform.engine.security.session.TrustedSystemStartupSession] (value [org.pentaho.platform.engine.security.session.TrustedSystemStartupSession@187e184]) but failed to remove it when the web application was stopped. This is very likely to create a memory leak.
23-jun-2011 5:58:54 org.apache.catalina.loader.WebappClassLoader clearThreadLocalMap
GRAVE: The web application [/pentaho] created a ThreadLocal with key of type [java.lang.InheritableThreadLocal] (value [java.lang.InheritableThreadLocal@b5c292]) and a value of type [org.pentaho.platform.engine.security.session.TrustedSystemStartupSession] (value [org.pentaho.platform.engine.security.session.TrustedSystemStartupSession@187e184]) but failed to remove it when the web application was stopped. This is very likely to create a memory leak.
23-jun-2011 5:58:54 org.apache.catalina.loader.WebappClassLoader clearThreadLocalMap
GRAVE: The web application [/pentaho] created a ThreadLocal with key of type [java.lang.InheritableThreadLocal] (value [java.lang.InheritableThreadLocal@b5c292]) and a value of type [org.pentaho.platform.engine.security.session.TrustedSystemStartupSession] (value [org.pentaho.platform.engine.security.session.TrustedSystemStartupSession@187e184]) but failed to remove it when the web application was stopped. This is very likely to create a memory leak.
23-jun-2011 5:58:54 org.apache.catalina.loader.WebappClassLoader clearThreadLocalMap
GRAVE: The web application [/pentaho] created a ThreadLocal with key of type [java.lang.InheritableThreadLocal] (value [java.lang.InheritableThreadLocal@b5c292]) and a value of type [org.pentaho.platform.engine.security.session.TrustedSystemStartupSession] (value [org.pentaho.platform.engine.security.session.TrustedSystemStartupSession@187e184]) but failed to remove it when the web application was stopped. This is very likely to create a memory leak.
23-jun-2011 5:58:54 org.apache.catalina.loader.WebappClassLoader clearThreadLocalMap
GRAVE: The web application [/pentaho] created a ThreadLocal with key of type [java.lang.InheritableThreadLocal] (value [java.lang.InheritableThreadLocal@b5c292]) and a value of type [org.pentaho.platform.engine.security.session.TrustedSystemStartupSession] (value [org.pentaho.platform.engine.security.session.TrustedSystemStartupSession@187e184]) but failed to remove it when the web application was stopped. This is very likely to create a memory leak.
23-jun-2011 5:58:54 org.apache.catalina.loader.WebappClassLoader clearThreadLocalMap
GRAVE: The web application [/pentaho] created a ThreadLocal with key of type [java.lang.InheritableThreadLocal] (value [java.lang.InheritableThreadLocal@b5c292]) and a value of type [org.pentaho.platform.engine.security.session.TrustedSystemStartupSession] (value [org.pentaho.platform.engine.security.session.TrustedSystemStartupSession@187e184]) but failed to remove it when the web application was stopped. This is very likely to create a memory leak.
23-jun-2011 21:51:42 org.apache.catalina.core.AprLifecycleListener init
INFO: La biblioteca nativa de Apache Tomcat basada en ARP que permite un rendimiento óptimo en entornos de desarrollo no ha sido hallada en java.library.path: C:\Program Files\Java\jdk1.6.0_25\bin;.;C:\Windows\Sun\Java\bin;C:\Windows\system32;C:\Windows;C:\Program Files\MiKTeX 2.9\miktex\bin;C:\Program Files\Common Files\Microsoft Shared\Windows Live;C:\Windows\system32;C:\Windows;C:\Windows\System32\Wbem;C:\Windows\System32\WindowsPowerShell\v1.0\;C:\Program Files\Windows Live\Shared
23-jun-2011 21:51:55 org.apache.catalina.core.AprLifecycleListener init
INFO: La biblioteca nativa de Apache Tomcat basada en ARP que permite un rendimiento óptimo en entornos de desarrollo no ha sido hallada en java.library.path: C:\Program Files\Java\jdk1.6.0_25\bin;.;C:\Windows\Sun\Java\bin;C:\Windows\system32;C:\Windows;C:\Program Files\MiKTeX 2.9\miktex\bin;C:\Program Files\Common Files\Microsoft Shared\Windows Live;C:\Windows\system32;C:\Windows;C:\Windows\System32\Wbem;C:\Windows\System32\WindowsPowerShell\v1.0\;C:\Program Files\Windows Live\Shared
23-jun-2011 21:51:56 org.apache.coyote.http11.Http11Protocol init
INFO: Inicializando Coyote HTTP/1.1 en puerto http-8080
23-jun-2011 21:51:56 org.apache.catalina.startup.Catalina load
INFO: Initialization processed in 597 ms
23-jun-2011 21:51:56 org.apache.catalina.core.StandardService start
INFO: Arrancando servicio Catalina
23-jun-2011 21:51:56 org.apache.catalina.core.StandardEngine start
INFO: Starting Servlet Engine: Apache Tomcat/6.0.29
23-jun-2011 21:51:56 org.apache.catalina.startup.HostConfig deployDescriptor
INFO: Desplieque del descriptor de configuración pentaho.xml
23-jun-2011 21:51:57 org.apache.catalina.startup.ContextConfig validateSecurityRoles
INFO: ATENCIÓN: El nombre de papel de seguridad PENTAHO_ADMIN es usado en un <auth-constraint> sin haber sido definido en <security-role>
23-jun-2011 21:52:19 org.apache.catalina.startup.HostConfig deployDirectory
INFO: Despliegue del directorio pentaho-style de la aplicación web
23-jun-2011 21:52:19 org.apache.catalina.startup.HostConfig deployDirectory
INFO: Despliegue del directorio ROOT de la aplicación web
23-jun-2011 21:52:19 org.apache.catalina.startup.HostConfig deployDirectory
INFO: Despliegue del directorio sw-style de la aplicación web
23-jun-2011 21:52:19 org.apache.coyote.http11.Http11Protocol start
INFO: Arrancando Coyote HTTP/1.1 en puerto http-8080
23-jun-2011 21:52:19 org.apache.jk.common.ChannelSocket init
INFO: JK: ajp13 listening on /0.0.0.0:8009
23-jun-2011 21:52:19 org.apache.jk.server.JkMain start
INFO: Jk running ID=0 time=0/32  config=null
23-jun-2011 21:52:19 org.apache.catalina.startup.Catalina start
INFO: Server startup in 23048 ms
