16-jun-2011 1:12:15 org.apache.catalina.core.AprLifecycleListener init
INFO: La biblioteca nativa de Apache Tomcat basada en ARP que permite un rendimiento óptimo en entornos de desarrollo no ha sido hallada en java.library.path: C:\Program Files\Java\jdk1.6.0_25\bin;.;C:\Windows\Sun\Java\bin;C:\Windows\system32;C:\Windows;C:\Program Files\MiKTeX 2.9\miktex\bin;C:\Program Files\Common Files\Microsoft Shared\Windows Live;C:\Windows\system32;C:\Windows;C:\Windows\System32\Wbem;C:\Windows\System32\WindowsPowerShell\v1.0\;C:\Program Files\Windows Live\Shared
16-jun-2011 1:12:16 org.apache.coyote.http11.Http11Protocol init
INFO: Inicializando Coyote HTTP/1.1 en puerto http-8080
16-jun-2011 1:12:16 org.apache.catalina.startup.Catalina load
INFO: Initialization processed in 1257 ms
16-jun-2011 1:12:16 org.apache.catalina.core.StandardService start
INFO: Arrancando servicio Catalina
16-jun-2011 1:12:16 org.apache.catalina.core.StandardEngine start
INFO: Starting Servlet Engine: Apache Tomcat/6.0.29
16-jun-2011 1:12:16 org.apache.catalina.startup.HostConfig deployDescriptor
INFO: Desplieque del descriptor de configuración pentaho.xml
16-jun-2011 1:12:21 org.apache.catalina.startup.ContextConfig validateSecurityRoles
INFO: ATENCIÓN: El nombre de papel de seguridad PENTAHO_ADMIN es usado en un <auth-constraint> sin haber sido definido en <security-role>
16-jun-2011 1:12:57 org.apache.catalina.startup.HostConfig deployDirectory
INFO: Despliegue del directorio pentaho-style de la aplicación web
16-jun-2011 1:12:57 org.apache.catalina.startup.HostConfig deployDirectory
INFO: Despliegue del directorio ROOT de la aplicación web
16-jun-2011 1:12:57 org.apache.catalina.startup.HostConfig deployDirectory
INFO: Despliegue del directorio sw-style de la aplicación web
16-jun-2011 1:12:58 org.apache.coyote.http11.Http11Protocol start
INFO: Arrancando Coyote HTTP/1.1 en puerto http-8080
16-jun-2011 1:12:58 org.apache.jk.common.ChannelSocket init
INFO: JK: ajp13 listening on /0.0.0.0:8009
16-jun-2011 1:12:58 org.apache.jk.server.JkMain start
INFO: Jk running ID=0 time=0/386  config=null
16-jun-2011 1:12:58 org.apache.catalina.startup.Catalina start
INFO: Server startup in 42231 ms
16-jun-2011 1:53:27 org.apache.tomcat.util.http.Parameters processParameters
ADVERTENCIA: Parameters: Invalid chunk '' ignored.
16-jun-2011 2:35:57 org.apache.catalina.core.AprLifecycleListener init
INFO: La biblioteca nativa de Apache Tomcat basada en ARP que permite un rendimiento óptimo en entornos de desarrollo no ha sido hallada en java.library.path: C:\Program Files\Java\jdk1.6.0_25\bin;.;C:\Windows\Sun\Java\bin;C:\Windows\system32;C:\Windows;C:\Program Files\MiKTeX 2.9\miktex\bin;C:\Program Files\Common Files\Microsoft Shared\Windows Live;C:\Windows\system32;C:\Windows;C:\Windows\System32\Wbem;C:\Windows\System32\WindowsPowerShell\v1.0\;C:\Program Files\Windows Live\Shared
16-jun-2011 2:35:57 org.apache.coyote.http11.Http11Protocol init
GRAVE: Error inicializando punto final (endpoint)
java.net.BindException: Address already in use: JVM_Bind <null>:8080
	at org.apache.tomcat.util.net.JIoEndpoint.init(JIoEndpoint.java:549)
	at org.apache.coyote.http11.Http11Protocol.init(Http11Protocol.java:176)
	at org.apache.catalina.connector.Connector.initialize(Connector.java:1014)
	at org.apache.catalina.core.StandardService.initialize(StandardService.java:680)
	at org.apache.catalina.core.StandardServer.initialize(StandardServer.java:795)
	at org.apache.catalina.startup.Catalina.load(Catalina.java:524)
	at org.apache.catalina.startup.Catalina.start(Catalina.java:568)
	at sun.reflect.NativeMethodAccessorImpl.invoke0(Native Method)
	at sun.reflect.NativeMethodAccessorImpl.invoke(NativeMethodAccessorImpl.java:39)
	at sun.reflect.DelegatingMethodAccessorImpl.invoke(DelegatingMethodAccessorImpl.java:25)
	at java.lang.reflect.Method.invoke(Method.java:597)
	at org.apache.catalina.startup.Bootstrap.start(Bootstrap.java:289)
	at org.apache.catalina.startup.Bootstrap.main(Bootstrap.java:414)
Caused by: java.net.BindException: Address already in use: JVM_Bind
	at java.net.PlainSocketImpl.socketBind(Native Method)
	at java.net.PlainSocketImpl.bind(PlainSocketImpl.java:383)
	at java.net.ServerSocket.bind(ServerSocket.java:328)
	at java.net.ServerSocket.<init>(ServerSocket.java:194)
	at java.net.ServerSocket.<init>(ServerSocket.java:150)
	at org.apache.tomcat.util.net.DefaultServerSocketFactory.createSocket(DefaultServerSocketFactory.java:50)
	at org.apache.tomcat.util.net.JIoEndpoint.init(JIoEndpoint.java:538)
	... 12 more
16-jun-2011 2:35:57 org.apache.catalina.startup.Catalina load
GRAVE: Catalina.start
LifecycleException:  Falló la inicialización del manejador de protocolo: java.net.BindException: Address already in use: JVM_Bind <null>:8080
	at org.apache.catalina.connector.Connector.initialize(Connector.java:1016)
	at org.apache.catalina.core.StandardService.initialize(StandardService.java:680)
	at org.apache.catalina.core.StandardServer.initialize(StandardServer.java:795)
	at org.apache.catalina.startup.Catalina.load(Catalina.java:524)
	at org.apache.catalina.startup.Catalina.start(Catalina.java:568)
	at sun.reflect.NativeMethodAccessorImpl.invoke0(Native Method)
	at sun.reflect.NativeMethodAccessorImpl.invoke(NativeMethodAccessorImpl.java:39)
	at sun.reflect.DelegatingMethodAccessorImpl.invoke(DelegatingMethodAccessorImpl.java:25)
	at java.lang.reflect.Method.invoke(Method.java:597)
	at org.apache.catalina.startup.Bootstrap.start(Bootstrap.java:289)
	at org.apache.catalina.startup.Bootstrap.main(Bootstrap.java:414)
16-jun-2011 2:35:57 org.apache.catalina.startup.Catalina load
INFO: Initialization processed in 1131 ms
16-jun-2011 2:35:57 org.apache.catalina.core.StandardService start
INFO: Arrancando servicio Catalina
16-jun-2011 2:35:57 org.apache.catalina.core.StandardEngine start
INFO: Starting Servlet Engine: Apache Tomcat/6.0.29
16-jun-2011 2:35:57 org.apache.catalina.startup.HostConfig deployDescriptor
INFO: Desplieque del descriptor de configuración pentaho.xml
16-jun-2011 2:35:59 org.apache.catalina.startup.ContextConfig validateSecurityRoles
INFO: ATENCIÓN: El nombre de papel de seguridad PENTAHO_ADMIN es usado en un <auth-constraint> sin haber sido definido en <security-role>
16-jun-2011 2:36:16 org.apache.coyote.http11.Http11Protocol pause
INFO: Pausando Coyote HTTP/1.1 en puerto http-8080
16-jun-2011 2:36:17 org.apache.catalina.core.StandardService stop
INFO: Parando servicio Catalina
16-jun-2011 2:36:17 org.apache.catalina.loader.WebappClassLoader clearReferencesJdbc
GRAVE: The web application [/pentaho] registered the JBDC driver [mondrian.olap4j.MondrianOlap4jDriver] but failed to unregister it when the web application was stopped. To prevent a memory leak, the JDBC Driver has been forcibly unregistered.
16-jun-2011 2:36:17 org.apache.catalina.loader.WebappClassLoader clearReferencesThreads
GRAVE: The web application [/pentaho] appears to have started a thread named [HSQLDB Timer @17c96a9] but has failed to stop it. This is very likely to create a memory leak.
16-jun-2011 2:36:17 org.apache.catalina.loader.WebappClassLoader clearReferencesThreads
GRAVE: The web application [/pentaho] appears to have started a thread named [net.sf.ehcache.CacheManager@14c02d4] but has failed to stop it. This is very likely to create a memory leak.
16-jun-2011 2:36:17 org.apache.catalina.loader.WebappClassLoader clearReferencesThreads
GRAVE: The web application [/pentaho] appears to have started a thread named [Store libloader-data Spool Thread] but has failed to stop it. This is very likely to create a memory leak.
16-jun-2011 2:36:17 org.apache.catalina.loader.WebappClassLoader clearReferencesThreads
GRAVE: The web application [/pentaho] appears to have started a thread named [Store mondrian-catalog-cache Spool Thread] but has failed to stop it. This is very likely to create a memory leak.
16-jun-2011 2:36:17 org.apache.catalina.loader.WebappClassLoader clearReferencesThreads
GRAVE: The web application [/pentaho] appears to have started a thread named [Store pentahoCache Spool Thread] but has failed to stop it. This is very likely to create a memory leak.
16-jun-2011 2:36:17 org.apache.catalina.loader.WebappClassLoader clearReferencesThreads
GRAVE: The web application [/pentaho] appears to have started a thread named [Timer-0] but has failed to stop it. This is very likely to create a memory leak.
16-jun-2011 2:36:17 org.apache.catalina.loader.WebappClassLoader clearReferencesThreads
GRAVE: The web application [/pentaho] appears to have started a thread named [net.sf.ehcache.CacheManager@11fc6b2] but has failed to stop it. This is very likely to create a memory leak.
16-jun-2011 2:36:17 org.apache.catalina.loader.WebappClassLoader clearReferencesThreads
GRAVE: The web application [/pentaho] appears to have started a thread named [Store pentahoCache Spool Thread] but has failed to stop it. This is very likely to create a memory leak.
16-jun-2011 2:36:17 org.apache.catalina.loader.WebappClassLoader clearReferencesThreads
GRAVE: The web application [/pentaho] appears to have started a thread named [Store libloader-data Spool Thread] but has failed to stop it. This is very likely to create a memory leak.
16-jun-2011 2:36:17 org.apache.catalina.loader.WebappClassLoader clearReferencesThreads
GRAVE: The web application [/pentaho] appears to have started a thread named [Store mondrian-catalog-cache Spool Thread] but has failed to stop it. This is very likely to create a memory leak.
16-jun-2011 2:36:17 org.apache.catalina.loader.WebappClassLoader clearReferencesThreads
GRAVE: The web application [/pentaho] appears to have started a thread named [MySQL Statement Cancellation Timer] but has failed to stop it. This is very likely to create a memory leak.
16-jun-2011 2:36:17 org.apache.catalina.loader.WebappClassLoader clearReferencesThreads
GRAVE: The web application [/pentaho] appears to have started a thread named [net.sf.ehcache.CacheManager@11ba4a2] but has failed to stop it. This is very likely to create a memory leak.
16-jun-2011 2:36:17 org.apache.catalina.loader.WebappClassLoader clearReferencesThreads
GRAVE: The web application [/pentaho] appears to have started a thread named [Store mondrian-catalog-cache Spool Thread] but has failed to stop it. This is very likely to create a memory leak.
16-jun-2011 2:36:17 org.apache.catalina.loader.WebappClassLoader clearReferencesThreads
GRAVE: The web application [/pentaho] appears to have started a thread named [Store libloader-data Spool Thread] but has failed to stop it. This is very likely to create a memory leak.
16-jun-2011 2:36:17 org.apache.catalina.loader.WebappClassLoader clearReferencesThreads
GRAVE: The web application [/pentaho] appears to have started a thread named [Store pentahoCache Spool Thread] but has failed to stop it. This is very likely to create a memory leak.
16-jun-2011 2:36:17 org.apache.catalina.loader.WebappClassLoader clearReferencesThreads
GRAVE: The web application [/pentaho] appears to have started a thread named [Thread-67] but has failed to stop it. This is very likely to create a memory leak.
16-jun-2011 2:36:17 org.apache.catalina.loader.WebappClassLoader clearThreadLocalMap
GRAVE: The web application [/pentaho] created a ThreadLocal with key of type [java.lang.InheritableThreadLocal] (value [java.lang.InheritableThreadLocal@faba27]) and a value of type [org.pentaho.platform.web.http.session.PentahoHttpSession] (value [org.pentaho.platform.web.http.session.PentahoHttpSession@1000323]) but failed to remove it when the web application was stopped. This is very likely to create a memory leak.
16-jun-2011 2:36:17 org.apache.catalina.loader.WebappClassLoader clearThreadLocalMap
GRAVE: The web application [/pentaho] created a ThreadLocal with key of type [java.lang.InheritableThreadLocal] (value [java.lang.InheritableThreadLocal@d39270]) and a value of type [org.pentaho.platform.engine.core.system.BasePentahoRequestContext] (value [org.pentaho.platform.engine.core.system.BasePentahoRequestContext@333509]) but failed to remove it when the web application was stopped. This is very likely to create a memory leak.
16-jun-2011 2:36:17 org.apache.catalina.loader.WebappClassLoader clearThreadLocalMap
GRAVE: The web application [/pentaho] created a ThreadLocal with key of type [org.apache.log4j.helpers.ThreadLocalMap] (value [org.apache.log4j.helpers.ThreadLocalMap@1dee71a]) and a value of type [java.util.Hashtable] (value [{SessionID=DF2A21F1616276FE66027E3A282A9087}]) but failed to remove it when the web application was stopped. This is very likely to create a memory leak.
16-jun-2011 2:36:17 org.apache.catalina.loader.WebappClassLoader clearThreadLocalMap
GRAVE: The web application [/pentaho] created a ThreadLocal with key of type [java.lang.ThreadLocal] (value [java.lang.ThreadLocal@1167069]) and a value of type [org.pentaho.platform.repository.solution.dbbased.DbBasedSolutionRepository] (value [org.pentaho.platform.repository.solution.dbbased.DbBasedSolutionRepository@164b4fe]) but failed to remove it when the web application was stopped. This is very likely to create a memory leak.
16-jun-2011 2:36:17 org.apache.catalina.loader.WebappClassLoader clearThreadLocalMap
GRAVE: The web application [/pentaho] created a ThreadLocal with key of type [java.lang.ThreadLocal] (value [java.lang.ThreadLocal@2e0b63]) and a value of type [org.hibernate.impl.SessionImpl] (value [SessionImpl(PersistenceContext[entityKeys=[EntityKey[org.pentaho.platform.repository.solution.dbbased.RepositoryFile#e2d654db-9224-11e0-971d-c91deac9f05c], EntityKey[org.pentaho.platform.repository.solution.dbbased.RepositoryFile#e2d08869-9224-11e0-971d-c91deac9f05c], EntityKey[org.pentaho.platform.repository.solution.dbbased.RepositoryFile#e2d431f4-9224-11e0-971d-c91deac9f05c], EntityKey[org.pentaho.platform.repository.solution.dbbased.RepositoryFile#e2d6a2fd-9224-11e0-971d-c91deac9f05c], EntityKey[org.pentaho.platform.repository.solution.dbbased.RepositoryFile#e2d3478f-9224-11e0-971d-c91deac9f05c], EntityKey[org.pentaho.platform.repository.solution.dbbased.RepositoryFile#e2d36ea0-9224-11e0-971d-c91deac9f05c], EntityKey[org.pentaho.platform.repository.solution.dbbased.RepositoryFile#e2d5dfa9-9224-11e0-971d-c91deac9f05c], EntityKey[org.pentaho.platform.repository.solution.dbbased.RepositoryFile#e2d5b898-9224-11e0-971d-c91deac9f05c], EntityKey[org.pentaho.platform.repository.solution.dbbased.RepositoryFile#e2d98932-9224-11e0-971d-c91deac9f05c], EntityKey[org.pentaho.platform.repository.solution.dbbased.RepositoryFile#e2d3bcc2-9224-11e0-971d-c91deac9f05c], EntityKey[org.pentaho.platform.repository.solution.dbbased.RepositoryFile#e2db5df3-9224-11e0-971d-c91deac9f05c], EntityKey[org.pentaho.platform.repository.solution.dbbased.RepositoryFile#e2d8ecef-9224-11e0-971d-c91deac9f05c], EntityKey[org.pentaho.platform.repository.solution.dbbased.RepositoryFile#e2d2843b-9224-11e0-971d-c91deac9f05c], EntityKey[org.pentaho.platform.repository.solution.dbbased.RepositoryFile#e2d395b1-9224-11e0-971d-c91deac9f05c], EntityKey[org.pentaho.platform.repository.solution.dbbased.RepositoryFile#e2d3207e-9224-11e0-971d-c91deac9f05c], EntityKey[org.pentaho.platform.repository.solution.dbbased.RepositoryFile#e11914a3-9224-11e0-971d-c91deac9f05c], EntityKey[org.pentaho.platform.repository.solution.dbbased.RepositoryFile#e11a7483-9224-11e0-971d-c91deac9f05c], EntityKey[org.pentaho.platform.repository.solution.dbbased.RepositoryFile#e2d93b10-9224-11e0-971d-c91deac9f05c], EntityKey[org.pentaho.platform.repository.solution.dbbased.RepositoryFile#e2d45905-9224-11e0-971d-c91deac9f05c], EntityKey[org.pentaho.platform.repository.solution.dbbased.RepositoryFile#e2d06158-9224-11e0-971d-c91deac9f05c], EntityKey[org.pentaho.platform.repository.solution.dbbased.RepositoryFile#e2d25d2a-9224-11e0-971d-c91deac9f05c], EntityKey[org.pentaho.platform.repository.solution.dbbased.RepositoryFile#e2d96221-9224-11e0-971d-c91deac9f05c], EntityKey[org.pentaho.platform.repository.solution.dbbased.RepositoryFile#e2d2f96d-9224-11e0-971d-c91deac9f05c], EntityKey[org.pentaho.platform.repository.solution.dbbased.RepositoryFile#e0e5335e-9224-11e0-971d-c91deac9f05c], EntityKey[org.pentaho.platform.repository.solution.dbbased.RepositoryFile#e2d40ae3-9224-11e0-971d-c91deac9f05c], EntityKey[org.pentaho.platform.repository.solution.dbbased.RepositoryFile#e2d67bec-9224-11e0-971d-c91deac9f05c], EntityKey[org.pentaho.platform.repository.solution.dbbased.RepositoryFile#e2d48016-9224-11e0-971d-c91deac9f05c], EntityKey[org.pentaho.platform.repository.solution.dbbased.RepositoryFile#e2d6ca0e-9224-11e0-971d-c91deac9f05c], EntityKey[org.pentaho.platform.repository.solution.dbbased.RepositoryFile#e2d2ab4c-9224-11e0-971d-c91deac9f05c], EntityKey[org.pentaho.platform.repository.solution.dbbased.RepositoryFile#e2d4a727-9224-11e0-971d-c91deac9f05c], EntityKey[org.pentaho.platform.repository.solution.dbbased.RepositoryFile#e2dbd325-9224-11e0-971d-c91deac9f05c], EntityKey[org.pentaho.platform.repository.solution.dbbased.RepositoryFile#e2db8504-9224-11e0-971d-c91deac9f05c], EntityKey[org.pentaho.platform.repository.solution.dbbased.RepositoryFile#e2d62dca-9224-11e0-971d-c91deac9f05c]],collectionKeys=[CollectionKey[org.pentaho.platform.repository.solution.dbbased.RepositoryFile.accessControls#e2d67bec-9224-11e0-971d-c91deac9f05c], CollectionKey[org.pentaho.platform.repository.solution.dbbased.RepositoryFile.accessControls#e2d3207e-9224-11e0-971d-c91deac9f05c], CollectionKey[org.pentaho.platform.repository.solution.dbbased.RepositoryFile.childrenFiles#e11a7483-9224-11e0-971d-c91deac9f05c], CollectionKey[org.pentaho.platform.repository.solution.dbbased.RepositoryFile.accessControls#e2d2ab4c-9224-11e0-971d-c91deac9f05c], CollectionKey[org.pentaho.platform.repository.solution.dbbased.RepositoryFile.accessControls#e2d3478f-9224-11e0-971d-c91deac9f05c], CollectionKey[org.pentaho.platform.repository.solution.dbbased.RepositoryFile.accessControls#e2d6ca0e-9224-11e0-971d-c91deac9f05c], CollectionKey[org.pentaho.platform.repository.solution.dbbased.RepositoryFile.accessControls#e2d5b898-9224-11e0-971d-c91deac9f05c], CollectionKey[org.pentaho.platform.repository.solution.dbbased.RepositoryFile.childrenFiles#e2d98932-9224-11e0-971d-c91deac9f05c], CollectionKey[org.pentaho.platform.repository.solution.dbbased.RepositoryFile.childrenFiles#e2d25d2a-9224-11e0-971d-c91deac9f05c], CollectionKey[org.pentaho.platform.repository.solution.dbbased.RepositoryFile.accessControls#e2d5dfa9-9224-11e0-971d-c91deac9f05c], CollectionKey[org.pentaho.platform.repository.solution.dbbased.RepositoryFile.childrenFiles#e2d62dca-9224-11e0-971d-c91deac9f05c], CollectionKey[org.pentaho.platform.repository.solution.dbbased.RepositoryFile.childrenFiles#e2d2843b-9224-11e0-971d-c91deac9f05c], CollectionKey[org.pentaho.platform.repository.solution.dbbased.RepositoryFile.childrenFiles#e2d4a727-9224-11e0-971d-c91deac9f05c], CollectionKey[org.pentaho.platform.repository.solution.dbbased.RepositoryFile.childrenFiles#e2d93b10-9224-11e0-971d-c91deac9f05c], CollectionKey[org.pentaho.platform.repository.solution.dbbased.RepositoryFile.childrenFiles#e2d2f96d-9224-11e0-971d-c91deac9f05c], CollectionKey[org.pentaho.platform.repository.solution.dbbased.RepositoryFile.childrenFiles#e2d5dfa9-9224-11e0-971d-c91deac9f05c], CollectionKey[org.pentaho.platform.repository.solution.dbbased.RepositoryFile.accessControls#e2d395b1-9224-11e0-971d-c91deac9f05c], CollectionKey[org.pentaho.platform.repository.solution.dbbased.RepositoryFile.childrenFiles#e2d06158-9224-11e0-971d-c91deac9f05c], CollectionKey[org.pentaho.platform.repository.solution.dbbased.RepositoryFile.childrenFiles#e2d654db-9224-11e0-971d-c91deac9f05c], CollectionKey[org.pentaho.platform.repository.solution.dbbased.RepositoryFile.accessControls#e2d06158-9224-11e0-971d-c91deac9f05c], CollectionKey[org.pentaho.platform.repository.solution.dbbased.RepositoryFile.childrenFiles#e2db8504-9224-11e0-971d-c91deac9f05c], CollectionKey[org.pentaho.platform.repository.solution.dbbased.RepositoryFile.childrenFiles#e2d08869-9224-11e0-971d-c91deac9f05c], CollectionKey[org.pentaho.platform.repository.solution.dbbased.RepositoryFile.childrenFiles#e2d40ae3-9224-11e0-971d-c91deac9f05c], CollectionKey[org.pentaho.platform.repository.solution.dbbased.RepositoryFile.accessControls#e2d6a2fd-9224-11e0-971d-c91deac9f05c], CollectionKey[org.pentaho.platform.repository.solution.dbbased.RepositoryFile.childrenFiles#e2d45905-9224-11e0-971d-c91deac9f05c], CollectionKey[org.pentaho.platform.repository.solution.dbbased.RepositoryFile.accessControls#e2db5df3-9224-11e0-971d-c91deac9f05c], CollectionKey[org.pentaho.platform.repository.solution.dbbased.RepositoryFile.accessControls#e2d98932-9224-11e0-971d-c91deac9f05c], CollectionKey[org.pentaho.platform.repository.solution.dbbased.RepositoryFile.accessControls#e2d2f96d-9224-11e0-971d-c91deac9f05c], CollectionKey[org.pentaho.platform.repository.solution.dbbased.RepositoryFile.childrenFiles#e2d431f4-9224-11e0-971d-c91deac9f05c], CollectionKey[org.pentaho.platform.repository.solution.dbbased.RepositoryFile.childrenFiles#e2d2ab4c-9224-11e0-971d-c91deac9f05c], CollectionKey[org.pentaho.platform.repository.solution.dbbased.RepositoryFile.accessControls#e11914a3-9224-11e0-971d-c91deac9f05c], CollectionKey[org.pentaho.platform.repository.solution.dbbased.RepositoryFile.childrenFiles#e2db5df3-9224-11e0-971d-c91deac9f05c], CollectionKey[org.pentaho.platform.repository.solution.dbbased.RepositoryFile.childrenFiles#e2d3bcc2-9224-11e0-971d-c91deac9f05c], CollectionKey[org.pentaho.platform.repository.solution.dbbased.RepositoryFile.childrenFiles#e2d8ecef-9224-11e0-971d-c91deac9f05c], CollectionKey[org.pentaho.platform.repository.solution.dbbased.RepositoryFile.accessControls#e2d48016-9224-11e0-971d-c91deac9f05c], CollectionKey[org.pentaho.platform.repository.solution.dbbased.RepositoryFile.accessControls#e2d4a727-9224-11e0-971d-c91deac9f05c], CollectionKey[org.pentaho.platform.repository.solution.dbbased.RepositoryFile.accessControls#e2dbd325-9224-11e0-971d-c91deac9f05c], CollectionKey[org.pentaho.platform.repository.solution.dbbased.RepositoryFile.childrenFiles#e0e5335e-9224-11e0-971d-c91deac9f05c], CollectionKey[org.pentaho.platform.repository.solution.dbbased.RepositoryFile.accessControls#e2d96221-9224-11e0-971d-c91deac9f05c], CollectionKey[org.pentaho.platform.repository.solution.dbbased.RepositoryFile.accessControls#e2d25d2a-9224-11e0-971d-c91deac9f05c], CollectionKey[org.pentaho.platform.repository.solution.dbbased.RepositoryFile.accessControls#e2d62dca-9224-11e0-971d-c91deac9f05c], CollectionKey[org.pentaho.platform.repository.solution.dbbased.RepositoryFile.accessControls#e2d431f4-9224-11e0-971d-c91deac9f05c], CollectionKey[org.pentaho.platform.repository.solution.dbbased.RepositoryFile.childrenFiles#e2d3207e-9224-11e0-971d-c91deac9f05c], CollectionKey[org.pentaho.platform.repository.solution.dbbased.RepositoryFile.childrenFiles#e2d6a2fd-9224-11e0-971d-c91deac9f05c], CollectionKey[org.pentaho.platform.repository.solution.dbbased.RepositoryFile.accessControls#e2d2843b-9224-11e0-971d-c91deac9f05c], CollectionKey[org.pentaho.platform.repository.solution.dbbased.RepositoryFile.childrenFiles#e2d5b898-9224-11e0-971d-c91deac9f05c], CollectionKey[org.pentaho.platform.repository.solution.dbbased.RepositoryFile.childrenFiles#e2dbd325-9224-11e0-971d-c91deac9f05c], CollectionKey[org.pentaho.platform.repository.solution.dbbased.RepositoryFile.childrenFiles#e2d3478f-9224-11e0-971d-c91deac9f05c], CollectionKey[org.pentaho.platform.repository.solution.dbbased.RepositoryFile.childrenFiles#e11914a3-9224-11e0-971d-c91deac9f05c], CollectionKey[org.pentaho.platform.repository.solution.dbbased.RepositoryFile.accessControls#e11a7483-9224-11e0-971d-c91deac9f05c], CollectionKey[org.pentaho.platform.repository.solution.dbbased.RepositoryFile.accessControls#e2d93b10-9224-11e0-971d-c91deac9f05c], CollectionKey[org.pentaho.platform.repository.solution.dbbased.RepositoryFile.accessControls#e2d36ea0-9224-11e0-971d-c91deac9f05c], CollectionKey[org.pentaho.platform.repository.solution.dbbased.RepositoryFile.accessControls#e2d45905-9224-11e0-971d-c91deac9f05c], CollectionKey[org.pentaho.platform.repository.solution.dbbased.RepositoryFile.childrenFiles#e2d48016-9224-11e0-971d-c91deac9f05c], CollectionKey[org.pentaho.platform.repository.solution.dbbased.RepositoryFile.childrenFiles#e2d36ea0-9224-11e0-971d-c91deac9f05c], CollectionKey[org.pentaho.platform.repository.solution.dbbased.RepositoryFile.accessControls#e2d08869-9224-11e0-971d-c91deac9f05c], CollectionKey[org.pentaho.platform.repository.solution.dbbased.RepositoryFile.accessControls#e0e5335e-9224-11e0-971d-c91deac9f05c], CollectionKey[org.pentaho.platform.repository.solution.dbbased.RepositoryFile.accessControls#e2d8ecef-9224-11e0-971d-c91deac9f05c], CollectionKey[org.pentaho.platform.repository.solution.dbbased.RepositoryFile.accessControls#e2db8504-9224-11e0-971d-c91deac9f05c], CollectionKey[org.pentaho.platform.repository.solution.dbbased.RepositoryFile.childrenFiles#e2d395b1-9224-11e0-971d-c91deac9f05c], CollectionKey[org.pentaho.platform.repository.solution.dbbased.RepositoryFile.accessControls#e2d3bcc2-9224-11e0-971d-c91deac9f05c], CollectionKey[org.pentaho.platform.repository.solution.dbbased.RepositoryFile.accessControls#e2d654db-9224-11e0-971d-c91deac9f05c], CollectionKey[org.pentaho.platform.repository.solution.dbbased.RepositoryFile.childrenFiles#e2d6ca0e-9224-11e0-971d-c91deac9f05c], CollectionKey[org.pentaho.platform.repository.solution.dbbased.RepositoryFile.accessControls#e2d40ae3-9224-11e0-971d-c91deac9f05c], CollectionKey[org.pentaho.platform.repository.solution.dbbased.RepositoryFile.childrenFiles#e2d96221-9224-11e0-971d-c91deac9f05c], CollectionKey[org.pentaho.platform.repository.solution.dbbased.RepositoryFile.childrenFiles#e2d67bec-9224-11e0-971d-c91deac9f05c]]];ActionQueue[insertions=[] updates=[] deletions=[] collectionCreations=[] collectionRemovals=[] collectionUpdates=[]])]) but failed to remove it when the web application was stopped. This is very likely to create a memory leak.
16-jun-2011 2:36:17 org.apache.catalina.loader.WebappClassLoader clearThreadLocalMap
GRAVE: The web application [/pentaho] created a ThreadLocal with key of type [java.lang.ThreadLocal] (value [java.lang.ThreadLocal@edc0e3]) and a value of type [org.pentaho.platform.engine.core.system.StandaloneSession] (value [org.pentaho.platform.engine.core.system.StandaloneSession@195bfcd]) but failed to remove it when the web application was stopped. This is very likely to create a memory leak.
16-jun-2011 2:36:17 org.apache.catalina.loader.WebappClassLoader clearThreadLocalMap
GRAVE: The web application [/pentaho] created a ThreadLocal with key of type [java.lang.ThreadLocal] (value [java.lang.ThreadLocal@19cd877]) and a value of type [org.pentaho.platform.engine.security.session.TrustedSystemStartupSession] (value [org.pentaho.platform.engine.security.session.TrustedSystemStartupSession@14cadc4]) but failed to remove it when the web application was stopped. This is very likely to create a memory leak.
16-jun-2011 2:36:17 org.apache.catalina.loader.WebappClassLoader clearThreadLocalMap
GRAVE: The web application [/pentaho] created a ThreadLocal with key of type [null] (value [org.pentaho.platform.plugin.services.pluginmgr.PluginMessageLogger$1@479576]) and a value of type [java.util.ArrayList] (value [[Discovered plugin Pentaho Data Access in data-access, This plugin provides: 0 menu customizations, 0 content types, 0 content generators, 0 overlays, and 0 lifecycle listeners, Discovered plugin BI Server default plugin in default-plugin, This plugin provides: 0 menu customizations, 0 content types, 3 content generators, 0 overlays, and 0 lifecycle listeners, Discovered plugin Pentaho Community Dashboard Framework in pentaho-cdf, Content type registered: xcdf - Dashboard, This plugin provides: 0 menu customizations, 1 content types, 1 content generators, 0 overlays, and 1 lifecycle listeners, Discovered plugin Pentaho Reporting Plugin in reporting, Content type registered: prpt - Pentaho Report, This plugin provides: 0 menu customizations, 1 content types, 1 content generators, 0 overlays, and 1 lifecycle listeners, Plugin Pentaho Data Access has registered successfully, Content generator registered: ws-services for plugin BI Server default plugin, Content generator registered: ws-run for plugin BI Server default plugin, Content generator registered: ws-wsdl for plugin BI Server default plugin, Plugin BI Server default plugin has registered successfully, Content generator registered: pentaho-cdf for plugin Pentaho Community Dashboard Framework, Plugin Pentaho Community Dashboard Framework has registered successfully, Content generator registered: reporting for plugin Pentaho Reporting Plugin, Plugin Pentaho Reporting Plugin has registered successfully]]) but failed to remove it when the web application was stopped. This is very likely to create a memory leak.
16-jun-2011 2:36:17 org.apache.catalina.loader.WebappClassLoader clearThreadLocalMap
GRAVE: The web application [/pentaho] created a ThreadLocal with key of type [java.lang.InheritableThreadLocal] (value [java.lang.InheritableThreadLocal@faba27]) and a value of type [org.pentaho.platform.engine.security.session.TrustedSystemStartupSession] (value [org.pentaho.platform.engine.security.session.TrustedSystemStartupSession@1966070]) but failed to remove it when the web application was stopped. This is very likely to create a memory leak.
16-jun-2011 2:36:17 org.apache.catalina.loader.WebappClassLoader clearThreadLocalMap
GRAVE: The web application [/pentaho] created a ThreadLocal with key of type [java.lang.InheritableThreadLocal] (value [java.lang.InheritableThreadLocal@faba27]) and a value of type [org.pentaho.platform.engine.security.session.TrustedSystemStartupSession] (value [org.pentaho.platform.engine.security.session.TrustedSystemStartupSession@1966070]) but failed to remove it when the web application was stopped. This is very likely to create a memory leak.
16-jun-2011 2:36:17 org.apache.catalina.loader.WebappClassLoader clearThreadLocalMap
GRAVE: The web application [/pentaho] created a ThreadLocal with key of type [java.lang.InheritableThreadLocal] (value [java.lang.InheritableThreadLocal@faba27]) and a value of type [org.pentaho.platform.engine.security.session.TrustedSystemStartupSession] (value [org.pentaho.platform.engine.security.session.TrustedSystemStartupSession@1966070]) but failed to remove it when the web application was stopped. This is very likely to create a memory leak.
16-jun-2011 2:36:17 org.apache.catalina.loader.WebappClassLoader clearThreadLocalMap
GRAVE: The web application [/pentaho] created a ThreadLocal with key of type [java.lang.InheritableThreadLocal] (value [java.lang.InheritableThreadLocal@faba27]) and a value of type [org.pentaho.platform.engine.security.session.TrustedSystemStartupSession] (value [org.pentaho.platform.engine.security.session.TrustedSystemStartupSession@1966070]) but failed to remove it when the web application was stopped. This is very likely to create a memory leak.
16-jun-2011 2:36:17 org.apache.catalina.loader.WebappClassLoader clearThreadLocalMap
GRAVE: The web application [/pentaho] created a ThreadLocal with key of type [java.lang.InheritableThreadLocal] (value [java.lang.InheritableThreadLocal@faba27]) and a value of type [org.pentaho.platform.engine.security.session.TrustedSystemStartupSession] (value [org.pentaho.platform.engine.security.session.TrustedSystemStartupSession@1966070]) but failed to remove it when the web application was stopped. This is very likely to create a memory leak.
16-jun-2011 2:36:17 org.apache.catalina.loader.WebappClassLoader clearThreadLocalMap
GRAVE: The web application [/pentaho] created a ThreadLocal with key of type [java.lang.InheritableThreadLocal] (value [java.lang.InheritableThreadLocal@faba27]) and a value of type [org.pentaho.platform.engine.security.session.TrustedSystemStartupSession] (value [org.pentaho.platform.engine.security.session.TrustedSystemStartupSession@1966070]) but failed to remove it when the web application was stopped. This is very likely to create a memory leak.
16-jun-2011 2:36:17 org.apache.catalina.loader.WebappClassLoader clearThreadLocalMap
GRAVE: The web application [/pentaho] created a ThreadLocal with key of type [java.lang.InheritableThreadLocal] (value [java.lang.InheritableThreadLocal@faba27]) and a value of type [org.pentaho.platform.engine.security.session.TrustedSystemStartupSession] (value [org.pentaho.platform.engine.security.session.TrustedSystemStartupSession@1966070]) but failed to remove it when the web application was stopped. This is very likely to create a memory leak.
16-jun-2011 2:36:17 org.apache.catalina.loader.WebappClassLoader clearThreadLocalMap
GRAVE: The web application [/pentaho] created a ThreadLocal with key of type [java.lang.InheritableThreadLocal] (value [java.lang.InheritableThreadLocal@faba27]) and a value of type [org.pentaho.platform.engine.security.session.TrustedSystemStartupSession] (value [org.pentaho.platform.engine.security.session.TrustedSystemStartupSession@1966070]) but failed to remove it when the web application was stopped. This is very likely to create a memory leak.
16-jun-2011 2:36:17 org.apache.catalina.loader.WebappClassLoader clearThreadLocalMap
GRAVE: The web application [/pentaho] created a ThreadLocal with key of type [java.lang.InheritableThreadLocal] (value [java.lang.InheritableThreadLocal@faba27]) and a value of type [org.pentaho.platform.engine.security.session.TrustedSystemStartupSession] (value [org.pentaho.platform.engine.security.session.TrustedSystemStartupSession@1966070]) but failed to remove it when the web application was stopped. This is very likely to create a memory leak.
16-jun-2011 2:36:17 org.apache.catalina.loader.WebappClassLoader clearThreadLocalMap
GRAVE: The web application [/pentaho] created a ThreadLocal with key of type [java.lang.InheritableThreadLocal] (value [java.lang.InheritableThreadLocal@faba27]) and a value of type [org.pentaho.platform.engine.security.session.TrustedSystemStartupSession] (value [org.pentaho.platform.engine.security.session.TrustedSystemStartupSession@1966070]) but failed to remove it when the web application was stopped. This is very likely to create a memory leak.
16-jun-2011 2:36:17 org.apache.catalina.loader.WebappClassLoader clearThreadLocalMap
GRAVE: The web application [/pentaho] created a ThreadLocal with key of type [java.lang.InheritableThreadLocal] (value [java.lang.InheritableThreadLocal@faba27]) and a value of type [org.pentaho.platform.engine.security.session.TrustedSystemStartupSession] (value [org.pentaho.platform.engine.security.session.TrustedSystemStartupSession@1966070]) but failed to remove it when the web application was stopped. This is very likely to create a memory leak.
16-jun-2011 2:36:17 org.apache.catalina.loader.WebappClassLoader clearThreadLocalMap
GRAVE: The web application [/pentaho] created a ThreadLocal with key of type [java.lang.InheritableThreadLocal] (value [java.lang.InheritableThreadLocal@faba27]) and a value of type [org.pentaho.platform.engine.security.session.TrustedSystemStartupSession] (value [org.pentaho.platform.engine.security.session.TrustedSystemStartupSession@1966070]) but failed to remove it when the web application was stopped. This is very likely to create a memory leak.
16-jun-2011 2:36:17 org.apache.catalina.loader.WebappClassLoader clearThreadLocalMap
GRAVE: The web application [/pentaho] created a ThreadLocal with key of type [java.lang.InheritableThreadLocal] (value [java.lang.InheritableThreadLocal@faba27]) and a value of type [org.pentaho.platform.engine.security.session.TrustedSystemStartupSession] (value [org.pentaho.platform.engine.security.session.TrustedSystemStartupSession@1966070]) but failed to remove it when the web application was stopped. This is very likely to create a memory leak.
16-jun-2011 2:36:17 org.apache.catalina.loader.WebappClassLoader clearThreadLocalMap
GRAVE: The web application [/pentaho] created a ThreadLocal with key of type [java.lang.InheritableThreadLocal] (value [java.lang.InheritableThreadLocal@faba27]) and a value of type [org.pentaho.platform.engine.security.session.TrustedSystemStartupSession] (value [org.pentaho.platform.engine.security.session.TrustedSystemStartupSession@1966070]) but failed to remove it when the web application was stopped. This is very likely to create a memory leak.
16-jun-2011 2:36:17 org.apache.catalina.loader.WebappClassLoader clearThreadLocalMap
GRAVE: The web application [/pentaho] created a ThreadLocal with key of type [java.lang.ThreadLocal] (value [java.lang.ThreadLocal@9c50f7]) and a value of type [org.pentaho.platform.web.http.session.PentahoHttpSession] (value [org.pentaho.platform.web.http.session.PentahoHttpSession@1000323]) but failed to remove it when the web application was stopped. This is very likely to create a memory leak.
16-jun-2011 2:36:17 org.apache.catalina.loader.WebappClassLoader clearThreadLocalMap
GRAVE: The web application [/pentaho] created a ThreadLocal with key of type [java.lang.ThreadLocal] (value [java.lang.ThreadLocal@1167069]) and a value of type [org.pentaho.platform.repository.solution.dbbased.DbBasedSolutionRepository] (value [org.pentaho.platform.repository.solution.dbbased.DbBasedSolutionRepository@542594]) but failed to remove it when the web application was stopped. This is very likely to create a memory leak.
16-jun-2011 2:36:17 org.apache.catalina.loader.WebappClassLoader clearThreadLocalMap
GRAVE: The web application [/pentaho] created a ThreadLocal with key of type [null] (value [mondrian.rolap.RolapStar$2@87c4f7]) and a value of type [java.util.HashMap] (value [{}]) but failed to remove it when the web application was stopped. This is very likely to create a memory leak.
16-jun-2011 2:36:17 org.apache.catalina.loader.WebappClassLoader clearThreadLocalMap
GRAVE: The web application [/pentaho] created a ThreadLocal with key of type [null] (value [mondrian.rolap.RolapStar$2@1943c9b]) and a value of type [java.util.HashMap] (value [{}]) but failed to remove it when the web application was stopped. This is very likely to create a memory leak.
16-jun-2011 2:36:17 org.apache.catalina.loader.WebappClassLoader clearThreadLocalMap
GRAVE: The web application [/pentaho] created a ThreadLocal with key of type [java.lang.ThreadLocal] (value [java.lang.ThreadLocal@11705bf]) and a value of type [org.hibernate.impl.SessionImpl] (value [SessionImpl(<closed>)]) but failed to remove it when the web application was stopped. This is very likely to create a memory leak.
16-jun-2011 2:36:17 org.apache.catalina.loader.WebappClassLoader clearThreadLocalMap
GRAVE: The web application [/pentaho] created a ThreadLocal with key of type [java.lang.ThreadLocal] (value [java.lang.ThreadLocal@7a7586]) and a value of type [org.pentaho.platform.web.http.session.PentahoHttpSession] (value [org.pentaho.platform.web.http.session.PentahoHttpSession@1000323]) but failed to remove it when the web application was stopped. This is very likely to create a memory leak.
16-jun-2011 2:36:17 org.apache.catalina.loader.WebappClassLoader clearThreadLocalMap
GRAVE: The web application [/pentaho] created a ThreadLocal with key of type [null] (value [mondrian.rolap.RolapStar$3@1b9cb54]) and a value of type [java.util.ArrayList] (value [[]]) but failed to remove it when the web application was stopped. This is very likely to create a memory leak.
16-jun-2011 2:36:17 org.apache.catalina.loader.WebappClassLoader clearThreadLocalMap
GRAVE: The web application [/pentaho] created a ThreadLocal with key of type [null] (value [mondrian.rolap.RolapStar$3@d422bd]) and a value of type [java.util.ArrayList] (value [[]]) but failed to remove it when the web application was stopped. This is very likely to create a memory leak.
16-jun-2011 2:36:17 org.apache.catalina.loader.WebappClassLoader clearThreadLocalMap
GRAVE: The web application [/pentaho] created a ThreadLocal with key of type [org.apache.log4j.helpers.ThreadLocalMap] (value [org.apache.log4j.helpers.ThreadLocalMap@1dee71a]) and a value of type [java.util.Hashtable] (value [{SessionID=DF2A21F1616276FE66027E3A282A9087}]) but failed to remove it when the web application was stopped. This is very likely to create a memory leak.
16-jun-2011 2:36:17 org.apache.catalina.loader.WebappClassLoader clearThreadLocalMap
GRAVE: The web application [/pentaho] created a ThreadLocal with key of type [java.lang.ThreadLocal] (value [java.lang.ThreadLocal@1167069]) and a value of type [org.pentaho.platform.repository.solution.dbbased.DbBasedSolutionRepository] (value [org.pentaho.platform.repository.solution.dbbased.DbBasedSolutionRepository@542594]) but failed to remove it when the web application was stopped. This is very likely to create a memory leak.
16-jun-2011 2:36:17 org.apache.catalina.loader.WebappClassLoader clearThreadLocalMap
GRAVE: The web application [/pentaho] created a ThreadLocal with key of type [null] (value [mondrian.rolap.RolapStar$2@1694763]) and a value of type [java.util.HashMap] (value [{}]) but failed to remove it when the web application was stopped. This is very likely to create a memory leak.
16-jun-2011 2:36:17 org.apache.catalina.loader.WebappClassLoader clearThreadLocalMap
GRAVE: The web application [/pentaho] created a ThreadLocal with key of type [null] (value [mondrian.rolap.RolapStar$2@1943c9b]) and a value of type [java.util.HashMap] (value [{}]) but failed to remove it when the web application was stopped. This is very likely to create a memory leak.
16-jun-2011 2:36:17 org.apache.catalina.loader.WebappClassLoader clearThreadLocalMap
GRAVE: The web application [/pentaho] created a ThreadLocal with key of type [java.lang.ThreadLocal] (value [java.lang.ThreadLocal@11705bf]) and a value of type [org.hibernate.impl.SessionImpl] (value [SessionImpl(<closed>)]) but failed to remove it when the web application was stopped. This is very likely to create a memory leak.
16-jun-2011 2:36:17 org.apache.catalina.loader.WebappClassLoader clearThreadLocalMap
GRAVE: The web application [/pentaho] created a ThreadLocal with key of type [java.lang.ThreadLocal] (value [java.lang.ThreadLocal@7a7586]) and a value of type [org.pentaho.platform.web.http.session.PentahoHttpSession] (value [org.pentaho.platform.web.http.session.PentahoHttpSession@1000323]) but failed to remove it when the web application was stopped. This is very likely to create a memory leak.
16-jun-2011 2:36:17 org.apache.catalina.loader.WebappClassLoader clearThreadLocalMap
GRAVE: The web application [/pentaho] created a ThreadLocal with key of type [null] (value [mondrian.rolap.RolapStar$3@cde898]) and a value of type [java.util.ArrayList] (value [[]]) but failed to remove it when the web application was stopped. This is very likely to create a memory leak.
16-jun-2011 2:36:17 org.apache.catalina.loader.WebappClassLoader clearThreadLocalMap
GRAVE: The web application [/pentaho] created a ThreadLocal with key of type [null] (value [mondrian.rolap.RolapStar$3@d422bd]) and a value of type [java.util.ArrayList] (value [[]]) but failed to remove it when the web application was stopped. This is very likely to create a memory leak.
16-jun-2011 2:36:17 org.apache.catalina.loader.WebappClassLoader clearThreadLocalMap
GRAVE: The web application [/pentaho] created a ThreadLocal with key of type [org.apache.log4j.helpers.ThreadLocalMap] (value [org.apache.log4j.helpers.ThreadLocalMap@1dee71a]) and a value of type [java.util.Hashtable] (value [{SessionID=DF2A21F1616276FE66027E3A282A9087}]) but failed to remove it when the web application was stopped. This is very likely to create a memory leak.
16-jun-2011 2:36:17 org.apache.catalina.loader.WebappClassLoader clearThreadLocalMap
GRAVE: The web application [/pentaho] created a ThreadLocal with key of type [java.lang.ThreadLocal] (value [java.lang.ThreadLocal@7a7586]) and a value of type [org.pentaho.platform.web.http.session.PentahoHttpSession] (value [org.pentaho.platform.web.http.session.PentahoHttpSession@1000323]) but failed to remove it when the web application was stopped. This is very likely to create a memory leak.
16-jun-2011 2:36:17 org.apache.catalina.loader.WebappClassLoader clearThreadLocalMap
GRAVE: The web application [/pentaho] created a ThreadLocal with key of type [null] (value [mondrian.rolap.RolapStar$2@1943c9b]) and a value of type [java.util.HashMap] (value [{}]) but failed to remove it when the web application was stopped. This is very likely to create a memory leak.
16-jun-2011 2:36:17 org.apache.catalina.loader.WebappClassLoader clearThreadLocalMap
GRAVE: The web application [/pentaho] created a ThreadLocal with key of type [null] (value [mondrian.rolap.RolapStar$3@d422bd]) and a value of type [java.util.ArrayList] (value [[]]) but failed to remove it when the web application was stopped. This is very likely to create a memory leak.
16-jun-2011 2:36:17 org.apache.catalina.loader.WebappClassLoader clearThreadLocalMap
GRAVE: The web application [/pentaho] created a ThreadLocal with key of type [org.apache.log4j.helpers.ThreadLocalMap] (value [org.apache.log4j.helpers.ThreadLocalMap@1dee71a]) and a value of type [java.util.Hashtable] (value [{SessionID=DF2A21F1616276FE66027E3A282A9087}]) but failed to remove it when the web application was stopped. This is very likely to create a memory leak.
16-jun-2011 2:36:17 org.apache.catalina.loader.WebappClassLoader clearThreadLocalMap
GRAVE: The web application [/pentaho] created a ThreadLocal with key of type [java.lang.ThreadLocal] (value [java.lang.ThreadLocal@1167069]) and a value of type [org.pentaho.platform.repository.solution.dbbased.DbBasedSolutionRepository] (value [org.pentaho.platform.repository.solution.dbbased.DbBasedSolutionRepository@542594]) but failed to remove it when the web application was stopped. This is very likely to create a memory leak.
16-jun-2011 2:36:17 org.apache.catalina.loader.WebappClassLoader clearThreadLocalMap
GRAVE: The web application [/pentaho] created a ThreadLocal with key of type [null] (value [mondrian.rolap.RolapStar$2@1694763]) and a value of type [java.util.HashMap] (value [{}]) but failed to remove it when the web application was stopped. This is very likely to create a memory leak.
16-jun-2011 2:36:17 org.apache.catalina.loader.WebappClassLoader clearThreadLocalMap
GRAVE: The web application [/pentaho] created a ThreadLocal with key of type [null] (value [mondrian.rolap.RolapStar$2@1943c9b]) and a value of type [java.util.HashMap] (value [{}]) but failed to remove it when the web application was stopped. This is very likely to create a memory leak.
16-jun-2011 2:36:17 org.apache.catalina.loader.WebappClassLoader clearThreadLocalMap
GRAVE: The web application [/pentaho] created a ThreadLocal with key of type [java.lang.ThreadLocal] (value [java.lang.ThreadLocal@11705bf]) and a value of type [org.hibernate.impl.SessionImpl] (value [SessionImpl(<closed>)]) but failed to remove it when the web application was stopped. This is very likely to create a memory leak.
16-jun-2011 2:36:17 org.apache.catalina.loader.WebappClassLoader clearThreadLocalMap
GRAVE: The web application [/pentaho] created a ThreadLocal with key of type [java.lang.ThreadLocal] (value [java.lang.ThreadLocal@7a7586]) and a value of type [org.pentaho.platform.web.http.session.PentahoHttpSession] (value [org.pentaho.platform.web.http.session.PentahoHttpSession@1000323]) but failed to remove it when the web application was stopped. This is very likely to create a memory leak.
16-jun-2011 2:36:17 org.apache.catalina.loader.WebappClassLoader clearThreadLocalMap
GRAVE: The web application [/pentaho] created a ThreadLocal with key of type [null] (value [mondrian.rolap.RolapStar$3@cde898]) and a value of type [java.util.ArrayList] (value [[]]) but failed to remove it when the web application was stopped. This is very likely to create a memory leak.
16-jun-2011 2:36:17 org.apache.catalina.loader.WebappClassLoader clearThreadLocalMap
GRAVE: The web application [/pentaho] created a ThreadLocal with key of type [null] (value [mondrian.rolap.RolapStar$3@d422bd]) and a value of type [java.util.ArrayList] (value [[]]) but failed to remove it when the web application was stopped. This is very likely to create a memory leak.
16-jun-2011 2:36:17 org.apache.catalina.loader.WebappClassLoader clearThreadLocalMap
GRAVE: The web application [/pentaho] created a ThreadLocal with key of type [null] (value [org.pentaho.di.core.logging.Log4jKettleLayout$1@6185d5]) and a value of type [java.text.SimpleDateFormat] (value [java.text.SimpleDateFormat@129110e0]) but failed to remove it when the web application was stopped. This is very likely to create a memory leak.
16-jun-2011 2:36:17 org.apache.catalina.loader.WebappClassLoader clearThreadLocalMap
GRAVE: The web application [/pentaho] created a ThreadLocal with key of type [org.apache.log4j.helpers.ThreadLocalMap] (value [org.apache.log4j.helpers.ThreadLocalMap@1dee71a]) and a value of type [java.util.Hashtable] (value [{SessionID=DF2A21F1616276FE66027E3A282A9087}]) but failed to remove it when the web application was stopped. This is very likely to create a memory leak.
16-jun-2011 2:36:17 org.apache.catalina.loader.WebappClassLoader clearThreadLocalMap
GRAVE: The web application [/pentaho] created a ThreadLocal with key of type [java.lang.ThreadLocal] (value [java.lang.ThreadLocal@1167069]) and a value of type [org.pentaho.platform.repository.solution.dbbased.DbBasedSolutionRepository] (value [org.pentaho.platform.repository.solution.dbbased.DbBasedSolutionRepository@542594]) but failed to remove it when the web application was stopped. This is very likely to create a memory leak.
16-jun-2011 2:36:17 org.apache.catalina.loader.WebappClassLoader clearThreadLocalMap
GRAVE: The web application [/pentaho] created a ThreadLocal with key of type [null] (value [mondrian.rolap.RolapStar$2@207f19]) and a value of type [java.util.HashMap] (value [{}]) but failed to remove it when the web application was stopped. This is very likely to create a memory leak.
16-jun-2011 2:36:17 org.apache.catalina.loader.WebappClassLoader clearThreadLocalMap
GRAVE: The web application [/pentaho] created a ThreadLocal with key of type [null] (value [mondrian.rolap.RolapStar$2@1943c9b]) and a value of type [java.util.HashMap] (value [{}]) but failed to remove it when the web application was stopped. This is very likely to create a memory leak.
16-jun-2011 2:36:17 org.apache.catalina.loader.WebappClassLoader clearThreadLocalMap
GRAVE: The web application [/pentaho] created a ThreadLocal with key of type [java.lang.ThreadLocal] (value [java.lang.ThreadLocal@7a7586]) and a value of type [org.pentaho.platform.web.http.session.PentahoHttpSession] (value [org.pentaho.platform.web.http.session.PentahoHttpSession@1000323]) but failed to remove it when the web application was stopped. This is very likely to create a memory leak.
16-jun-2011 2:36:17 org.apache.catalina.loader.WebappClassLoader clearThreadLocalMap
GRAVE: The web application [/pentaho] created a ThreadLocal with key of type [null] (value [mondrian.rolap.RolapStar$3@17856e3]) and a value of type [java.util.ArrayList] (value [[]]) but failed to remove it when the web application was stopped. This is very likely to create a memory leak.
16-jun-2011 2:36:17 org.apache.catalina.loader.WebappClassLoader clearThreadLocalMap
GRAVE: The web application [/pentaho] created a ThreadLocal with key of type [null] (value [mondrian.rolap.RolapStar$3@d422bd]) and a value of type [java.util.ArrayList] (value [[]]) but failed to remove it when the web application was stopped. This is very likely to create a memory leak.
16-jun-2011 2:36:17 org.apache.catalina.loader.WebappClassLoader clearThreadLocalMap
GRAVE: The web application [/pentaho] created a ThreadLocal with key of type [org.apache.log4j.helpers.ThreadLocalMap] (value [org.apache.log4j.helpers.ThreadLocalMap@1dee71a]) and a value of type [java.util.Hashtable] (value [{SessionID=DF2A21F1616276FE66027E3A282A9087}]) but failed to remove it when the web application was stopped. This is very likely to create a memory leak.
16-jun-2011 2:36:17 org.apache.catalina.loader.WebappClassLoader clearThreadLocalMap
GRAVE: The web application [/pentaho] created a ThreadLocal with key of type [java.lang.ThreadLocal] (value [java.lang.ThreadLocal@9c50f7]) and a value of type [org.pentaho.platform.web.http.session.PentahoHttpSession] (value [org.pentaho.platform.web.http.session.PentahoHttpSession@1000323]) but failed to remove it when the web application was stopped. This is very likely to create a memory leak.
16-jun-2011 2:36:17 org.apache.catalina.loader.WebappClassLoader clearThreadLocalMap
GRAVE: The web application [/pentaho] created a ThreadLocal with key of type [java.lang.ThreadLocal] (value [java.lang.ThreadLocal@1167069]) and a value of type [org.pentaho.platform.repository.solution.dbbased.DbBasedSolutionRepository] (value [org.pentaho.platform.repository.solution.dbbased.DbBasedSolutionRepository@542594]) but failed to remove it when the web application was stopped. This is very likely to create a memory leak.
16-jun-2011 2:36:17 org.apache.catalina.loader.WebappClassLoader clearThreadLocalMap
GRAVE: The web application [/pentaho] created a ThreadLocal with key of type [null] (value [mondrian.rolap.RolapStar$2@87c4f7]) and a value of type [java.util.HashMap] (value [{}]) but failed to remove it when the web application was stopped. This is very likely to create a memory leak.
16-jun-2011 2:36:17 org.apache.catalina.loader.WebappClassLoader clearThreadLocalMap
GRAVE: The web application [/pentaho] created a ThreadLocal with key of type [null] (value [mondrian.rolap.RolapStar$2@1694763]) and a value of type [java.util.HashMap] (value [{}]) but failed to remove it when the web application was stopped. This is very likely to create a memory leak.
16-jun-2011 2:36:17 org.apache.catalina.loader.WebappClassLoader clearThreadLocalMap
GRAVE: The web application [/pentaho] created a ThreadLocal with key of type [null] (value [mondrian.rolap.RolapStar$2@1943c9b]) and a value of type [java.util.HashMap] (value [{}]) but failed to remove it when the web application was stopped. This is very likely to create a memory leak.
16-jun-2011 2:36:17 org.apache.catalina.loader.WebappClassLoader clearThreadLocalMap
GRAVE: The web application [/pentaho] created a ThreadLocal with key of type [java.lang.ThreadLocal] (value [java.lang.ThreadLocal@11705bf]) and a value of type [org.hibernate.impl.SessionImpl] (value [SessionImpl(<closed>)]) but failed to remove it when the web application was stopped. This is very likely to create a memory leak.
16-jun-2011 2:36:17 org.apache.catalina.loader.WebappClassLoader clearThreadLocalMap
GRAVE: The web application [/pentaho] created a ThreadLocal with key of type [java.lang.ThreadLocal] (value [java.lang.ThreadLocal@7a7586]) and a value of type [org.pentaho.platform.web.http.session.PentahoHttpSession] (value [org.pentaho.platform.web.http.session.PentahoHttpSession@1000323]) but failed to remove it when the web application was stopped. This is very likely to create a memory leak.
16-jun-2011 2:36:17 org.apache.catalina.loader.WebappClassLoader clearThreadLocalMap
GRAVE: The web application [/pentaho] created a ThreadLocal with key of type [null] (value [mondrian.rolap.RolapStar$3@1b9cb54]) and a value of type [java.util.ArrayList] (value [[]]) but failed to remove it when the web application was stopped. This is very likely to create a memory leak.
16-jun-2011 2:36:17 org.apache.catalina.loader.WebappClassLoader clearThreadLocalMap
GRAVE: The web application [/pentaho] created a ThreadLocal with key of type [null] (value [mondrian.rolap.RolapStar$3@cde898]) and a value of type [java.util.ArrayList] (value [[]]) but failed to remove it when the web application was stopped. This is very likely to create a memory leak.
16-jun-2011 2:36:17 org.apache.catalina.loader.WebappClassLoader clearThreadLocalMap
GRAVE: The web application [/pentaho] created a ThreadLocal with key of type [null] (value [mondrian.rolap.RolapStar$3@d422bd]) and a value of type [java.util.ArrayList] (value [[]]) but failed to remove it when the web application was stopped. This is very likely to create a memory leak.
16-jun-2011 2:36:17 org.apache.catalina.loader.WebappClassLoader clearThreadLocalMap
GRAVE: The web application [/pentaho] created a ThreadLocal with key of type [org.apache.log4j.helpers.ThreadLocalMap] (value [org.apache.log4j.helpers.ThreadLocalMap@1dee71a]) and a value of type [java.util.Hashtable] (value [{SessionID=DF2A21F1616276FE66027E3A282A9087}]) but failed to remove it when the web application was stopped. This is very likely to create a memory leak.
16-jun-2011 2:36:17 org.apache.catalina.loader.WebappClassLoader clearThreadLocalMap
GRAVE: The web application [/pentaho] created a ThreadLocal with key of type [java.lang.InheritableThreadLocal] (value [java.lang.InheritableThreadLocal@faba27]) and a value of type [org.pentaho.platform.web.http.session.PentahoHttpSession] (value [org.pentaho.platform.web.http.session.PentahoHttpSession@1000323]) but failed to remove it when the web application was stopped. This is very likely to create a memory leak.
16-jun-2011 2:36:17 org.apache.catalina.loader.WebappClassLoader clearThreadLocalMap
GRAVE: The web application [/pentaho] created a ThreadLocal with key of type [java.lang.InheritableThreadLocal] (value [java.lang.InheritableThreadLocal@d39270]) and a value of type [org.pentaho.platform.engine.core.system.BasePentahoRequestContext] (value [org.pentaho.platform.engine.core.system.BasePentahoRequestContext@333509]) but failed to remove it when the web application was stopped. This is very likely to create a memory leak.
16-jun-2011 2:36:17 org.apache.catalina.loader.WebappClassLoader clearThreadLocalMap
GRAVE: The web application [/pentaho] created a ThreadLocal with key of type [org.apache.log4j.helpers.ThreadLocalMap] (value [org.apache.log4j.helpers.ThreadLocalMap@1dee71a]) and a value of type [java.util.Hashtable] (value [{SessionID=DF2A21F1616276FE66027E3A282A9087}]) but failed to remove it when the web application was stopped. This is very likely to create a memory leak.
16-jun-2011 2:36:17 org.apache.catalina.loader.WebappClassLoader clearThreadLocalMap
GRAVE: The web application [/pentaho] created a ThreadLocal with key of type [java.lang.InheritableThreadLocal] (value [java.lang.InheritableThreadLocal@faba27]) and a value of type [org.pentaho.platform.web.http.session.PentahoHttpSession] (value [org.pentaho.platform.web.http.session.PentahoHttpSession@1000323]) but failed to remove it when the web application was stopped. This is very likely to create a memory leak.
16-jun-2011 2:36:17 org.apache.catalina.loader.WebappClassLoader clearThreadLocalMap
GRAVE: The web application [/pentaho] created a ThreadLocal with key of type [java.lang.InheritableThreadLocal] (value [java.lang.InheritableThreadLocal@d39270]) and a value of type [org.pentaho.platform.engine.core.system.BasePentahoRequestContext] (value [org.pentaho.platform.engine.core.system.BasePentahoRequestContext@333509]) but failed to remove it when the web application was stopped. This is very likely to create a memory leak.
16-jun-2011 2:36:17 org.apache.catalina.loader.WebappClassLoader clearThreadLocalMap
GRAVE: The web application [/pentaho] created a ThreadLocal with key of type [org.apache.log4j.helpers.ThreadLocalMap] (value [org.apache.log4j.helpers.ThreadLocalMap@1dee71a]) and a value of type [java.util.Hashtable] (value [{SessionID=DF2A21F1616276FE66027E3A282A9087}]) but failed to remove it when the web application was stopped. This is very likely to create a memory leak.
16-jun-2011 2:36:17 org.apache.catalina.loader.WebappClassLoader clearThreadLocalMap
GRAVE: The web application [/pentaho] created a ThreadLocal with key of type [java.lang.InheritableThreadLocal] (value [java.lang.InheritableThreadLocal@faba27]) and a value of type [org.pentaho.platform.web.http.session.PentahoHttpSession] (value [org.pentaho.platform.web.http.session.PentahoHttpSession@1000323]) but failed to remove it when the web application was stopped. This is very likely to create a memory leak.
16-jun-2011 2:36:17 org.apache.catalina.loader.WebappClassLoader clearThreadLocalMap
GRAVE: The web application [/pentaho] created a ThreadLocal with key of type [java.lang.InheritableThreadLocal] (value [java.lang.InheritableThreadLocal@d39270]) and a value of type [org.pentaho.platform.engine.core.system.BasePentahoRequestContext] (value [org.pentaho.platform.engine.core.system.BasePentahoRequestContext@333509]) but failed to remove it when the web application was stopped. This is very likely to create a memory leak.
16-jun-2011 2:36:17 org.apache.catalina.loader.WebappClassLoader clearThreadLocalMap
GRAVE: The web application [/pentaho] created a ThreadLocal with key of type [org.apache.log4j.helpers.ThreadLocalMap] (value [org.apache.log4j.helpers.ThreadLocalMap@1dee71a]) and a value of type [java.util.Hashtable] (value [{SessionID=DF2A21F1616276FE66027E3A282A9087}]) but failed to remove it when the web application was stopped. This is very likely to create a memory leak.
16-jun-2011 2:36:17 org.apache.catalina.loader.WebappClassLoader clearThreadLocalMap
GRAVE: The web application [/pentaho] created a ThreadLocal with key of type [java.lang.InheritableThreadLocal] (value [java.lang.InheritableThreadLocal@faba27]) and a value of type [org.pentaho.platform.web.http.session.PentahoHttpSession] (value [org.pentaho.platform.web.http.session.PentahoHttpSession@1000323]) but failed to remove it when the web application was stopped. This is very likely to create a memory leak.
16-jun-2011 2:36:17 org.apache.catalina.loader.WebappClassLoader clearThreadLocalMap
GRAVE: The web application [/pentaho] created a ThreadLocal with key of type [java.lang.InheritableThreadLocal] (value [java.lang.InheritableThreadLocal@d39270]) and a value of type [org.pentaho.platform.engine.core.system.BasePentahoRequestContext] (value [org.pentaho.platform.engine.core.system.BasePentahoRequestContext@333509]) but failed to remove it when the web application was stopped. This is very likely to create a memory leak.
16-jun-2011 2:36:17 org.apache.catalina.loader.WebappClassLoader clearThreadLocalMap
GRAVE: The web application [/pentaho] created a ThreadLocal with key of type [org.apache.log4j.helpers.ThreadLocalMap] (value [org.apache.log4j.helpers.ThreadLocalMap@1dee71a]) and a value of type [java.util.Hashtable] (value [{SessionID=DF2A21F1616276FE66027E3A282A9087}]) but failed to remove it when the web application was stopped. This is very likely to create a memory leak.
16-jun-2011 2:36:17 org.apache.catalina.loader.WebappClassLoader clearThreadLocalMap
GRAVE: The web application [/pentaho] created a ThreadLocal with key of type [java.lang.InheritableThreadLocal] (value [java.lang.InheritableThreadLocal@faba27]) and a value of type [org.pentaho.platform.web.http.session.PentahoHttpSession] (value [org.pentaho.platform.web.http.session.PentahoHttpSession@1000323]) but failed to remove it when the web application was stopped. This is very likely to create a memory leak.
16-jun-2011 2:36:17 org.apache.catalina.loader.WebappClassLoader clearThreadLocalMap
GRAVE: The web application [/pentaho] created a ThreadLocal with key of type [java.lang.InheritableThreadLocal] (value [java.lang.InheritableThreadLocal@d39270]) and a value of type [org.pentaho.platform.engine.core.system.BasePentahoRequestContext] (value [org.pentaho.platform.engine.core.system.BasePentahoRequestContext@333509]) but failed to remove it when the web application was stopped. This is very likely to create a memory leak.
16-jun-2011 2:36:17 org.apache.catalina.loader.WebappClassLoader clearThreadLocalMap
GRAVE: The web application [/pentaho] created a ThreadLocal with key of type [org.apache.log4j.helpers.ThreadLocalMap] (value [org.apache.log4j.helpers.ThreadLocalMap@1dee71a]) and a value of type [java.util.Hashtable] (value [{SessionID=DF2A21F1616276FE66027E3A282A9087}]) but failed to remove it when the web application was stopped. This is very likely to create a memory leak.
16-jun-2011 2:36:17 org.apache.catalina.loader.WebappClassLoader clearThreadLocalMap
GRAVE: The web application [/pentaho] created a ThreadLocal with key of type [java.lang.InheritableThreadLocal] (value [java.lang.InheritableThreadLocal@faba27]) and a value of type [org.pentaho.platform.web.http.session.PentahoHttpSession] (value [org.pentaho.platform.web.http.session.PentahoHttpSession@1000323]) but failed to remove it when the web application was stopped. This is very likely to create a memory leak.
16-jun-2011 2:36:17 org.apache.catalina.loader.WebappClassLoader clearThreadLocalMap
GRAVE: The web application [/pentaho] created a ThreadLocal with key of type [java.lang.InheritableThreadLocal] (value [java.lang.InheritableThreadLocal@d39270]) and a value of type [org.pentaho.platform.engine.core.system.BasePentahoRequestContext] (value [org.pentaho.platform.engine.core.system.BasePentahoRequestContext@333509]) but failed to remove it when the web application was stopped. This is very likely to create a memory leak.
16-jun-2011 2:36:17 org.apache.catalina.loader.WebappClassLoader clearThreadLocalMap
GRAVE: The web application [/pentaho] created a ThreadLocal with key of type [org.apache.log4j.helpers.ThreadLocalMap] (value [org.apache.log4j.helpers.ThreadLocalMap@1dee71a]) and a value of type [java.util.Hashtable] (value [{SessionID=DF2A21F1616276FE66027E3A282A9087}]) but failed to remove it when the web application was stopped. This is very likely to create a memory leak.
16-jun-2011 2:36:21 org.apache.coyote.http11.Http11Protocol destroy
INFO: Parando Coyote HTTP/1.1 en puerto http-8080
16-jun-2011 2:36:25 org.apache.catalina.core.AprLifecycleListener init
INFO: La biblioteca nativa de Apache Tomcat basada en ARP que permite un rendimiento óptimo en entornos de desarrollo no ha sido hallada en java.library.path: C:\Program Files\Java\jdk1.6.0_25\bin;.;C:\Windows\Sun\Java\bin;C:\Windows\system32;C:\Windows;C:\Program Files\MiKTeX 2.9\miktex\bin;C:\Program Files\Common Files\Microsoft Shared\Windows Live;C:\Windows\system32;C:\Windows;C:\Windows\System32\Wbem;C:\Windows\System32\WindowsPowerShell\v1.0\;C:\Program Files\Windows Live\Shared
16-jun-2011 2:36:25 org.apache.coyote.http11.Http11Protocol init
INFO: Inicializando Coyote HTTP/1.1 en puerto http-8080
16-jun-2011 2:36:25 org.apache.catalina.startup.Catalina load
INFO: Initialization processed in 388 ms
16-jun-2011 2:36:25 org.apache.catalina.core.StandardService start
INFO: Arrancando servicio Catalina
16-jun-2011 2:36:25 org.apache.catalina.core.StandardEngine start
INFO: Starting Servlet Engine: Apache Tomcat/6.0.29
16-jun-2011 2:36:25 org.apache.catalina.startup.HostConfig deployDescriptor
INFO: Desplieque del descriptor de configuración pentaho.xml
16-jun-2011 2:36:26 org.apache.catalina.startup.ContextConfig validateSecurityRoles
INFO: ATENCIÓN: El nombre de papel de seguridad PENTAHO_ADMIN es usado en un <auth-constraint> sin haber sido definido en <security-role>
16-jun-2011 2:36:45 org.apache.catalina.startup.HostConfig deployDirectory
INFO: Despliegue del directorio pentaho-style de la aplicación web
16-jun-2011 2:36:45 org.apache.catalina.startup.HostConfig deployDirectory
INFO: Despliegue del directorio ROOT de la aplicación web
16-jun-2011 2:36:45 org.apache.catalina.startup.HostConfig deployDirectory
INFO: Despliegue del directorio sw-style de la aplicación web
16-jun-2011 2:36:45 org.apache.coyote.http11.Http11Protocol start
INFO: Arrancando Coyote HTTP/1.1 en puerto http-8080
16-jun-2011 2:36:45 org.apache.jk.common.ChannelSocket init
INFO: JK: ajp13 listening on /0.0.0.0:8009
16-jun-2011 2:36:45 org.apache.jk.server.JkMain start
INFO: Jk running ID=0 time=0/27  config=null
16-jun-2011 2:36:45 org.apache.catalina.startup.Catalina start
INFO: Server startup in 20008 ms
16-jun-2011 2:38:42 org.apache.coyote.http11.Http11Protocol pause
INFO: Pausando Coyote HTTP/1.1 en puerto http-8080
16-jun-2011 2:38:43 org.apache.catalina.core.StandardService stop
INFO: Parando servicio Catalina
16-jun-2011 2:38:43 org.apache.catalina.loader.WebappClassLoader clearReferencesJdbc
GRAVE: The web application [/pentaho] registered the JBDC driver [mondrian.olap4j.MondrianOlap4jDriver] but failed to unregister it when the web application was stopped. To prevent a memory leak, the JDBC Driver has been forcibly unregistered.
16-jun-2011 2:38:43 org.apache.catalina.loader.WebappClassLoader clearReferencesThreads
GRAVE: The web application [/pentaho] appears to have started a thread named [HSQLDB Timer @48edb5] but has failed to stop it. This is very likely to create a memory leak.
16-jun-2011 2:38:43 org.apache.catalina.loader.WebappClassLoader clearReferencesThreads
GRAVE: The web application [/pentaho] appears to have started a thread named [net.sf.ehcache.CacheManager@18e8fe0] but has failed to stop it. This is very likely to create a memory leak.
16-jun-2011 2:38:43 org.apache.catalina.loader.WebappClassLoader clearReferencesThreads
GRAVE: The web application [/pentaho] appears to have started a thread named [Store pentahoCache Spool Thread] but has failed to stop it. This is very likely to create a memory leak.
16-jun-2011 2:38:43 org.apache.catalina.loader.WebappClassLoader clearReferencesThreads
GRAVE: The web application [/pentaho] appears to have started a thread named [Store mondrian-catalog-cache Spool Thread] but has failed to stop it. This is very likely to create a memory leak.
16-jun-2011 2:38:43 org.apache.catalina.loader.WebappClassLoader clearReferencesThreads
GRAVE: The web application [/pentaho] appears to have started a thread named [Store libloader-data Spool Thread] but has failed to stop it. This is very likely to create a memory leak.
16-jun-2011 2:38:43 org.apache.catalina.loader.WebappClassLoader clearReferencesThreads
GRAVE: The web application [/pentaho] appears to have started a thread named [Timer-0] but has failed to stop it. This is very likely to create a memory leak.
16-jun-2011 2:38:43 org.apache.catalina.loader.WebappClassLoader clearReferencesThreads
GRAVE: The web application [/pentaho] appears to have started a thread named [net.sf.ehcache.CacheManager@4260ab] but has failed to stop it. This is very likely to create a memory leak.
16-jun-2011 2:38:43 org.apache.catalina.loader.WebappClassLoader clearReferencesThreads
GRAVE: The web application [/pentaho] appears to have started a thread named [Store libloader-data Spool Thread] but has failed to stop it. This is very likely to create a memory leak.
16-jun-2011 2:38:43 org.apache.catalina.loader.WebappClassLoader clearReferencesThreads
GRAVE: The web application [/pentaho] appears to have started a thread named [Store mondrian-catalog-cache Spool Thread] but has failed to stop it. This is very likely to create a memory leak.
16-jun-2011 2:38:43 org.apache.catalina.loader.WebappClassLoader clearReferencesThreads
GRAVE: The web application [/pentaho] appears to have started a thread named [Store pentahoCache Spool Thread] but has failed to stop it. This is very likely to create a memory leak.
16-jun-2011 2:38:43 org.apache.catalina.loader.WebappClassLoader clearReferencesThreads
GRAVE: The web application [/pentaho] appears to have started a thread named [MySQL Statement Cancellation Timer] but has failed to stop it. This is very likely to create a memory leak.
16-jun-2011 2:38:43 org.apache.catalina.loader.WebappClassLoader clearReferencesThreads
GRAVE: The web application [/pentaho] appears to have started a thread named [net.sf.ehcache.CacheManager@121cbdb] but has failed to stop it. This is very likely to create a memory leak.
16-jun-2011 2:38:43 org.apache.catalina.loader.WebappClassLoader clearReferencesThreads
GRAVE: The web application [/pentaho] appears to have started a thread named [Store libloader-data Spool Thread] but has failed to stop it. This is very likely to create a memory leak.
16-jun-2011 2:38:43 org.apache.catalina.loader.WebappClassLoader clearReferencesThreads
GRAVE: The web application [/pentaho] appears to have started a thread named [Store pentahoCache Spool Thread] but has failed to stop it. This is very likely to create a memory leak.
16-jun-2011 2:38:43 org.apache.catalina.loader.WebappClassLoader clearReferencesThreads
GRAVE: The web application [/pentaho] appears to have started a thread named [Store mondrian-catalog-cache Spool Thread] but has failed to stop it. This is very likely to create a memory leak.
16-jun-2011 2:38:43 org.apache.catalina.loader.WebappClassLoader clearThreadLocalMap
GRAVE: The web application [/pentaho] created a ThreadLocal with key of type [java.lang.ThreadLocal] (value [java.lang.ThreadLocal@10a5c37]) and a value of type [org.pentaho.platform.repository.solution.dbbased.DbBasedSolutionRepository] (value [org.pentaho.platform.repository.solution.dbbased.DbBasedSolutionRepository@d741c]) but failed to remove it when the web application was stopped. This is very likely to create a memory leak.
16-jun-2011 2:38:43 org.apache.catalina.loader.WebappClassLoader clearThreadLocalMap
GRAVE: The web application [/pentaho] created a ThreadLocal with key of type [java.lang.ThreadLocal] (value [java.lang.ThreadLocal@12c4d93]) and a value of type [org.hibernate.impl.SessionImpl] (value [SessionImpl(PersistenceContext[entityKeys=[EntityKey[org.pentaho.platform.repository.solution.dbbased.RepositoryFile#e2d654db-9224-11e0-971d-c91deac9f05c], EntityKey[org.pentaho.platform.repository.solution.dbbased.RepositoryFile#e2d08869-9224-11e0-971d-c91deac9f05c], EntityKey[org.pentaho.platform.repository.solution.dbbased.RepositoryFile#e2d431f4-9224-11e0-971d-c91deac9f05c], EntityKey[org.pentaho.platform.repository.solution.dbbased.RepositoryFile#e2d6a2fd-9224-11e0-971d-c91deac9f05c], EntityKey[org.pentaho.platform.repository.solution.dbbased.RepositoryFile#e2d3478f-9224-11e0-971d-c91deac9f05c], EntityKey[org.pentaho.platform.repository.solution.dbbased.RepositoryFile#e2d36ea0-9224-11e0-971d-c91deac9f05c], EntityKey[org.pentaho.platform.repository.solution.dbbased.RepositoryFile#e2d5dfa9-9224-11e0-971d-c91deac9f05c], EntityKey[org.pentaho.platform.repository.solution.dbbased.RepositoryFile#e2d5b898-9224-11e0-971d-c91deac9f05c], EntityKey[org.pentaho.platform.repository.solution.dbbased.RepositoryFile#e2d98932-9224-11e0-971d-c91deac9f05c], EntityKey[org.pentaho.platform.repository.solution.dbbased.RepositoryFile#e2d3bcc2-9224-11e0-971d-c91deac9f05c], EntityKey[org.pentaho.platform.repository.solution.dbbased.RepositoryFile#e2db5df3-9224-11e0-971d-c91deac9f05c], EntityKey[org.pentaho.platform.repository.solution.dbbased.RepositoryFile#e2d8ecef-9224-11e0-971d-c91deac9f05c], EntityKey[org.pentaho.platform.repository.solution.dbbased.RepositoryFile#e2d2843b-9224-11e0-971d-c91deac9f05c], EntityKey[org.pentaho.platform.repository.solution.dbbased.RepositoryFile#e2d395b1-9224-11e0-971d-c91deac9f05c], EntityKey[org.pentaho.platform.repository.solution.dbbased.RepositoryFile#e2d3207e-9224-11e0-971d-c91deac9f05c], EntityKey[org.pentaho.platform.repository.solution.dbbased.RepositoryFile#e11914a3-9224-11e0-971d-c91deac9f05c], EntityKey[org.pentaho.platform.repository.solution.dbbased.RepositoryFile#e11a7483-9224-11e0-971d-c91deac9f05c], EntityKey[org.pentaho.platform.repository.solution.dbbased.RepositoryFile#e2d93b10-9224-11e0-971d-c91deac9f05c], EntityKey[org.pentaho.platform.repository.solution.dbbased.RepositoryFile#e2d45905-9224-11e0-971d-c91deac9f05c], EntityKey[org.pentaho.platform.repository.solution.dbbased.RepositoryFile#e2d06158-9224-11e0-971d-c91deac9f05c], EntityKey[org.pentaho.platform.repository.solution.dbbased.RepositoryFile#e2d25d2a-9224-11e0-971d-c91deac9f05c], EntityKey[org.pentaho.platform.repository.solution.dbbased.RepositoryFile#e2d96221-9224-11e0-971d-c91deac9f05c], EntityKey[org.pentaho.platform.repository.solution.dbbased.RepositoryFile#e2d2f96d-9224-11e0-971d-c91deac9f05c], EntityKey[org.pentaho.platform.repository.solution.dbbased.RepositoryFile#e0e5335e-9224-11e0-971d-c91deac9f05c], EntityKey[org.pentaho.platform.repository.solution.dbbased.RepositoryFile#e2d40ae3-9224-11e0-971d-c91deac9f05c], EntityKey[org.pentaho.platform.repository.solution.dbbased.RepositoryFile#e2d67bec-9224-11e0-971d-c91deac9f05c], EntityKey[org.pentaho.platform.repository.solution.dbbased.RepositoryFile#e2d48016-9224-11e0-971d-c91deac9f05c], EntityKey[org.pentaho.platform.repository.solution.dbbased.RepositoryFile#e2d6ca0e-9224-11e0-971d-c91deac9f05c], EntityKey[org.pentaho.platform.repository.solution.dbbased.RepositoryFile#e2d2ab4c-9224-11e0-971d-c91deac9f05c], EntityKey[org.pentaho.platform.repository.solution.dbbased.RepositoryFile#e2d4a727-9224-11e0-971d-c91deac9f05c], EntityKey[org.pentaho.platform.repository.solution.dbbased.RepositoryFile#e2dbd325-9224-11e0-971d-c91deac9f05c], EntityKey[org.pentaho.platform.repository.solution.dbbased.RepositoryFile#e2db8504-9224-11e0-971d-c91deac9f05c], EntityKey[org.pentaho.platform.repository.solution.dbbased.RepositoryFile#e2d62dca-9224-11e0-971d-c91deac9f05c]],collectionKeys=[CollectionKey[org.pentaho.platform.repository.solution.dbbased.RepositoryFile.accessControls#e2d67bec-9224-11e0-971d-c91deac9f05c], CollectionKey[org.pentaho.platform.repository.solution.dbbased.RepositoryFile.accessControls#e2d3207e-9224-11e0-971d-c91deac9f05c], CollectionKey[org.pentaho.platform.repository.solution.dbbased.RepositoryFile.childrenFiles#e11a7483-9224-11e0-971d-c91deac9f05c], CollectionKey[org.pentaho.platform.repository.solution.dbbased.RepositoryFile.accessControls#e2d2ab4c-9224-11e0-971d-c91deac9f05c], CollectionKey[org.pentaho.platform.repository.solution.dbbased.RepositoryFile.accessControls#e2d3478f-9224-11e0-971d-c91deac9f05c], CollectionKey[org.pentaho.platform.repository.solution.dbbased.RepositoryFile.accessControls#e2d6ca0e-9224-11e0-971d-c91deac9f05c], CollectionKey[org.pentaho.platform.repository.solution.dbbased.RepositoryFile.accessControls#e2d5b898-9224-11e0-971d-c91deac9f05c], CollectionKey[org.pentaho.platform.repository.solution.dbbased.RepositoryFile.childrenFiles#e2d98932-9224-11e0-971d-c91deac9f05c], CollectionKey[org.pentaho.platform.repository.solution.dbbased.RepositoryFile.childrenFiles#e2d25d2a-9224-11e0-971d-c91deac9f05c], CollectionKey[org.pentaho.platform.repository.solution.dbbased.RepositoryFile.accessControls#e2d5dfa9-9224-11e0-971d-c91deac9f05c], CollectionKey[org.pentaho.platform.repository.solution.dbbased.RepositoryFile.childrenFiles#e2d62dca-9224-11e0-971d-c91deac9f05c], CollectionKey[org.pentaho.platform.repository.solution.dbbased.RepositoryFile.childrenFiles#e2d2843b-9224-11e0-971d-c91deac9f05c], CollectionKey[org.pentaho.platform.repository.solution.dbbased.RepositoryFile.childrenFiles#e2d4a727-9224-11e0-971d-c91deac9f05c], CollectionKey[org.pentaho.platform.repository.solution.dbbased.RepositoryFile.childrenFiles#e2d93b10-9224-11e0-971d-c91deac9f05c], CollectionKey[org.pentaho.platform.repository.solution.dbbased.RepositoryFile.childrenFiles#e2d2f96d-9224-11e0-971d-c91deac9f05c], CollectionKey[org.pentaho.platform.repository.solution.dbbased.RepositoryFile.childrenFiles#e2d5dfa9-9224-11e0-971d-c91deac9f05c], CollectionKey[org.pentaho.platform.repository.solution.dbbased.RepositoryFile.accessControls#e2d395b1-9224-11e0-971d-c91deac9f05c], CollectionKey[org.pentaho.platform.repository.solution.dbbased.RepositoryFile.childrenFiles#e2d06158-9224-11e0-971d-c91deac9f05c], CollectionKey[org.pentaho.platform.repository.solution.dbbased.RepositoryFile.childrenFiles#e2d654db-9224-11e0-971d-c91deac9f05c], CollectionKey[org.pentaho.platform.repository.solution.dbbased.RepositoryFile.accessControls#e2d06158-9224-11e0-971d-c91deac9f05c], CollectionKey[org.pentaho.platform.repository.solution.dbbased.RepositoryFile.childrenFiles#e2db8504-9224-11e0-971d-c91deac9f05c], CollectionKey[org.pentaho.platform.repository.solution.dbbased.RepositoryFile.childrenFiles#e2d08869-9224-11e0-971d-c91deac9f05c], CollectionKey[org.pentaho.platform.repository.solution.dbbased.RepositoryFile.childrenFiles#e2d40ae3-9224-11e0-971d-c91deac9f05c], CollectionKey[org.pentaho.platform.repository.solution.dbbased.RepositoryFile.accessControls#e2d6a2fd-9224-11e0-971d-c91deac9f05c], CollectionKey[org.pentaho.platform.repository.solution.dbbased.RepositoryFile.childrenFiles#e2d45905-9224-11e0-971d-c91deac9f05c], CollectionKey[org.pentaho.platform.repository.solution.dbbased.RepositoryFile.accessControls#e2db5df3-9224-11e0-971d-c91deac9f05c], CollectionKey[org.pentaho.platform.repository.solution.dbbased.RepositoryFile.accessControls#e2d98932-9224-11e0-971d-c91deac9f05c], CollectionKey[org.pentaho.platform.repository.solution.dbbased.RepositoryFile.accessControls#e2d2f96d-9224-11e0-971d-c91deac9f05c], CollectionKey[org.pentaho.platform.repository.solution.dbbased.RepositoryFile.childrenFiles#e2d431f4-9224-11e0-971d-c91deac9f05c], CollectionKey[org.pentaho.platform.repository.solution.dbbased.RepositoryFile.childrenFiles#e2d2ab4c-9224-11e0-971d-c91deac9f05c], CollectionKey[org.pentaho.platform.repository.solution.dbbased.RepositoryFile.accessControls#e11914a3-9224-11e0-971d-c91deac9f05c], CollectionKey[org.pentaho.platform.repository.solution.dbbased.RepositoryFile.childrenFiles#e2db5df3-9224-11e0-971d-c91deac9f05c], CollectionKey[org.pentaho.platform.repository.solution.dbbased.RepositoryFile.childrenFiles#e2d3bcc2-9224-11e0-971d-c91deac9f05c], CollectionKey[org.pentaho.platform.repository.solution.dbbased.RepositoryFile.childrenFiles#e2d8ecef-9224-11e0-971d-c91deac9f05c], CollectionKey[org.pentaho.platform.repository.solution.dbbased.RepositoryFile.accessControls#e2d48016-9224-11e0-971d-c91deac9f05c], CollectionKey[org.pentaho.platform.repository.solution.dbbased.RepositoryFile.accessControls#e2d4a727-9224-11e0-971d-c91deac9f05c], CollectionKey[org.pentaho.platform.repository.solution.dbbased.RepositoryFile.accessControls#e2dbd325-9224-11e0-971d-c91deac9f05c], CollectionKey[org.pentaho.platform.repository.solution.dbbased.RepositoryFile.childrenFiles#e0e5335e-9224-11e0-971d-c91deac9f05c], CollectionKey[org.pentaho.platform.repository.solution.dbbased.RepositoryFile.accessControls#e2d96221-9224-11e0-971d-c91deac9f05c], CollectionKey[org.pentaho.platform.repository.solution.dbbased.RepositoryFile.accessControls#e2d25d2a-9224-11e0-971d-c91deac9f05c], CollectionKey[org.pentaho.platform.repository.solution.dbbased.RepositoryFile.accessControls#e2d62dca-9224-11e0-971d-c91deac9f05c], CollectionKey[org.pentaho.platform.repository.solution.dbbased.RepositoryFile.accessControls#e2d431f4-9224-11e0-971d-c91deac9f05c], CollectionKey[org.pentaho.platform.repository.solution.dbbased.RepositoryFile.childrenFiles#e2d3207e-9224-11e0-971d-c91deac9f05c], CollectionKey[org.pentaho.platform.repository.solution.dbbased.RepositoryFile.childrenFiles#e2d6a2fd-9224-11e0-971d-c91deac9f05c], CollectionKey[org.pentaho.platform.repository.solution.dbbased.RepositoryFile.accessControls#e2d2843b-9224-11e0-971d-c91deac9f05c], CollectionKey[org.pentaho.platform.repository.solution.dbbased.RepositoryFile.childrenFiles#e2d5b898-9224-11e0-971d-c91deac9f05c], CollectionKey[org.pentaho.platform.repository.solution.dbbased.RepositoryFile.childrenFiles#e2dbd325-9224-11e0-971d-c91deac9f05c], CollectionKey[org.pentaho.platform.repository.solution.dbbased.RepositoryFile.childrenFiles#e2d3478f-9224-11e0-971d-c91deac9f05c], CollectionKey[org.pentaho.platform.repository.solution.dbbased.RepositoryFile.childrenFiles#e11914a3-9224-11e0-971d-c91deac9f05c], CollectionKey[org.pentaho.platform.repository.solution.dbbased.RepositoryFile.accessControls#e11a7483-9224-11e0-971d-c91deac9f05c], CollectionKey[org.pentaho.platform.repository.solution.dbbased.RepositoryFile.accessControls#e2d93b10-9224-11e0-971d-c91deac9f05c], CollectionKey[org.pentaho.platform.repository.solution.dbbased.RepositoryFile.accessControls#e2d36ea0-9224-11e0-971d-c91deac9f05c], CollectionKey[org.pentaho.platform.repository.solution.dbbased.RepositoryFile.accessControls#e2d45905-9224-11e0-971d-c91deac9f05c], CollectionKey[org.pentaho.platform.repository.solution.dbbased.RepositoryFile.childrenFiles#e2d48016-9224-11e0-971d-c91deac9f05c], CollectionKey[org.pentaho.platform.repository.solution.dbbased.RepositoryFile.childrenFiles#e2d36ea0-9224-11e0-971d-c91deac9f05c], CollectionKey[org.pentaho.platform.repository.solution.dbbased.RepositoryFile.accessControls#e2d08869-9224-11e0-971d-c91deac9f05c], CollectionKey[org.pentaho.platform.repository.solution.dbbased.RepositoryFile.accessControls#e0e5335e-9224-11e0-971d-c91deac9f05c], CollectionKey[org.pentaho.platform.repository.solution.dbbased.RepositoryFile.accessControls#e2d8ecef-9224-11e0-971d-c91deac9f05c], CollectionKey[org.pentaho.platform.repository.solution.dbbased.RepositoryFile.accessControls#e2db8504-9224-11e0-971d-c91deac9f05c], CollectionKey[org.pentaho.platform.repository.solution.dbbased.RepositoryFile.childrenFiles#e2d395b1-9224-11e0-971d-c91deac9f05c], CollectionKey[org.pentaho.platform.repository.solution.dbbased.RepositoryFile.accessControls#e2d3bcc2-9224-11e0-971d-c91deac9f05c], CollectionKey[org.pentaho.platform.repository.solution.dbbased.RepositoryFile.accessControls#e2d654db-9224-11e0-971d-c91deac9f05c], CollectionKey[org.pentaho.platform.repository.solution.dbbased.RepositoryFile.childrenFiles#e2d6ca0e-9224-11e0-971d-c91deac9f05c], CollectionKey[org.pentaho.platform.repository.solution.dbbased.RepositoryFile.accessControls#e2d40ae3-9224-11e0-971d-c91deac9f05c], CollectionKey[org.pentaho.platform.repository.solution.dbbased.RepositoryFile.childrenFiles#e2d96221-9224-11e0-971d-c91deac9f05c], CollectionKey[org.pentaho.platform.repository.solution.dbbased.RepositoryFile.childrenFiles#e2d67bec-9224-11e0-971d-c91deac9f05c]]];ActionQueue[insertions=[] updates=[] deletions=[] collectionCreations=[] collectionRemovals=[] collectionUpdates=[]])]) but failed to remove it when the web application was stopped. This is very likely to create a memory leak.
16-jun-2011 2:38:43 org.apache.catalina.loader.WebappClassLoader clearThreadLocalMap
GRAVE: The web application [/pentaho] created a ThreadLocal with key of type [java.lang.ThreadLocal] (value [java.lang.ThreadLocal@1d88788]) and a value of type [org.pentaho.platform.engine.core.system.StandaloneSession] (value [org.pentaho.platform.engine.core.system.StandaloneSession@557c5b]) but failed to remove it when the web application was stopped. This is very likely to create a memory leak.
16-jun-2011 2:38:43 org.apache.catalina.loader.WebappClassLoader clearThreadLocalMap
GRAVE: The web application [/pentaho] created a ThreadLocal with key of type [java.lang.ThreadLocal] (value [java.lang.ThreadLocal@aa2c1c]) and a value of type [org.pentaho.platform.engine.security.session.TrustedSystemStartupSession] (value [org.pentaho.platform.engine.security.session.TrustedSystemStartupSession@16911f6]) but failed to remove it when the web application was stopped. This is very likely to create a memory leak.
16-jun-2011 2:38:43 org.apache.catalina.loader.WebappClassLoader clearThreadLocalMap
GRAVE: The web application [/pentaho] created a ThreadLocal with key of type [null] (value [org.pentaho.platform.plugin.services.pluginmgr.PluginMessageLogger$1@360268]) and a value of type [java.util.ArrayList] (value [[Discovered plugin Pentaho Data Access in data-access, This plugin provides: 0 menu customizations, 0 content types, 0 content generators, 0 overlays, and 0 lifecycle listeners, Discovered plugin BI Server default plugin in default-plugin, This plugin provides: 0 menu customizations, 0 content types, 3 content generators, 0 overlays, and 0 lifecycle listeners, Discovered plugin Pentaho Community Dashboard Framework in pentaho-cdf, Content type registered: xcdf - Dashboard, This plugin provides: 0 menu customizations, 1 content types, 1 content generators, 0 overlays, and 1 lifecycle listeners, Discovered plugin Pentaho Reporting Plugin in reporting, Content type registered: prpt - Pentaho Report, This plugin provides: 0 menu customizations, 1 content types, 1 content generators, 0 overlays, and 1 lifecycle listeners, Plugin Pentaho Data Access has registered successfully, Content generator registered: ws-services for plugin BI Server default plugin, Content generator registered: ws-run for plugin BI Server default plugin, Content generator registered: ws-wsdl for plugin BI Server default plugin, Plugin BI Server default plugin has registered successfully, Content generator registered: pentaho-cdf for plugin Pentaho Community Dashboard Framework, Plugin Pentaho Community Dashboard Framework has registered successfully, Content generator registered: reporting for plugin Pentaho Reporting Plugin, Plugin Pentaho Reporting Plugin has registered successfully]]) but failed to remove it when the web application was stopped. This is very likely to create a memory leak.
16-jun-2011 2:38:43 org.apache.catalina.loader.WebappClassLoader clearThreadLocalMap
GRAVE: The web application [/pentaho] created a ThreadLocal with key of type [java.lang.InheritableThreadLocal] (value [java.lang.InheritableThreadLocal@13fc0bb]) and a value of type [org.pentaho.platform.engine.security.session.TrustedSystemStartupSession] (value [org.pentaho.platform.engine.security.session.TrustedSystemStartupSession@187275d]) but failed to remove it when the web application was stopped. This is very likely to create a memory leak.
16-jun-2011 2:38:43 org.apache.catalina.loader.WebappClassLoader clearThreadLocalMap
GRAVE: The web application [/pentaho] created a ThreadLocal with key of type [java.lang.InheritableThreadLocal] (value [java.lang.InheritableThreadLocal@13fc0bb]) and a value of type [org.pentaho.platform.engine.security.session.TrustedSystemStartupSession] (value [org.pentaho.platform.engine.security.session.TrustedSystemStartupSession@187275d]) but failed to remove it when the web application was stopped. This is very likely to create a memory leak.
16-jun-2011 2:38:43 org.apache.catalina.loader.WebappClassLoader clearThreadLocalMap
GRAVE: The web application [/pentaho] created a ThreadLocal with key of type [java.lang.InheritableThreadLocal] (value [java.lang.InheritableThreadLocal@13fc0bb]) and a value of type [org.pentaho.platform.engine.security.session.TrustedSystemStartupSession] (value [org.pentaho.platform.engine.security.session.TrustedSystemStartupSession@187275d]) but failed to remove it when the web application was stopped. This is very likely to create a memory leak.
16-jun-2011 2:38:43 org.apache.catalina.loader.WebappClassLoader clearThreadLocalMap
GRAVE: The web application [/pentaho] created a ThreadLocal with key of type [java.lang.InheritableThreadLocal] (value [java.lang.InheritableThreadLocal@13fc0bb]) and a value of type [org.pentaho.platform.engine.security.session.TrustedSystemStartupSession] (value [org.pentaho.platform.engine.security.session.TrustedSystemStartupSession@187275d]) but failed to remove it when the web application was stopped. This is very likely to create a memory leak.
16-jun-2011 2:38:43 org.apache.catalina.loader.WebappClassLoader clearThreadLocalMap
GRAVE: The web application [/pentaho] created a ThreadLocal with key of type [java.lang.InheritableThreadLocal] (value [java.lang.InheritableThreadLocal@13fc0bb]) and a value of type [org.pentaho.platform.engine.security.session.TrustedSystemStartupSession] (value [org.pentaho.platform.engine.security.session.TrustedSystemStartupSession@187275d]) but failed to remove it when the web application was stopped. This is very likely to create a memory leak.
16-jun-2011 2:38:43 org.apache.catalina.loader.WebappClassLoader clearThreadLocalMap
GRAVE: The web application [/pentaho] created a ThreadLocal with key of type [java.lang.InheritableThreadLocal] (value [java.lang.InheritableThreadLocal@13fc0bb]) and a value of type [org.pentaho.platform.engine.security.session.TrustedSystemStartupSession] (value [org.pentaho.platform.engine.security.session.TrustedSystemStartupSession@187275d]) but failed to remove it when the web application was stopped. This is very likely to create a memory leak.
16-jun-2011 2:38:43 org.apache.catalina.loader.WebappClassLoader clearThreadLocalMap
GRAVE: The web application [/pentaho] created a ThreadLocal with key of type [java.lang.InheritableThreadLocal] (value [java.lang.InheritableThreadLocal@13fc0bb]) and a value of type [org.pentaho.platform.engine.security.session.TrustedSystemStartupSession] (value [org.pentaho.platform.engine.security.session.TrustedSystemStartupSession@187275d]) but failed to remove it when the web application was stopped. This is very likely to create a memory leak.
16-jun-2011 2:38:43 org.apache.catalina.loader.WebappClassLoader clearThreadLocalMap
GRAVE: The web application [/pentaho] created a ThreadLocal with key of type [java.lang.InheritableThreadLocal] (value [java.lang.InheritableThreadLocal@13fc0bb]) and a value of type [org.pentaho.platform.engine.security.session.TrustedSystemStartupSession] (value [org.pentaho.platform.engine.security.session.TrustedSystemStartupSession@187275d]) but failed to remove it when the web application was stopped. This is very likely to create a memory leak.
16-jun-2011 2:38:43 org.apache.catalina.loader.WebappClassLoader clearThreadLocalMap
GRAVE: The web application [/pentaho] created a ThreadLocal with key of type [java.lang.InheritableThreadLocal] (value [java.lang.InheritableThreadLocal@13fc0bb]) and a value of type [org.pentaho.platform.engine.security.session.TrustedSystemStartupSession] (value [org.pentaho.platform.engine.security.session.TrustedSystemStartupSession@187275d]) but failed to remove it when the web application was stopped. This is very likely to create a memory leak.
16-jun-2011 2:38:43 org.apache.catalina.loader.WebappClassLoader clearThreadLocalMap
GRAVE: The web application [/pentaho] created a ThreadLocal with key of type [java.lang.InheritableThreadLocal] (value [java.lang.InheritableThreadLocal@13fc0bb]) and a value of type [org.pentaho.platform.engine.security.session.TrustedSystemStartupSession] (value [org.pentaho.platform.engine.security.session.TrustedSystemStartupSession@187275d]) but failed to remove it when the web application was stopped. This is very likely to create a memory leak.
16-jun-2011 2:38:43 org.apache.catalina.loader.WebappClassLoader clearThreadLocalMap
GRAVE: The web application [/pentaho] created a ThreadLocal with key of type [java.lang.InheritableThreadLocal] (value [java.lang.InheritableThreadLocal@13fc0bb]) and a value of type [org.pentaho.platform.engine.security.session.TrustedSystemStartupSession] (value [org.pentaho.platform.engine.security.session.TrustedSystemStartupSession@187275d]) but failed to remove it when the web application was stopped. This is very likely to create a memory leak.
16-jun-2011 2:38:43 org.apache.catalina.loader.WebappClassLoader clearThreadLocalMap
GRAVE: The web application [/pentaho] created a ThreadLocal with key of type [java.lang.InheritableThreadLocal] (value [java.lang.InheritableThreadLocal@13fc0bb]) and a value of type [org.pentaho.platform.engine.security.session.TrustedSystemStartupSession] (value [org.pentaho.platform.engine.security.session.TrustedSystemStartupSession@187275d]) but failed to remove it when the web application was stopped. This is very likely to create a memory leak.
16-jun-2011 2:38:43 org.apache.catalina.loader.WebappClassLoader clearThreadLocalMap
GRAVE: The web application [/pentaho] created a ThreadLocal with key of type [java.lang.InheritableThreadLocal] (value [java.lang.InheritableThreadLocal@13fc0bb]) and a value of type [org.pentaho.platform.engine.security.session.TrustedSystemStartupSession] (value [org.pentaho.platform.engine.security.session.TrustedSystemStartupSession@187275d]) but failed to remove it when the web application was stopped. This is very likely to create a memory leak.
16-jun-2011 2:38:43 org.apache.catalina.loader.WebappClassLoader clearThreadLocalMap
GRAVE: The web application [/pentaho] created a ThreadLocal with key of type [java.lang.InheritableThreadLocal] (value [java.lang.InheritableThreadLocal@13fc0bb]) and a value of type [org.pentaho.platform.engine.security.session.TrustedSystemStartupSession] (value [org.pentaho.platform.engine.security.session.TrustedSystemStartupSession@187275d]) but failed to remove it when the web application was stopped. This is very likely to create a memory leak.
