29-jun-2011 0:27:44 org.apache.catalina.core.StandardContext listenerStart
GRAVE: Error configurando escuchador de aplicación de clase mondrian.web.taglib.Listener
java.lang.ClassNotFoundException: mondrian.web.taglib.Listener
	at org.apache.catalina.loader.WebappClassLoader.loadClass(WebappClassLoader.java:1645)
	at org.apache.catalina.loader.WebappClassLoader.loadClass(WebappClassLoader.java:1491)
	at org.apache.catalina.core.StandardContext.listenerStart(StandardContext.java:4078)
	at org.apache.catalina.core.StandardContext.start(StandardContext.java:4630)
	at org.apache.catalina.startup.HostConfig.checkResources(HostConfig.java:1244)
	at org.apache.catalina.startup.HostConfig.check(HostConfig.java:1342)
	at org.apache.catalina.startup.HostConfig.lifecycleEvent(HostConfig.java:303)
	at org.apache.catalina.util.LifecycleSupport.fireLifecycleEvent(LifecycleSupport.java:119)
	at org.apache.catalina.core.ContainerBase.backgroundProcess(ContainerBase.java:1337)
	at org.apache.catalina.core.ContainerBase$ContainerBackgroundProcessor.processChildren(ContainerBase.java:1601)
	at org.apache.catalina.core.ContainerBase$ContainerBackgroundProcessor.processChildren(ContainerBase.java:1610)
	at org.apache.catalina.core.ContainerBase$ContainerBackgroundProcessor.run(ContainerBase.java:1590)
	at java.lang.Thread.run(Thread.java:662)
29-jun-2011 0:27:44 org.apache.catalina.core.StandardContext listenerStart
GRAVE: Error configurando escuchador de aplicación de clase com.tonbeller.tbutils.res.ResourcesFactoryContextListener
java.lang.ClassNotFoundException: com.tonbeller.tbutils.res.ResourcesFactoryContextListener
	at org.apache.catalina.loader.WebappClassLoader.loadClass(WebappClassLoader.java:1645)
	at org.apache.catalina.loader.WebappClassLoader.loadClass(WebappClassLoader.java:1491)
	at org.apache.catalina.core.StandardContext.listenerStart(StandardContext.java:4078)
	at org.apache.catalina.core.StandardContext.start(StandardContext.java:4630)
	at org.apache.catalina.startup.HostConfig.checkResources(HostConfig.java:1244)
	at org.apache.catalina.startup.HostConfig.check(HostConfig.java:1342)
	at org.apache.catalina.startup.HostConfig.lifecycleEvent(HostConfig.java:303)
	at org.apache.catalina.util.LifecycleSupport.fireLifecycleEvent(LifecycleSupport.java:119)
	at org.apache.catalina.core.ContainerBase.backgroundProcess(ContainerBase.java:1337)
	at org.apache.catalina.core.ContainerBase$ContainerBackgroundProcessor.processChildren(ContainerBase.java:1601)
	at org.apache.catalina.core.ContainerBase$ContainerBackgroundProcessor.processChildren(ContainerBase.java:1610)
	at org.apache.catalina.core.ContainerBase$ContainerBackgroundProcessor.run(ContainerBase.java:1590)
	at java.lang.Thread.run(Thread.java:662)
29-jun-2011 0:27:44 org.apache.catalina.core.StandardContext listenerStart
GRAVE: Se ha saltado la instalación de escuchadores de aplicación debido a error(es) previo(s)
29-jun-2011 0:32:56 org.apache.catalina.core.ApplicationContext log
INFO: Initializing Spring root WebApplicationContext
29-jun-2011 1:04:40 org.apache.catalina.core.ApplicationContext log
INFO: Initializing Spring root WebApplicationContext
29-jun-2011 1:08:57 org.apache.catalina.core.ApplicationContext log
INFO: Initializing Spring root WebApplicationContext
29-jun-2011 1:14:48 org.apache.catalina.core.ApplicationContext log
INFO: Initializing Spring root WebApplicationContext
29-jun-2011 3:34:38 org.apache.catalina.core.ApplicationContext log
INFO: Closing Spring root WebApplicationContext
29-jun-2011 3:41:28 org.apache.catalina.core.ApplicationContext log
INFO: Initializing Spring root WebApplicationContext
29-jun-2011 4:21:14 org.apache.catalina.core.ApplicationContext log
INFO: Closing Spring root WebApplicationContext
29-jun-2011 18:20:15 org.apache.catalina.core.ApplicationContext log
INFO: Initializing Spring root WebApplicationContext
29-jun-2011 18:21:53 org.apache.catalina.core.ApplicationContext log
INFO: Initializing Spring root WebApplicationContext
